#
# A fatal error has been detected by the Java Runtime Environment:
#
#  SIGSEGV (0xb) at pc=0x0000000117e5452c, pid=54006, tid=0x000000000000b12b
#
# JRE version: Java(TM) SE Runtime Environment (8.0_131-b11) (build 1.8.0_131-b11)
# Java VM: Java HotSpot(TM) 64-Bit Server VM (25.131-b11 mixed mode bsd-amd64 compressed oops)
# Problematic frame:
# C  [sqlite-3.8.6-x86_64-libsqlitejdbc.jnilib+0xc52c]  Java_org_sqlite_core_NativeDB_restore+0x9a3c
#
# Failed to write core dump. Core dumps have been disabled. To enable core dumping, try "ulimit -c unlimited" before starting Java again
#
# If you would like to submit a bug report, please visit:
#   http://bugreport.java.com/bugreport/crash.jsp
# The crash happened outside the Java Virtual Machine in native code.
# See problematic frame for where to report the bug.
#

---------------  T H R E A D  ---------------

Current thread (0x00007fabbd7a9000):  JavaThread "Secondary finalizer" [_thread_in_native, id=45355, stack(0x0000700009e7e000,0x0000700009f7e000)]

siginfo: si_signo: 11 (SIGSEGV), si_code: 0 (unknown), si_addr: 0x0000000000000000

Registers:
RAX=0xe000000000000000, RBX=0x00007fabbb1d6170, RCX=0x00000001026233a0, RDX=0x00007fabbb1d6170
RSP=0x0000700009f7d5f0, RBP=0x0000700009f7d610, RSI=0x0000700009f7d6c0, RDI=0x00007fabbb1d6170
R8 =0x00007fabc3300948, R9 =0xffffffff00000000, R10=0x0000000102e04463, R11=0x00000001022e4dcb
R12=0x0000000000000000, R13=0x0000000119f73b68, R14=0x0000000000000000, R15=0x00007fabbd7a9000
RIP=0x0000000117e5452c, EFLAGS=0x0000000000010202, ERR=0x0000000000000000
  TRAPNO=0x000000000000000d

Top of Stack: (sp=0x0000700009f7d5f0)
0x0000700009f7d5f0:   0000000117e49a00 0000000119f73b68
0x0000700009f7d600:   0000700009f7d6c0 00007fabbd7a9000
0x0000700009f7d610:   0000700009f7d690 0000000102e0448f
0x0000700009f7d620:   0000700009f7d690 0000000102e04245
0x0000700009f7d630:   0000700009f7d650 0000000102e04211
0x0000700009f7d640:   0000000000000003 00000007871741e8
0x0000700009f7d650:   0000700009f7d640 0000000119f73b68
0x0000700009f7d660:   0000700009f7d6c0 0000000119fa0638
0x0000700009f7d670:   0000000000000000 0000000119f73b68
0x0000700009f7d680:   0000000000000000 0000700009f7d6b0
0x0000700009f7d690:   0000700009f7d708 0000000102df3d00
0x0000700009f7d6a0:   0000000000000000 0000000102dfd536
0x0000700009f7d6b0:   00007fabbb1d6170 00007fabbb1d6170
0x0000700009f7d6c0:   00000007871741e8 0000700009f7d6c8
0x0000700009f7d6d0:   0000000119fab2a4 0000700009f7d718
0x0000700009f7d6e0:   0000000119fb9678 0000000000000000
0x0000700009f7d6f0:   0000000119fab2e8 0000700009f7d6b0
0x0000700009f7d700:   0000700009f7d718 0000700009f7d760
0x0000700009f7d710:   0000000102df42bd 0000000787174310
0x0000700009f7d720:   0000700009f7d720 0000000119faa59a
0x0000700009f7d730:   0000700009f7d778 0000000119fb8b68
0x0000700009f7d740:   0000000000000000 0000000119faa5f0
0x0000700009f7d750:   0000700009f7d718 0000700009f7d778
0x0000700009f7d760:   0000700009f7d7c0 0000000102df42bd
0x0000700009f7d770:   0000000000000000 00000007871742d8
0x0000700009f7d780:   0000700009f7d780 0000000119fa79c1
0x0000700009f7d790:   0000700009f7d7d0 0000000119fb8e50
0x0000700009f7d7a0:   0000000000000000 0000000119fa79e0
0x0000700009f7d7b0:   0000700009f7d778 0000700009f7d7d0
0x0000700009f7d7c0:   0000700009f7d818 0000000102df42bd
0x0000700009f7d7d0:   00000007871742d8 0000700009f7d7d8
0x0000700009f7d7e0:   0000000119fa7a81 0000700009f7d828 

Instructions: (pc=0x0000000117e5452c)
0x0000000117e5450c:   1f 44 00 00 55 48 89 e5 41 57 41 56 53 50 48 89
0x0000000117e5451c:   fb 45 31 f6 48 85 db 0f 84 b4 00 00 00 48 8b 03
0x0000000117e5452c:   48 8b 78 18 48 85 ff 74 06 ff 15 45 b2 0f 00 48
0x0000000117e5453c:   89 df e8 ad 00 00 00 41 89 c6 c7 83 80 00 00 00 

Register to memory mapping:

RAX=0xe000000000000000 is an unknown value
RBX=0x00007fabbb1d6170 is an unknown value
RCX=0x00000001026233a0: UseMembar+0 in /Library/Java/JavaVirtualMachines/jdk1.8.0_131.jdk/Contents/Home/jre/lib/server/libjvm.dylib at 0x0000000101e00000
RDX=0x00007fabbb1d6170 is an unknown value
RSP=0x0000700009f7d5f0 is pointing into the stack for thread: 0x00007fabbd7a9000
RBP=0x0000700009f7d610 is pointing into the stack for thread: 0x00007fabbd7a9000
RSI=0x0000700009f7d6c0 is pointing into the stack for thread: 0x00007fabbd7a9000
RDI=0x00007fabbb1d6170 is an unknown value
R8 =0x00007fabc3300948 is an unknown value
R9 =0xffffffff00000000 is an unknown value
R10=0x0000000102e04463 is at code_begin+1187 in an Interpreter codelet
method entry point (kind = native_synchronized)  [0x0000000102e03fc0, 0x0000000102e04a40]  2688 bytes
R11=0x00000001022e4dcb: throw_unsatisfied_link_error+0 in /Library/Java/JavaVirtualMachines/jdk1.8.0_131.jdk/Contents/Home/jre/lib/server/libjvm.dylib at 0x0000000101e00000
R12=0x0000000000000000 is an unknown value
R13={method} {0x0000000119f73b68} 'reset' '(J)I' in 'org/sqlite/core/NativeDB'
R14=0x0000000000000000 is an unknown value
R15=0x00007fabbd7a9000 is a thread


Stack: [0x0000700009e7e000,0x0000700009f7e000],  sp=0x0000700009f7d5f0,  free space=1021k
Native frames: (J=compiled Java code, j=interpreted, Vv=VM code, C=native code)
C  [sqlite-3.8.6-x86_64-libsqlitejdbc.jnilib+0xc52c]  Java_org_sqlite_core_NativeDB_restore+0x9a3c
j  org.sqlite.core.NativeDB.reset(J)I+0
j  org.sqlite.core.CoreResultSet.close()V+76
j  org.sqlite.core.CoreStatement.internalClose()V+34
j  org.sqlite.jdbc3.JDBC3Statement.close()V+33
j  org.sqlite.jdbc3.JDBC3Statement.finalize()V+1
J 4026 C2 java.lang.ref.Finalizer.access$100(Ljava/lang/ref/Finalizer;Lsun/misc/JavaLangAccess;)V (6 bytes) @ 0x0000000103241efc [0x0000000103241d20+0x1dc]
j  java.lang.ref.Finalizer$2.run()V+36
j  java.lang.Thread.run()V+11
v  ~StubRoutines::call_stub
V  [libjvm.dylib+0x2ee5b6]  JavaCalls::call_helper(JavaValue*, methodHandle*, JavaCallArguments*, Thread*)+0x6ae
V  [libjvm.dylib+0x2eed5a]  JavaCalls::call_virtual(JavaValue*, KlassHandle, Symbol*, Symbol*, JavaCallArguments*, Thread*)+0x164
V  [libjvm.dylib+0x2eef06]  JavaCalls::call_virtual(JavaValue*, Handle, KlassHandle, Symbol*, Symbol*, Thread*)+0x4a
V  [libjvm.dylib+0x34965d]  thread_entry(JavaThread*, Thread*)+0x7c
V  [libjvm.dylib+0x56b87f]  JavaThread::thread_main_inner()+0x9b
V  [libjvm.dylib+0x56cf6c]  JavaThread::run()+0x1c2
V  [libjvm.dylib+0x48b376]  java_start(Thread*)+0xf6
C  [libsystem_pthread.dylib+0x3661]  _pthread_body+0x154
C  [libsystem_pthread.dylib+0x350d]  _pthread_body+0x0
C  [libsystem_pthread.dylib+0x2bf9]  thread_start+0xd
C  0x0000000000000000

Java frames: (J=compiled Java code, j=interpreted, Vv=VM code)
j  org.sqlite.core.NativeDB.reset(J)I+0
j  org.sqlite.core.CoreResultSet.close()V+76
j  org.sqlite.core.CoreStatement.internalClose()V+34
j  org.sqlite.jdbc3.JDBC3Statement.close()V+33
j  org.sqlite.jdbc3.JDBC3Statement.finalize()V+1
J 4026 C2 java.lang.ref.Finalizer.access$100(Ljava/lang/ref/Finalizer;Lsun/misc/JavaLangAccess;)V (6 bytes) @ 0x0000000103241efc [0x0000000103241d20+0x1dc]
j  java.lang.ref.Finalizer$2.run()V+36
j  java.lang.Thread.run()V+11
v  ~StubRoutines::call_stub

---------------  P R O C E S S  ---------------

Java Threads: ( => current thread )
=>0x00007fabbd7a9000 JavaThread "Secondary finalizer" [_thread_in_native, id=45355, stack(0x0000700009e7e000,0x0000700009f7e000)]
  0x00007fabbdf3e000 JavaThread "scala-execution-context-global-347" daemon [_thread_blocked, id=22571, stack(0x000070000b4c0000,0x000070000b5c0000)]
  0x00007fabbe701000 JavaThread "scala-execution-context-global-346" daemon [_thread_blocked, id=45087, stack(0x000070000b3bd000,0x000070000b4bd000)]
  0x00007fabc4303000 JavaThread "scala-execution-context-global-345" daemon [_thread_blocked, id=32523, stack(0x000070000b2ba000,0x000070000b3ba000)]
  0x00007fabc42f6000 JavaThread "scala-execution-context-global-344" daemon [_thread_blocked, id=38719, stack(0x000070000b1b7000,0x000070000b2b7000)]
  0x00007fabc1ee4800 JavaThread "scala-execution-context-global-343" daemon [_thread_blocked, id=44571, stack(0x000070000b0b4000,0x000070000b1b4000)]
  0x00007fabc040f000 JavaThread "scala-execution-context-global-342" daemon [_thread_blocked, id=87095, stack(0x000070000afb1000,0x000070000b0b1000)]
  0x00007fabc1e1e800 JavaThread "scala-execution-context-global-341" daemon [_thread_blocked, id=86811, stack(0x000070000aeae000,0x000070000afae000)]
  0x00007fabc3878000 JavaThread "scala-execution-context-global-340" daemon [_thread_blocked, id=31775, stack(0x0000700009b75000,0x0000700009c75000)]
  0x00007fabc0de2800 JavaThread "play-dev-mode-akka.actor.default-dispatcher-12" [_thread_blocked, id=33031, stack(0x0000700009d7b000,0x0000700009e7b000)]
  0x00007fabc3c44000 JavaThread "play-dev-mode-akka.actor.default-dispatcher-11" [_thread_blocked, id=39435, stack(0x000070000996f000,0x0000700009a6f000)]
  0x00007fabc1c85800 JavaThread "play-dev-mode-akka.actor.default-dispatcher-10" [_thread_blocked, id=25103, stack(0x0000700009769000,0x0000700009869000)]
  0x00007fabc1527800 JavaThread "com.google.common.base.internal.Finalizer" daemon [_thread_blocked, id=42839, stack(0x0000700009a72000,0x0000700009b72000)]
  0x00007fabbd5fa000 JavaThread "application-akka.actor.default-dispatcher-2" [_thread_blocked, id=24839, stack(0x0000700009666000,0x0000700009766000)]
  0x00007fabbe8d4800 JavaThread "application-scheduler-1" [_thread_blocked, id=40779, stack(0x0000700009563000,0x0000700009663000)]
  0x00007fabbd4f6000 JavaThread "HikariPool-6 housekeeper" daemon [_thread_blocked, id=85015, stack(0x0000700009460000,0x0000700009560000)]
  0x00007fabc4078800 JavaThread "AsyncAppender-Worker-ASYNCSTDOUT" daemon [_thread_blocked, id=22831, stack(0x000070000925a000,0x000070000935a000)]
  0x00007fabbe700000 JavaThread "AsyncAppender-Worker-ASYNCFILE" daemon [_thread_blocked, id=22307, stack(0x0000700009054000,0x0000700009154000)]
  0x00007fabbd903800 JavaThread "play-dev-mode-akka.actor.default-dispatcher-6" [_thread_blocked, id=33543, stack(0x0000700009c78000,0x0000700009d78000)]
  0x00007fabc00f0800 JavaThread "play-dev-mode-akka.io.pinned-dispatcher-5" [_thread_in_native, id=30211, stack(0x000070000a99f000,0x000070000aa9f000)]
  0x00007fabc123c000 JavaThread "play-dev-mode-scheduler-1" [_thread_blocked, id=34563, stack(0x000070000a593000,0x000070000a693000)]
  0x00007fabc1563000 JavaThread "reloader-timer" daemon [_thread_blocked, id=29187, stack(0x000070000a490000,0x000070000a590000)]
  0x00007fabc1be2800 JavaThread "play-watch-service" daemon [_thread_blocked, id=28675, stack(0x000070000a38d000,0x000070000a48d000)]
  0x00007fabc1c12800 JavaThread "WatchService for /Users/bingerso/GitHub-Projects/csc750-project2/bingers-project2/app" daemon [_thread_in_native, id=27395, stack(0x000070000a28a000,0x000070000a38a000)]
  0x00007fabbb888000 JavaThread "WatchService for /Users/bingerso/GitHub-Projects/csc750-project2/bingers-project2/conf" daemon [_thread_in_native, id=37379, stack(0x000070000a187000,0x000070000a287000)]
  0x00007fabc1566000 JavaThread "WatchService for /Users/bingerso/GitHub-Projects/csc750-project2/bingers-project2/public" daemon [_thread_in_native, id=4107, stack(0x000070000986c000,0x000070000996c000)]
  0x00007fabc1551000 JavaThread "pool-5-thread-2" [_thread_in_native, id=40975, stack(0x000070000935d000,0x000070000945d000)]
  0x00007fabc2cde800 JavaThread "sbt-web-akka.actor.default-dispatcher-3" [_thread_blocked, id=24331, stack(0x0000700009157000,0x0000700009257000)]
  0x00007fabbbaf7000 JavaThread "sbt-web-scheduler-1" [_thread_blocked, id=41231, stack(0x0000700008f51000,0x0000700009051000)]
  0x00007fabbab5e000 JavaThread "Log4j2-TF-1-AsyncLogger[AsyncContext@5702b3b1]-1" daemon [_thread_blocked, id=43267, stack(0x0000700008e23000,0x0000700008f23000)]
  0x00007fabbc034000 JavaThread "Service Thread" daemon [_thread_blocked, id=17155, stack(0x0000700008c1d000,0x0000700008d1d000)]
  0x00007fabbc070800 JavaThread "C1 CompilerThread3" daemon [_thread_blocked, id=17667, stack(0x0000700008b1a000,0x0000700008c1a000)]
  0x00007fabba80c800 JavaThread "C2 CompilerThread2" daemon [_thread_in_native, id=16387, stack(0x0000700008a17000,0x0000700008b17000)]
  0x00007fabbd00d000 JavaThread "C2 CompilerThread1" daemon [_thread_blocked, id=18179, stack(0x0000700008914000,0x0000700008a14000)]
  0x00007fabbd023000 JavaThread "C2 CompilerThread0" daemon [_thread_blocked, id=18435, stack(0x0000700008811000,0x0000700008911000)]
  0x00007fabbd00c800 JavaThread "Signal Dispatcher" daemon [_thread_blocked, id=15371, stack(0x000070000870e000,0x000070000880e000)]
  0x00007fabbb80e800 JavaThread "Finalizer" daemon [_thread_blocked, id=13571, stack(0x000070000860b000,0x000070000870b000)]
  0x00007fabbb80c000 JavaThread "Reference Handler" daemon [_thread_blocked, id=20483, stack(0x0000700008508000,0x0000700008608000)]
  0x00007fabbd001800 JavaThread "main" [_thread_blocked, id=10243, stack(0x0000700007aea000,0x0000700007bea000)]

Other Threads:
  0x00007fabbd022800 VMThread [stack: 0x0000700008405000,0x0000700008505000] [id=13059]
  0x00007fabbc08a800 WatcherThread [stack: 0x0000700008d20000,0x0000700008e20000] [id=16643]

VM state:not at safepoint (normal execution)

VM Mutex/Monitor currently owned by a thread: None

Heap:
 PSYoungGen      total 303616K, used 427K [0x00000007aab00000, 0x00000007c0000000, 0x00000007c0000000)
  eden space 254976K, 0% used [0x00000007aab00000,0x00000007aab6ae68,0x00000007ba400000)
  from space 48640K, 0% used [0x00000007bd080000,0x00000007bd080000,0x00000007c0000000)
  to   space 45568K, 0% used [0x00000007ba400000,0x00000007ba400000,0x00000007bd080000)
 ParOldGen       total 699392K, used 132076K [0x0000000780000000, 0x00000007aab00000, 0x00000007aab00000)
  object space 699392K, 18% used [0x0000000780000000,0x00000007880fb208,0x00000007aab00000)
 Metaspace       used 168955K, capacity 190075K, committed 191104K, reserved 1216512K
  class space    used 23074K, capacity 24400K, committed 24448K, reserved 1048576K

Card table byte_map: [0x000000010afec000,0x000000010b1ed000] byte_map_base: 0x00000001073ec000

Marking Bits: (ParMarkBitMap*) 0x00000001026f1ea0
 Begin Bits: [0x000000010b644000, 0x000000010c644000)
 End Bits:   [0x000000010c644000, 0x000000010d644000)

Polling page: 0x0000000100df5000

CodeCache: size=131072Kb used=55908Kb max_used=55926Kb free=75163Kb
 bounds [0x0000000102dec000, 0x00000001064ec000, 0x000000010adec000]
 total_blobs=19047 nmethods=18258 adapters=697
 compilation: enabled

Compilation events (10 events):
Event: 501.288 Thread 0x00007fabbc070800 22453       1       scala.collection.mutable.LinkedHashSet::_loadFactor (5 bytes)
Event: 501.289 Thread 0x00007fabbc070800 nmethod 22453 0x00000001064d8f90 code [0x00000001064d90e0, 0x00000001064d91f0]
Event: 501.291 Thread 0x00007fabbd023000 22456       4       scala.collection.mutable.HashSet::foreach (47 bytes)
Event: 501.294 Thread 0x00007fabbd023000 nmethod 22456 0x00000001064dd4d0 code [0x00000001064dd620, 0x00000001064dd778]
Event: 501.294 Thread 0x00007fabbd00d000 nmethod 22455 0x00000001064da090 code [0x00000001064da220, 0x00000001064da458]
Event: 501.302 Thread 0x00007fabbc070800 22457       3       sbt.util.CacheImplicits$::LongJsonFormat (16 bytes)
Event: 501.302 Thread 0x00007fabbc070800 nmethod 22457 0x00000001064d9790 code [0x00000001064d9920, 0x00000001064d9e90]
Event: 501.305 Thread 0x00007fabbc070800 22458   !   3       java.lang.Thread::interrupt (56 bytes)
Event: 501.742 Thread 0x00007fabbc070800 nmethod 22458 0x00000001064dc910 code [0x00000001064dcae0, 0x00000001064dd238]
Event: 501.742 Thread 0x00007fabbd023000 22460   !   4       java.util.zip.Inflater::end (50 bytes)

GC Heap History (10 events):
Event: 313.427 GC heap before
{Heap before GC invocations=39 (full 12):
 PSYoungGen      total 295936K, used 243712K [0x00000007aab00000, 0x00000007c0000000, 0x00000007c0000000)
  eden space 243712K, 100% used [0x00000007aab00000,0x00000007b9900000,0x00000007b9900000)
  from space 52224K, 0% used [0x00000007bcd00000,0x00000007bcd00000,0x00000007c0000000)
  to   space 52736K, 0% used [0x00000007b9900000,0x00000007b9900000,0x00000007bcc80000)
 ParOldGen       total 699392K, used 127371K [0x0000000780000000, 0x00000007aab00000, 0x00000007aab00000)
  object space 699392K, 18% used [0x0000000780000000,0x0000000787c62db0,0x00000007aab00000)
 Metaspace       used 168514K, capacity 189555K, committed 189696K, reserved 1214464K
  class space    used 23041K, capacity 24302K, committed 24320K, reserved 1048576K
Event: 313.433 GC heap after
Heap after GC invocations=39 (full 12):
 PSYoungGen      total 296448K, used 2896K [0x00000007aab00000, 0x00000007c0000000, 0x00000007c0000000)
  eden space 243712K, 0% used [0x00000007aab00000,0x00000007aab00000,0x00000007b9900000)
  from space 52736K, 5% used [0x00000007b9900000,0x00000007b9bd4030,0x00000007bcc80000)
  to   space 52224K, 0% used [0x00000007bcd00000,0x00000007bcd00000,0x00000007c0000000)
 ParOldGen       total 699392K, used 127379K [0x0000000780000000, 0x00000007aab00000, 0x00000007aab00000)
  object space 699392K, 18% used [0x0000000780000000,0x0000000787c64db0,0x00000007aab00000)
 Metaspace       used 168514K, capacity 189555K, committed 189696K, reserved 1214464K
  class space    used 23041K, capacity 24302K, committed 24320K, reserved 1048576K
}
Event: 338.518 GC heap before
{Heap before GC invocations=40 (full 12):
 PSYoungGen      total 296448K, used 238455K [0x00000007aab00000, 0x00000007c0000000, 0x00000007c0000000)
  eden space 243712K, 96% used [0x00000007aab00000,0x00000007b9109bd8,0x00000007b9900000)
  from space 52736K, 5% used [0x00000007b9900000,0x00000007b9bd4030,0x00000007bcc80000)
  to   space 52224K, 0% used [0x00000007bcd00000,0x00000007bcd00000,0x00000007c0000000)
 ParOldGen       total 699392K, used 127379K [0x0000000780000000, 0x00000007aab00000, 0x00000007aab00000)
  object space 699392K, 18% used [0x0000000780000000,0x0000000787c64db0,0x00000007aab00000)
 Metaspace       used 168702K, capacity 189717K, committed 189824K, reserved 1214464K
  class space    used 23056K, capacity 24351K, committed 24448K, reserved 1048576K
Event: 338.526 GC heap after
Heap after GC invocations=40 (full 12):
 PSYoungGen      total 299008K, used 9599K [0x00000007aab00000, 0x00000007c0000000, 0x00000007c0000000)
  eden space 246784K, 0% used [0x00000007aab00000,0x00000007aab00000,0x00000007b9c00000)
  from space 52224K, 18% used [0x00000007bcd00000,0x00000007bd65fc08,0x00000007c0000000)
  to   space 50176K, 0% used [0x00000007b9c00000,0x00000007b9c00000,0x00000007bcd00000)
 ParOldGen       total 699392K, used 127387K [0x0000000780000000, 0x00000007aab00000, 0x00000007aab00000)
  object space 699392K, 18% used [0x0000000780000000,0x0000000787c66db0,0x00000007aab00000)
 Metaspace       used 168702K, capacity 189717K, committed 189824K, reserved 1214464K
  class space    used 23056K, capacity 24351K, committed 24448K, reserved 1048576K
}
Event: 500.972 GC heap before
{Heap before GC invocations=41 (full 12):
 PSYoungGen      total 299008K, used 253203K [0x00000007aab00000, 0x00000007c0000000, 0x00000007c0000000)
  eden space 246784K, 98% used [0x00000007aab00000,0x00000007b98e5280,0x00000007b9c00000)
  from space 52224K, 18% used [0x00000007bcd00000,0x00000007bd65fc08,0x00000007c0000000)
  to   space 50176K, 0% used [0x00000007b9c00000,0x00000007b9c00000,0x00000007bcd00000)
 ParOldGen       total 699392K, used 127387K [0x0000000780000000, 0x00000007aab00000, 0x00000007aab00000)
  object space 699392K, 18% used [0x0000000780000000,0x0000000787c66db0,0x00000007aab00000)
 Metaspace       used 169132K, capacity 190219K, committed 190336K, reserved 1214464K
  class space    used 23078K, capacity 24405K, committed 24448K, reserved 1048576K
Event: 500.979 GC heap after
Heap after GC invocations=41 (full 12):
 PSYoungGen      total 296960K, used 6112K [0x00000007aab00000, 0x00000007c0000000, 0x00000007c0000000)
  eden space 246784K, 0% used [0x00000007aab00000,0x00000007aab00000,0x00000007b9c00000)
  from space 50176K, 12% used [0x00000007b9c00000,0x00000007ba1f8168,0x00000007bcd00000)
  to   space 48640K, 0% used [0x00000007bd080000,0x00000007bd080000,0x00000007c0000000)
 ParOldGen       total 699392K, used 127395K [0x0000000780000000, 0x00000007aab00000, 0x00000007aab00000)
  object space 699392K, 18% used [0x0000000780000000,0x0000000787c68db0,0x00000007aab00000)
 Metaspace       used 169132K, capacity 190219K, committed 190336K, reserved 1214464K
  class space    used 23078K, capacity 24405K, committed 24448K, reserved 1048576K
}
Event: 501.306 GC heap before
{Heap before GC invocations=42 (full 12):
 PSYoungGen      total 296960K, used 209144K [0x00000007aab00000, 0x00000007c0000000, 0x00000007c0000000)
  eden space 246784K, 82% used [0x00000007aab00000,0x00000007b7146160,0x00000007b9c00000)
  from space 50176K, 12% used [0x00000007b9c00000,0x00000007ba1f8168,0x00000007bcd00000)
  to   space 48640K, 0% used [0x00000007bd080000,0x00000007bd080000,0x00000007c0000000)
 ParOldGen       total 699392K, used 127395K [0x0000000780000000, 0x00000007aab00000, 0x00000007aab00000)
  object space 699392K, 18% used [0x0000000780000000,0x0000000787c68db0,0x00000007aab00000)
 Metaspace       used 169891K, capacity 191049K, committed 191104K, reserved 1216512K
  class space    used 23115K, capacity 24446K, committed 24448K, reserved 1048576K
Event: 501.328 GC heap after
Heap after GC invocations=42 (full 12):
 PSYoungGen      total 303616K, used 14593K [0x00000007aab00000, 0x00000007c0000000, 0x00000007c0000000)
  eden space 254976K, 0% used [0x00000007aab00000,0x00000007aab00000,0x00000007ba400000)
  from space 48640K, 30% used [0x00000007bd080000,0x00000007bdec0480,0x00000007c0000000)
  to   space 45568K, 0% used [0x00000007ba400000,0x00000007ba400000,0x00000007bd080000)
 ParOldGen       total 699392K, used 127403K [0x0000000780000000, 0x00000007aab00000, 0x00000007aab00000)
  object space 699392K, 18% used [0x0000000780000000,0x0000000787c6adb0,0x00000007aab00000)
 Metaspace       used 169891K, capacity 191049K, committed 191104K, reserved 1216512K
  class space    used 23115K, capacity 24446K, committed 24448K, reserved 1048576K
}
Event: 501.328 GC heap before
{Heap before GC invocations=43 (full 13):
 PSYoungGen      total 303616K, used 14593K [0x00000007aab00000, 0x00000007c0000000, 0x00000007c0000000)
  eden space 254976K, 0% used [0x00000007aab00000,0x00000007aab00000,0x00000007ba400000)
  from space 48640K, 30% used [0x00000007bd080000,0x00000007bdec0480,0x00000007c0000000)
  to   space 45568K, 0% used [0x00000007ba400000,0x00000007ba400000,0x00000007bd080000)
 ParOldGen       total 699392K, used 127403K [0x0000000780000000, 0x00000007aab00000, 0x00000007aab00000)
  object space 699392K, 18% used [0x0000000780000000,0x0000000787c6adb0,0x00000007aab00000)
 Metaspace       used 169891K, capacity 191049K, committed 191104K, reserved 1216512K
  class space    used 23115K, capacity 24446K, committed 24448K, reserved 1048576K
Event: 501.741 GC heap after
Heap after GC invocations=43 (full 13):
 PSYoungGen      total 303616K, used 0K [0x00000007aab00000, 0x00000007c0000000, 0x00000007c0000000)
  eden space 254976K, 0% used [0x00000007aab00000,0x00000007aab00000,0x00000007ba400000)
  from space 48640K, 0% used [0x00000007bd080000,0x00000007bd080000,0x00000007c0000000)
  to   space 45568K, 0% used [0x00000007ba400000,0x00000007ba400000,0x00000007bd080000)
 ParOldGen       total 699392K, used 132076K [0x0000000780000000, 0x00000007aab00000, 0x00000007aab00000)
  object space 699392K, 18% used [0x0000000780000000,0x00000007880fb208,0x00000007aab00000)
 Metaspace       used 168955K, capacity 190075K, committed 191104K, reserved 1216512K
  class space    used 23074K, capacity 24400K, committed 24448K, reserved 1048576K
}

Deoptimization events (10 events):
Event: 338.392 Thread 0x00007fabbda7f000 Uncommon trap: reason=class_check action=maybe_recompile pc=0x0000000103c25b38 method=scala.collection.IndexedSeqLike.thisCollection()Lscala/collection/IndexedSeq; @ 1
Event: 338.392 Thread 0x00007fabbda7f000 Uncommon trap: reason=class_check action=maybe_recompile pc=0x0000000103c25b38 method=scala.collection.IndexedSeqLike.thisCollection()Lscala/collection/IndexedSeq; @ 1
Event: 338.392 Thread 0x00007fabbda7f000 Uncommon trap: reason=class_check action=maybe_recompile pc=0x0000000103c25b38 method=scala.collection.IndexedSeqLike.thisCollection()Lscala/collection/IndexedSeq; @ 1
Event: 338.392 Thread 0x00007fabbda7f000 Uncommon trap: reason=class_check action=maybe_recompile pc=0x0000000103c25b38 method=scala.collection.IndexedSeqLike.thisCollection()Lscala/collection/IndexedSeq; @ 1
Event: 338.456 Thread 0x00007fabbd7a1000 Uncommon trap: reason=array_check action=maybe_recompile pc=0x0000000103f5c0f8 method=java.util.Arrays.fill([Ljava/lang/Object;Ljava/lang/Object;)V @ 13
Event: 338.804 Thread 0x00007fabbe975000 Uncommon trap: reason=unstable_if action=reinterpret pc=0x00000001033a94e0 method=java.lang.ThreadLocal$ThreadLocalMap.set(Ljava/lang/ThreadLocal;Ljava/lang/Object;)V @ 119
Event: 338.842 Thread 0x00007fabbd752800 Uncommon trap: reason=unstable_if action=reinterpret pc=0x000000010317ec24 method=java.util.concurrent.ConcurrentHashMap.addCount(JI)V @ 34
Event: 338.842 Thread 0x00007fabbd752800 Uncommon trap: reason=unstable_if action=reinterpret pc=0x00000001040cd7a8 method=java.util.concurrent.ConcurrentHashMap.addCount(JI)V @ 7
Event: 338.842 Thread 0x00007fabbde8c000 Uncommon trap: reason=unstable_if action=reinterpret pc=0x00000001040cd7a8 method=java.util.concurrent.ConcurrentHashMap.addCount(JI)V @ 7
Event: 501.197 Thread 0x00007fabc112b000 Uncommon trap: reason=unstable_if action=reinterpret pc=0x00000001047bacf4 method=com.sun.tools.javac.code.Scope.dble()V @ 113

Internal exceptions (10 events):
Event: 501.170 Thread 0x00007fabc112b000 Exception <a 'java/io/FileNotFoundException'> (0x00000007b6111738) thrown at [/Users/java_re/workspace/8-2-build-macosx-x86_64/jdk8u131/8869/hotspot/src/share/vm/prims/jni.cpp, line 709]
Event: 501.170 Thread 0x00007fabc112b000 Exception <a 'java/io/FileNotFoundException'> (0x00000007b61134f8) thrown at [/Users/java_re/workspace/8-2-build-macosx-x86_64/jdk8u131/8869/hotspot/src/share/vm/prims/jni.cpp, line 709]
Event: 501.218 Thread 0x00007fabc112b000 Exception <a 'java/security/PrivilegedActionException'> (0x00000007b67f5388) thrown at [/Users/java_re/workspace/8-2-build-macosx-x86_64/jdk8u131/8869/hotspot/src/share/vm/prims/jvm.cpp, line 1390]
Event: 501.218 Thread 0x00007fabc112b000 Exception <a 'java/security/PrivilegedActionException'> (0x00000007b67f5968) thrown at [/Users/java_re/workspace/8-2-build-macosx-x86_64/jdk8u131/8869/hotspot/src/share/vm/prims/jvm.cpp, line 1390]
Event: 501.218 Thread 0x00007fabc112b000 Exception <a 'java/security/PrivilegedActionException'> (0x00000007b67f9438) thrown at [/Users/java_re/workspace/8-2-build-macosx-x86_64/jdk8u131/8869/hotspot/src/share/vm/prims/jvm.cpp, line 1390]
Event: 501.218 Thread 0x00007fabc112b000 Exception <a 'java/security/PrivilegedActionException'> (0x00000007b67fa258) thrown at [/Users/java_re/workspace/8-2-build-macosx-x86_64/jdk8u131/8869/hotspot/src/share/vm/prims/jvm.cpp, line 1390]
Event: 501.288 Thread 0x00007fabc112b000 Exception <a 'sun/nio/fs/UnixException'> (0x00000007b6ead480) thrown at [/Users/java_re/workspace/8-2-build-macosx-x86_64/jdk8u131/8869/hotspot/src/share/vm/prims/jni.cpp, line 709]
Event: 501.288 Thread 0x00007fabc112b000 Exception <a 'sun/nio/fs/UnixException'> (0x00000007b6eadd20) thrown at [/Users/java_re/workspace/8-2-build-macosx-x86_64/jdk8u131/8869/hotspot/src/share/vm/prims/jni.cpp, line 709]
Event: 501.288 Thread 0x00007fabc112b000 Exception <a 'sun/nio/fs/UnixException'> (0x00000007b6eaec78) thrown at [/Users/java_re/workspace/8-2-build-macosx-x86_64/jdk8u131/8869/hotspot/src/share/vm/prims/jni.cpp, line 709]
Event: 501.288 Thread 0x00007fabc112b000 Exception <a 'sun/nio/fs/UnixException'> (0x00000007b6eaf518) thrown at [/Users/java_re/workspace/8-2-build-macosx-x86_64/jdk8u131/8869/hotspot/src/share/vm/prims/jni.cpp, line 709]

Events (10 events):
Event: 501.305 Thread 0x00007fabbd52d000 Thread exited: 0x00007fabbd52d000
Event: 501.305 Thread 0x00007fabbda7f000 Thread exited: 0x00007fabbda7f000
Event: 501.305 Thread 0x00007fabc126c000 Thread exited: 0x00007fabc126c000
Event: 501.305 Thread 0x00007fabbb81d000 Thread exited: 0x00007fabbb81d000
Event: 501.305 Thread 0x00007fabc112b000 Thread exited: 0x00007fabc112b000
Event: 501.306 Executing VM operation: ParallelGCSystemGC
Event: 501.741 Executing VM operation: ParallelGCSystemGC done
Event: 501.741 Thread 0x00007fabc0a47000 Thread exited: 0x00007fabc0a47000
Event: 501.741 Thread 0x00007fabbd7a9000 Thread added: 0x00007fabbd7a9000
Event: 501.742 Thread 0x00007fabbc070800 flushing nmethod 0x0000000102f6c190


Dynamic libraries:
0x0000000017317000 	/System/Library/Frameworks/Cocoa.framework/Versions/A/Cocoa
0x0000000017317000 	/System/Library/Frameworks/Security.framework/Versions/A/Security
0x0000000017317000 	/System/Library/Frameworks/ApplicationServices.framework/Versions/A/ApplicationServices
0x0000000017317000 	/usr/lib/libz.1.dylib
0x0000000017317000 	/usr/lib/libSystem.B.dylib
0x0000000017317000 	/usr/lib/libobjc.A.dylib
0x0000000017317000 	/System/Library/Frameworks/CoreFoundation.framework/Versions/A/CoreFoundation
0x0000000017317000 	/System/Library/Frameworks/Foundation.framework/Versions/C/Foundation
0x0000000017317000 	/System/Library/Frameworks/AppKit.framework/Versions/C/AppKit
0x0000000017317000 	/System/Library/Frameworks/CoreData.framework/Versions/A/CoreData
0x0000000017317000 	/System/Library/PrivateFrameworks/RemoteViewServices.framework/Versions/A/RemoteViewServices
0x0000000017317000 	/System/Library/PrivateFrameworks/UIFoundation.framework/Versions/A/UIFoundation
0x0000000017317000 	/System/Library/PrivateFrameworks/DFRFoundation.framework/Versions/A/DFRFoundation
0x0000000017317000 	/System/Library/Frameworks/Metal.framework/Versions/A/Metal
0x0000000017317000 	/System/Library/PrivateFrameworks/DesktopServicesPriv.framework/Versions/A/DesktopServicesPriv
0x0000000017317000 	/usr/lib/libenergytrace.dylib
0x0000000017317000 	/System/Library/PrivateFrameworks/SkyLight.framework/Versions/A/SkyLight
0x0000000017317000 	/System/Library/Frameworks/CoreGraphics.framework/Versions/A/CoreGraphics
0x0000000017317000 	/usr/lib/libScreenReader.dylib
0x0000000017317000 	/System/Library/Frameworks/Accelerate.framework/Versions/A/Accelerate
0x0000000017317000 	/System/Library/Frameworks/IOSurface.framework/Versions/A/IOSurface
0x0000000017317000 	/System/Library/Frameworks/AudioToolbox.framework/Versions/A/AudioToolbox
0x0000000017317000 	/System/Library/Frameworks/AudioUnit.framework/Versions/A/AudioUnit
0x0000000017317000 	/System/Library/PrivateFrameworks/DataDetectorsCore.framework/Versions/A/DataDetectorsCore
0x0000000017317000 	/System/Library/Frameworks/Carbon.framework/Versions/A/Frameworks/HIToolbox.framework/Versions/A/HIToolbox
0x0000000017317000 	/usr/lib/libicucore.A.dylib
0x0000000017317000 	/System/Library/Frameworks/QuartzCore.framework/Versions/A/QuartzCore
0x0000000017317000 	/System/Library/PrivateFrameworks/SignpostNotification.framework/Versions/A/SignpostNotification
0x0000000017317000 	/System/Library/Frameworks/Carbon.framework/Versions/A/Frameworks/SpeechRecognition.framework/Versions/A/SpeechRecognition
0x0000000017317000 	/usr/lib/libauto.dylib
0x0000000017317000 	/usr/lib/libxml2.2.dylib
0x0000000017317000 	/System/Library/PrivateFrameworks/CoreUI.framework/Versions/A/CoreUI
0x0000000017317000 	/System/Library/Frameworks/CoreAudio.framework/Versions/A/CoreAudio
0x0000000017317000 	/System/Library/Frameworks/DiskArbitration.framework/Versions/A/DiskArbitration
0x0000000017317000 	/usr/lib/liblangid.dylib
0x0000000017317000 	/System/Library/PrivateFrameworks/MultitouchSupport.framework/Versions/A/MultitouchSupport
0x0000000017317000 	/System/Library/Frameworks/IOKit.framework/Versions/A/IOKit
0x0000000017317000 	/usr/lib/libDiagnosticMessagesClient.dylib
0x0000000017317000 	/System/Library/Frameworks/CoreServices.framework/Versions/A/CoreServices
0x0000000017317000 	/System/Library/PrivateFrameworks/PerformanceAnalysis.framework/Versions/A/PerformanceAnalysis
0x0000000017317000 	/System/Library/Frameworks/OpenGL.framework/Versions/A/OpenGL
0x0000000017317000 	/System/Library/Frameworks/ColorSync.framework/Versions/A/ColorSync
0x0000000017317000 	/System/Library/Frameworks/CoreImage.framework/Versions/A/CoreImage
0x0000000017317000 	/System/Library/Frameworks/CoreText.framework/Versions/A/CoreText
0x0000000017317000 	/System/Library/Frameworks/ImageIO.framework/Versions/A/ImageIO
0x0000000017317000 	/System/Library/PrivateFrameworks/Backup.framework/Versions/A/Backup
0x0000000017317000 	/usr/lib/libarchive.2.dylib
0x0000000017317000 	/System/Library/Frameworks/CFNetwork.framework/Versions/A/CFNetwork
0x0000000017317000 	/System/Library/Frameworks/SystemConfiguration.framework/Versions/A/SystemConfiguration
0x0000000017317000 	/usr/lib/libCRFSuite.dylib
0x0000000017317000 	/usr/lib/libc++.1.dylib
0x0000000017317000 	/usr/lib/libc++abi.dylib
0x0000000017317000 	/usr/lib/system/libcache.dylib
0x0000000017317000 	/usr/lib/system/libcommonCrypto.dylib
0x0000000017317000 	/usr/lib/system/libcompiler_rt.dylib
0x0000000017317000 	/usr/lib/system/libcopyfile.dylib
0x0000000017317000 	/usr/lib/system/libcorecrypto.dylib
0x0000000017317000 	/usr/lib/system/libdispatch.dylib
0x0000000017317000 	/usr/lib/system/libdyld.dylib
0x0000000017317000 	/usr/lib/system/libkeymgr.dylib
0x0000000017317000 	/usr/lib/system/liblaunch.dylib
0x0000000017317000 	/usr/lib/system/libmacho.dylib
0x0000000017317000 	/usr/lib/system/libquarantine.dylib
0x0000000017317000 	/usr/lib/system/libremovefile.dylib
0x0000000017317000 	/usr/lib/system/libsystem_asl.dylib
0x0000000017317000 	/usr/lib/system/libsystem_blocks.dylib
0x0000000017317000 	/usr/lib/system/libsystem_c.dylib
0x0000000017317000 	/usr/lib/system/libsystem_configuration.dylib
0x0000000017317000 	/usr/lib/system/libsystem_coreservices.dylib
0x0000000017317000 	/usr/lib/system/libsystem_darwin.dylib
0x0000000017317000 	/usr/lib/system/libsystem_dnssd.dylib
0x0000000017317000 	/usr/lib/system/libsystem_info.dylib
0x0000000017317000 	/usr/lib/system/libsystem_m.dylib
0x0000000017317000 	/usr/lib/system/libsystem_malloc.dylib
0x0000000017317000 	/usr/lib/system/libsystem_network.dylib
0x0000000017317000 	/usr/lib/system/libsystem_networkextension.dylib
0x0000000017317000 	/usr/lib/system/libsystem_notify.dylib
0x0000000017317000 	/usr/lib/system/libsystem_sandbox.dylib
0x0000000017317000 	/usr/lib/system/libsystem_secinit.dylib
0x0000000017317000 	/usr/lib/system/libsystem_kernel.dylib
0x0000000017317000 	/usr/lib/system/libsystem_platform.dylib
0x0000000017317000 	/usr/lib/system/libsystem_pthread.dylib
0x0000000017317000 	/usr/lib/system/libsystem_symptoms.dylib
0x0000000017317000 	/usr/lib/system/libsystem_trace.dylib
0x0000000017317000 	/usr/lib/system/libunwind.dylib
0x0000000017317000 	/usr/lib/system/libxpc.dylib
0x0000000017317000 	/usr/lib/closure/libclosured.dylib
0x0000000017317000 	/usr/lib/libbsm.0.dylib
0x0000000017317000 	/usr/lib/system/libkxld.dylib
0x0000000017317000 	/usr/lib/libOpenScriptingUtil.dylib
0x0000000017317000 	/usr/lib/libcoretls.dylib
0x0000000017317000 	/usr/lib/libcoretls_cfhelpers.dylib
0x0000000017317000 	/usr/lib/libpam.2.dylib
0x0000000017317000 	/usr/lib/libsqlite3.dylib
0x0000000017317000 	/usr/lib/libxar.1.dylib
0x0000000017317000 	/usr/lib/libbz2.1.0.dylib
0x0000000017317000 	/usr/lib/liblzma.5.dylib
0x0000000017317000 	/usr/lib/libnetwork.dylib
0x0000000017317000 	/usr/lib/libapple_nghttp2.dylib
0x0000000017317000 	/usr/lib/libpcap.A.dylib
0x0000000017317000 	/usr/lib/libboringssl.dylib
0x0000000017317000 	/usr/lib/libusrtcp.dylib
0x0000000017317000 	/usr/lib/libapple_crypto.dylib
0x0000000017317000 	/System/Library/Frameworks/CoreServices.framework/Versions/A/Frameworks/FSEvents.framework/Versions/A/FSEvents
0x0000000017317000 	/System/Library/Frameworks/CoreServices.framework/Versions/A/Frameworks/CarbonCore.framework/Versions/A/CarbonCore
0x0000000017317000 	/System/Library/Frameworks/CoreServices.framework/Versions/A/Frameworks/Metadata.framework/Versions/A/Metadata
0x0000000017317000 	/System/Library/Frameworks/CoreServices.framework/Versions/A/Frameworks/OSServices.framework/Versions/A/OSServices
0x0000000017317000 	/System/Library/Frameworks/CoreServices.framework/Versions/A/Frameworks/SearchKit.framework/Versions/A/SearchKit
0x0000000017317000 	/System/Library/Frameworks/CoreServices.framework/Versions/A/Frameworks/AE.framework/Versions/A/AE
0x0000000017317000 	/System/Library/Frameworks/CoreServices.framework/Versions/A/Frameworks/LaunchServices.framework/Versions/A/LaunchServices
0x0000000017317000 	/System/Library/Frameworks/CoreServices.framework/Versions/A/Frameworks/DictionaryServices.framework/Versions/A/DictionaryServices
0x0000000017317000 	/System/Library/Frameworks/CoreServices.framework/Versions/A/Frameworks/SharedFileList.framework/Versions/A/SharedFileList
0x0000000017317000 	/System/Library/Frameworks/NetFS.framework/Versions/A/NetFS
0x0000000017317000 	/System/Library/PrivateFrameworks/NetAuth.framework/Versions/A/NetAuth
0x0000000017317000 	/System/Library/PrivateFrameworks/login.framework/Versions/A/Frameworks/loginsupport.framework/Versions/A/loginsupport
0x0000000017317000 	/System/Library/PrivateFrameworks/TCC.framework/Versions/A/TCC
0x0000000017317000 	/usr/lib/libmecabra.dylib
0x0000000017317000 	/System/Library/Frameworks/ApplicationServices.framework/Versions/A/Frameworks/ATS.framework/Versions/A/ATS
0x0000000017317000 	/System/Library/Frameworks/ApplicationServices.framework/Versions/A/Frameworks/ColorSyncLegacy.framework/Versions/A/ColorSyncLegacy
0x0000000017317000 	/System/Library/Frameworks/ApplicationServices.framework/Versions/A/Frameworks/HIServices.framework/Versions/A/HIServices
0x0000000017317000 	/System/Library/Frameworks/ApplicationServices.framework/Versions/A/Frameworks/LangAnalysis.framework/Versions/A/LangAnalysis
0x0000000017317000 	/System/Library/Frameworks/ApplicationServices.framework/Versions/A/Frameworks/PrintCore.framework/Versions/A/PrintCore
0x0000000017317000 	/System/Library/Frameworks/ApplicationServices.framework/Versions/A/Frameworks/QD.framework/Versions/A/QD
0x0000000017317000 	/System/Library/Frameworks/ApplicationServices.framework/Versions/A/Frameworks/SpeechSynthesis.framework/Versions/A/SpeechSynthesis
0x0000000017317000 	/System/Library/Frameworks/CoreDisplay.framework/Versions/A/CoreDisplay
0x0000000017317000 	/System/Library/Frameworks/Accelerate.framework/Versions/A/Frameworks/vImage.framework/Versions/A/vImage
0x0000000017317000 	/System/Library/Frameworks/Accelerate.framework/Versions/A/Frameworks/vecLib.framework/Versions/A/vecLib
0x0000000017317000 	/System/Library/Frameworks/Accelerate.framework/Versions/A/Frameworks/vecLib.framework/Versions/A/libvDSP.dylib
0x0000000017317000 	/System/Library/Frameworks/Accelerate.framework/Versions/A/Frameworks/vecLib.framework/Versions/A/libBNNS.dylib
0x0000000017317000 	/System/Library/Frameworks/Accelerate.framework/Versions/A/Frameworks/vecLib.framework/Versions/A/libQuadrature.dylib
0x0000000017317000 	/System/Library/Frameworks/Accelerate.framework/Versions/A/Frameworks/vecLib.framework/Versions/A/libvMisc.dylib
0x0000000017317000 	/System/Library/Frameworks/Accelerate.framework/Versions/A/Frameworks/vecLib.framework/Versions/A/libLAPACK.dylib
0x0000000017317000 	/System/Library/Frameworks/Accelerate.framework/Versions/A/Frameworks/vecLib.framework/Versions/A/libBLAS.dylib
0x0000000017317000 	/System/Library/Frameworks/Accelerate.framework/Versions/A/Frameworks/vecLib.framework/Versions/A/libLinearAlgebra.dylib
0x0000000017317000 	/System/Library/Frameworks/Accelerate.framework/Versions/A/Frameworks/vecLib.framework/Versions/A/libSparse.dylib
0x0000000017317000 	/System/Library/Frameworks/Accelerate.framework/Versions/A/Frameworks/vecLib.framework/Versions/A/libSparseBLAS.dylib
0x0000000017317000 	/System/Library/PrivateFrameworks/GPUWrangler.framework/Versions/A/GPUWrangler
0x0000000017317000 	/System/Library/PrivateFrameworks/IOAccelerator.framework/Versions/A/IOAccelerator
0x0000000017317000 	/System/Library/PrivateFrameworks/IOPresentment.framework/Versions/A/IOPresentment
0x0000000017317000 	/System/Library/PrivateFrameworks/DSExternalDisplay.framework/Versions/A/DSExternalDisplay
0x0000000017317000 	/System/Library/Frameworks/OpenGL.framework/Versions/A/Libraries/libCoreFSCache.dylib
0x0000000017317000 	/System/Library/Frameworks/CoreVideo.framework/Versions/A/CoreVideo
0x0000000017317000 	/System/Library/PrivateFrameworks/GraphVisualizer.framework/Versions/A/GraphVisualizer
0x0000000017317000 	/System/Library/Frameworks/MetalPerformanceShaders.framework/Versions/A/MetalPerformanceShaders
0x0000000017317000 	/usr/lib/libFosl_dynamic.dylib
0x0000000017317000 	/System/Library/PrivateFrameworks/FaceCore.framework/Versions/A/FaceCore
0x0000000017317000 	/System/Library/Frameworks/OpenCL.framework/Versions/A/OpenCL
0x0000000017317000 	/usr/lib/libcompression.dylib
0x0000000017317000 	/System/Library/Frameworks/ApplicationServices.framework/Versions/A/Frameworks/ATS.framework/Versions/A/Resources/libFontParser.dylib
0x0000000017317000 	/System/Library/Frameworks/ApplicationServices.framework/Versions/A/Frameworks/ATS.framework/Versions/A/Resources/libFontRegistry.dylib
0x0000000017317000 	/System/Library/Frameworks/ImageIO.framework/Versions/A/Resources/libJPEG.dylib
0x0000000017317000 	/System/Library/Frameworks/ImageIO.framework/Versions/A/Resources/libTIFF.dylib
0x0000000017317000 	/System/Library/Frameworks/ImageIO.framework/Versions/A/Resources/libPng.dylib
0x0000000017317000 	/System/Library/Frameworks/ImageIO.framework/Versions/A/Resources/libGIF.dylib
0x0000000017317000 	/System/Library/Frameworks/ImageIO.framework/Versions/A/Resources/libJP2.dylib
0x0000000017317000 	/System/Library/Frameworks/ImageIO.framework/Versions/A/Resources/libRadiance.dylib
0x0000000017317000 	/System/Library/PrivateFrameworks/AppleJPEG.framework/Versions/A/AppleJPEG
0x0000000017317000 	/System/Library/Frameworks/MetalPerformanceShaders.framework/Frameworks/MPSCore.framework/Versions/A/MPSCore
0x0000000017317000 	/System/Library/Frameworks/MetalPerformanceShaders.framework/Frameworks/MPSImage.framework/Versions/A/MPSImage
0x0000000017317000 	/System/Library/Frameworks/MetalPerformanceShaders.framework/Frameworks/MPSNeuralNetwork.framework/Versions/A/MPSNeuralNetwork
0x0000000017317000 	/System/Library/Frameworks/MetalPerformanceShaders.framework/Frameworks/MPSMatrix.framework/Versions/A/MPSMatrix
0x0000000017317000 	/System/Library/PrivateFrameworks/MetalTools.framework/Versions/A/MetalTools
0x0000000017317000 	/System/Library/Frameworks/OpenGL.framework/Versions/A/Libraries/libGLU.dylib
0x0000000017317000 	/System/Library/Frameworks/OpenGL.framework/Versions/A/Libraries/libGFXShared.dylib
0x0000000017317000 	/System/Library/Frameworks/OpenGL.framework/Versions/A/Libraries/libGL.dylib
0x0000000017317000 	/System/Library/Frameworks/OpenGL.framework/Versions/A/Libraries/libGLImage.dylib
0x0000000017317000 	/System/Library/Frameworks/OpenGL.framework/Versions/A/Libraries/libCVMSPluginSupport.dylib
0x0000000017317000 	/System/Library/Frameworks/OpenGL.framework/Versions/A/Libraries/libCoreVMClient.dylib
0x0000000017317000 	/usr/lib/libcups.2.dylib
0x0000000017317000 	/System/Library/Frameworks/Kerberos.framework/Versions/A/Kerberos
0x0000000017317000 	/System/Library/Frameworks/GSS.framework/Versions/A/GSS
0x0000000017317000 	/usr/lib/libresolv.9.dylib
0x0000000017317000 	/usr/lib/libiconv.2.dylib
0x0000000017317000 	/System/Library/PrivateFrameworks/Heimdal.framework/Versions/A/Heimdal
0x0000000017317000 	/usr/lib/libheimdal-asn1.dylib
0x0000000017317000 	/System/Library/Frameworks/OpenDirectory.framework/Versions/A/OpenDirectory
0x0000000017317000 	/System/Library/PrivateFrameworks/CommonAuth.framework/Versions/A/CommonAuth
0x0000000017317000 	/System/Library/Frameworks/OpenDirectory.framework/Versions/A/Frameworks/CFOpenDirectory.framework/Versions/A/CFOpenDirectory
0x0000000017317000 	/System/Library/Frameworks/SecurityFoundation.framework/Versions/A/SecurityFoundation
0x0000000017317000 	/System/Library/PrivateFrameworks/APFS.framework/Versions/A/APFS
0x0000000017317000 	/usr/lib/libutil.dylib
0x0000000017317000 	/System/Library/PrivateFrameworks/AppleSauce.framework/Versions/A/AppleSauce
0x0000000017317000 	/System/Library/PrivateFrameworks/LinguisticData.framework/Versions/A/LinguisticData
0x0000000017317000 	/usr/lib/libmarisa.dylib
0x0000000017317000 	/System/Library/PrivateFrameworks/Lexicon.framework/Versions/A/Lexicon
0x0000000017317000 	/usr/lib/libChineseTokenizer.dylib
0x0000000017317000 	/usr/lib/libcmph.dylib
0x0000000017317000 	/System/Library/PrivateFrameworks/LanguageModeling.framework/Versions/A/LanguageModeling
0x0000000017317000 	/System/Library/PrivateFrameworks/CoreEmoji.framework/Versions/A/CoreEmoji
0x0000000017317000 	/System/Library/Frameworks/ServiceManagement.framework/Versions/A/ServiceManagement
0x0000000017317000 	/System/Library/PrivateFrameworks/BackgroundTaskManagement.framework/Versions/A/BackgroundTaskManagement
0x0000000017317000 	/usr/lib/libxslt.1.dylib
0x0000000017317000 	/System/Library/Frameworks/Carbon.framework/Versions/A/Frameworks/Ink.framework/Versions/A/Ink
0x0000000017317000 	/System/Library/PrivateFrameworks/TextureIO.framework/Versions/A/TextureIO
0x0000000017317000 	/usr/lib/libate.dylib
0x0000000017317000 	/System/Library/PrivateFrameworks/CrashReporterSupport.framework/Versions/A/CrashReporterSupport
0x0000000017317000 	/System/Library/PrivateFrameworks/Sharing.framework/Versions/A/Sharing
0x0000000017317000 	/System/Library/PrivateFrameworks/IconServices.framework/Versions/A/IconServices
0x0000000017317000 	/System/Library/PrivateFrameworks/AuthKit.framework/Versions/A/AuthKit
0x0000000017317000 	/System/Library/PrivateFrameworks/Apple80211.framework/Versions/A/Apple80211
0x0000000017317000 	/System/Library/PrivateFrameworks/CoreUtils.framework/Versions/A/CoreUtils
0x0000000017317000 	/System/Library/Frameworks/CoreWLAN.framework/Versions/A/CoreWLAN
0x0000000017317000 	/System/Library/Frameworks/IOBluetooth.framework/Versions/A/IOBluetooth
0x0000000017317000 	/System/Library/PrivateFrameworks/ProtocolBuffer.framework/Versions/A/ProtocolBuffer
0x0000000017317000 	/System/Library/PrivateFrameworks/MobileKeyBag.framework/Versions/A/MobileKeyBag
0x0000000017317000 	/System/Library/PrivateFrameworks/CorePhoneNumbers.framework/Versions/A/CorePhoneNumbers
0x0000000017317000 	/System/Library/PrivateFrameworks/AppleIDAuthSupport.framework/Versions/A/AppleIDAuthSupport
0x0000000017317000 	/System/Library/PrivateFrameworks/KeychainCircle.framework/Versions/A/KeychainCircle
0x0000000017317000 	/System/Library/PrivateFrameworks/CoreWiFi.framework/Versions/A/CoreWiFi
0x0000000017317000 	/System/Library/Frameworks/CoreBluetooth.framework/Versions/A/CoreBluetooth
0x0000000017317000 	/System/Library/PrivateFrameworks/DebugSymbols.framework/Versions/A/DebugSymbols
0x0000000017317000 	/System/Library/PrivateFrameworks/CoreSymbolication.framework/Versions/A/CoreSymbolication
0x0000000017317000 	/System/Library/PrivateFrameworks/Symbolication.framework/Versions/A/Symbolication
0x0000000017317000 	/System/Library/PrivateFrameworks/AppleFSCompression.framework/Versions/A/AppleFSCompression
0x0000000017317000 	/System/Library/PrivateFrameworks/SpeechRecognitionCore.framework/Versions/A/SpeechRecognitionCore
0x0000000101e00000 	/Library/Java/JavaVirtualMachines/jdk1.8.0_131.jdk/Contents/Home/jre/lib/server/libjvm.dylib
0x0000000017317000 	/usr/lib/libstdc++.6.0.9.dylib
0x0000000100db2000 	/Library/Java/JavaVirtualMachines/jdk1.8.0_131.jdk/Contents/Home/jre/lib/libverify.dylib
0x0000000100dc0000 	/Library/Java/JavaVirtualMachines/jdk1.8.0_131.jdk/Contents/Home/jre/lib/libjava.dylib
0x0000000102de3000 	/Library/Java/JavaVirtualMachines/jdk1.8.0_131.jdk/Contents/Home/jre/lib/libzip.dylib
0x0000000017317000 	/System/Library/Frameworks/JavaVM.framework/Versions/A/Frameworks/JavaRuntimeSupport.framework/Versions/A/JavaRuntimeSupport
0x0000000017317000 	/System/Library/Frameworks/JavaVM.framework/Versions/A/Frameworks/JavaNativeFoundation.framework/Versions/A/JavaNativeFoundation
0x0000000017317000 	/System/Library/Frameworks/JavaVM.framework/Versions/A/JavaVM
0x0000000017317000 	/System/Library/Frameworks/Carbon.framework/Versions/A/Carbon
0x0000000017317000 	/System/Library/PrivateFrameworks/JavaLaunching.framework/Versions/A/JavaLaunching
0x0000000017317000 	/System/Library/Frameworks/Carbon.framework/Versions/A/Frameworks/CommonPanels.framework/Versions/A/CommonPanels
0x0000000017317000 	/System/Library/Frameworks/Carbon.framework/Versions/A/Frameworks/Help.framework/Versions/A/Help
0x0000000017317000 	/System/Library/Frameworks/Carbon.framework/Versions/A/Frameworks/ImageCapture.framework/Versions/A/ImageCapture
0x0000000017317000 	/System/Library/Frameworks/Carbon.framework/Versions/A/Frameworks/OpenScripting.framework/Versions/A/OpenScripting
0x0000000017317000 	/System/Library/Frameworks/Carbon.framework/Versions/A/Frameworks/Print.framework/Versions/A/Print
0x0000000017317000 	/System/Library/Frameworks/Carbon.framework/Versions/A/Frameworks/SecurityHI.framework/Versions/A/SecurityHI
0x000000011170a000 	/Library/Java/JavaVirtualMachines/jdk1.8.0_131.jdk/Contents/Home/jre/lib/libnet.dylib
0x0000000111769000 	/Library/Java/JavaVirtualMachines/jdk1.8.0_131.jdk/Contents/Home/jre/lib/libnio.dylib
0x0000000112131000 	/Library/Java/JavaVirtualMachines/jdk1.8.0_131.jdk/Contents/Home/jre/lib/libmanagement.dylib
0x000000011179a000 	/private/var/folders/m1/sf07twbn7s1frc5cbwh2_vx40000gn/T/jna-942778377/jna2474455538815938028.tmp
0x0000000113186000 	/Library/Java/JavaVirtualMachines/jdk1.8.0_131.jdk/Contents/Home/jre/lib/libsunec.dylib
0x0000000117e48000 	/private/var/folders/m1/sf07twbn7s1frc5cbwh2_vx40000gn/T/sqlite-3.8.6-x86_64-libsqlitejdbc.jnilib

VM Arguments:
jvm_args: -Xms1024m -Xmx1024m -XX:ReservedCodeCacheSize=128m -XX:MaxMetaspaceSize=256m 
java_command: /usr/local/Cellar/sbt/1.2.1/libexec/bin/sbt-launch.jar run
java_class_path (initial): /usr/local/Cellar/sbt/1.2.1/libexec/bin/sbt-launch.jar
Launcher Type: SUN_STANDARD

Environment Variables:
PATH=/Users/bingerso/.rvm/gems/ruby-2.4.0/bin:/Users/bingerso/.rvm/gems/ruby-2.4.0@global/bin:/Users/bingerso/.rvm/rubies/ruby-2.4.0/bin:/usr/local/bin:/usr/bin:/bin:/usr/sbin:/sbin:/Applications/VMware Fusion.app/Contents/Public:/usr/local/go/bin:/usr/local/share/dotnet:/opt/X11/bin:/usr/local/bin/jamf:/Library/Frameworks/Mono.framework/Versions/Current/Commands:/Applications/Xamarin Workbooks.app/Contents/SharedSupport/path-bin:/Users/bingerso/.rvm/bin
SHELL=/bin/zsh
DISPLAY=/private/tmp/com.apple.launchd.q9NsqzoWdg/org.macosforge.xquartz:0

Signal Handlers:
SIGSEGV: [libjvm.dylib+0x5b1eb1], sa_mask[0]=11111111011111110111111111111111, sa_flags=SA_ONSTACK|SA_RESTART|SA_SIGINFO
SIGBUS: [libjvm.dylib+0x5b1eb1], sa_mask[0]=11111111011111110111111111111111, sa_flags=SA_RESTART|SA_SIGINFO
SIGFPE: [libjvm.dylib+0x488988], sa_mask[0]=11111111011111110111111111111111, sa_flags=SA_RESTART|SA_SIGINFO
SIGPIPE: [libjvm.dylib+0x488988], sa_mask[0]=11111111011111110111111111111111, sa_flags=SA_RESTART|SA_SIGINFO
SIGXFSZ: [libjvm.dylib+0x488988], sa_mask[0]=11111111011111110111111111111111, sa_flags=SA_RESTART|SA_SIGINFO
SIGILL: [libjvm.dylib+0x488988], sa_mask[0]=11111111011111110111111111111111, sa_flags=SA_RESTART|SA_SIGINFO
SIGUSR1: SIG_DFL, sa_mask[0]=00000000000000000000000000000000, sa_flags=SA_RESTART
SIGUSR2: [libjvm.dylib+0x4884a6], sa_mask[0]=00000000000000000000000000000000, sa_flags=SA_RESTART|SA_SIGINFO
SIGHUP: [libjvm.dylib+0x486a7d], sa_mask[0]=11111111011111110111111111111111, sa_flags=SA_RESTART|SA_SIGINFO
SIGINT: [libjvm.dylib+0x486a7d], sa_mask[0]=11111111011111110111111111111111, sa_flags=SA_RESTART|SA_SIGINFO
SIGTERM: [libjvm.dylib+0x486a7d], sa_mask[0]=11111111011111110111111111111111, sa_flags=SA_RESTART|SA_SIGINFO
SIGQUIT: [libjvm.dylib+0x486a7d], sa_mask[0]=11111111011111110111111111111111, sa_flags=SA_RESTART|SA_SIGINFO


---------------  S Y S T E M  ---------------

OS:Bsduname:Darwin 17.7.0 Darwin Kernel Version 17.7.0: Thu Jun 21 22:53:14 PDT 2018; root:xnu-4570.71.2~1/RELEASE_X86_64 x86_64
rlimit: STACK 8192k, CORE 0k, NPROC 1418, NOFILE 10240, AS infinity
load average:3.29 3.47 3.63

CPU:total 8 (initial active 8) (4 cores per cpu, 2 threads per core) family 6 model 70 stepping 1, cmov, cx8, fxsr, mmx, sse, sse2, sse3, ssse3, sse4.1, sse4.2, popcnt, avx, avx2, aes, clmul, erms, lzcnt, ht, tsc, tscinvbit, bmi1, bmi2

Memory: 4k page, physical 16777216k(94196k free)

/proc/meminfo:


vm_info: Java HotSpot(TM) 64-Bit Server VM (25.131-b11) for bsd-amd64 JRE (1.8.0_131-b11), built on Mar 15 2017 01:32:22 by "java_re" with gcc 4.2.1 (Based on Apple Inc. build 5658) (LLVM build 2336.11.00)

time: Sun Sep 23 19:39:55 2018
elapsed time: 501 seconds (0d 0h 8m 21s)

