#
# A fatal error has been detected by the Java Runtime Environment:
#
#  SIGSEGV (0xb) at pc=0x000000011a13552c, pid=74213, tid=0x0000000000004b03
#
# JRE version: Java(TM) SE Runtime Environment (8.0_131-b11) (build 1.8.0_131-b11)
# Java VM: Java HotSpot(TM) 64-Bit Server VM (25.131-b11 mixed mode bsd-amd64 compressed oops)
# Problematic frame:
# C  [sqlite-3.8.6-x86_64-libsqlitejdbc.jnilib+0xc52c]  Java_org_sqlite_core_NativeDB_restore+0x9a3c
#
# Failed to write core dump. Core dumps have been disabled. To enable core dumping, try "ulimit -c unlimited" before starting Java again
#
# If you would like to submit a bug report, please visit:
#   http://bugreport.java.com/bugreport/crash.jsp
# The crash happened outside the Java Virtual Machine in native code.
# See problematic frame for where to report the bug.
#

---------------  T H R E A D  ---------------

Current thread (0x00007fa995851000):  JavaThread "Finalizer" daemon [_thread_in_native, id=19203, stack(0x00007000099be000,0x0000700009abe000)]

siginfo: si_signo: 11 (SIGSEGV), si_code: 0 (unknown), si_addr: 0x0000000000000000

Registers:
RAX=0x1000000000000000, RBX=0x00007fa99bca3a00, RCX=0x000000010a2413a0, RDX=0x00007fa99bca3a00
RSP=0x0000700009abd710, RBP=0x0000700009abd730, RSI=0x0000700009abd7d8, RDI=0x00007fa99bca3a00
R8 =0x0000000000000001, R9 =0xffffffff00000001, R10=0x000000010a9d9463, R11=0x0000000109f02dcb
R12=0x0000000000000000, R13=0x00000001207989a0, R14=0x0000000000000000, R15=0x00007fa995851000
RIP=0x000000011a13552c, EFLAGS=0x0000000000010206, ERR=0x0000000000000000
  TRAPNO=0x000000000000000d

Top of Stack: (sp=0x0000700009abd710)
0x0000700009abd710:   000000011a12aa00 00000001207989a0
0x0000700009abd720:   0000700009abd7d8 00007fa995851000
0x0000700009abd730:   0000700009abd7a8 000000010a9d948f
0x0000700009abd740:   0000700009abd7a8 000000010a9d9253
0x0000700009abd750:   000000010a9d9211 0000000000000003
0x0000700009abd760:   00000007853474c8 0000700009abd758
0x0000700009abd770:   00000001207989a0 0000700009abd7d8
0x0000700009abd780:   00000001207c5140 0000000000000000
0x0000700009abd790:   00000001207989a0 0000000000000000
0x0000700009abd7a0:   0000700009abd7c8 0000700009abd820
0x0000700009abd7b0:   000000010a9c8d00 0000000000000000
0x0000700009abd7c0:   000000010a9d2536 00007fa99bca3a00
0x0000700009abd7d0:   00007fa99bca3a00 00000007853474c8
0x0000700009abd7e0:   0000700009abd7e0 00000001207dfdf4
0x0000700009abd7f0:   0000700009abd830 00000001207ee240
0x0000700009abd800:   0000000000000000 00000001207dfe38
0x0000700009abd810:   0000700009abd7c8 0000700009abd830
0x0000700009abd820:   0000700009abd878 000000010a9c92bd
0x0000700009abd830:   00000007853475f0 0000700009abd838
0x0000700009abd840:   00000001207e90b9 0000700009abd888
0x0000700009abd850:   00000001207ee568 0000000000000000
0x0000700009abd860:   00000001207e90d8 0000700009abd830
0x0000700009abd870:   0000700009abd890 0000000000000000
0x0000700009abd880:   000000010bad387c 00000007853475f0
0x0000700009abd890:   00000000f00007c0 0000000780003e30
0x0000700009abd8a0:   00000007853be5d8 000000010ab7f3d8
0x0000700009abd8b0:   0000000780003e10 0000000780003e00
0x0000700009abd8c0:   0000000780003e00 0000000000000003
0x0000700009abd8d0:   0000000000000003 0000000780003e30
0x0000700009abd8e0:   0000700009abd948 000000010a9c92bd
0x0000700009abd8f0:   000000010a9c92bd 0000000780003e30
0x0000700009abd900:   00000007853be5d8 0000700009abd908 

Instructions: (pc=0x000000011a13552c)
0x000000011a13550c:   1f 44 00 00 55 48 89 e5 41 57 41 56 53 50 48 89
0x000000011a13551c:   fb 45 31 f6 48 85 db 0f 84 b4 00 00 00 48 8b 03
0x000000011a13552c:   48 8b 78 18 48 85 ff 74 06 ff 15 45 b2 0f 00 48
0x000000011a13553c:   89 df e8 ad 00 00 00 41 89 c6 c7 83 80 00 00 00 

Register to memory mapping:

RAX=0x1000000000000000 is an unknown value
RBX=0x00007fa99bca3a00 is an unknown value
RCX=0x000000010a2413a0: UseMembar+0 in /Library/Java/JavaVirtualMachines/jdk1.8.0_131.jdk/Contents/Home/jre/lib/server/libjvm.dylib at 0x0000000109a1e000
RDX=0x00007fa99bca3a00 is an unknown value
RSP=0x0000700009abd710 is pointing into the stack for thread: 0x00007fa995851000
RBP=0x0000700009abd730 is pointing into the stack for thread: 0x00007fa995851000
RSI=0x0000700009abd7d8 is pointing into the stack for thread: 0x00007fa995851000
RDI=0x00007fa99bca3a00 is an unknown value
R8 =0x0000000000000001 is an unknown value
R9 =0xffffffff00000001 is an unknown value
R10=0x000000010a9d9463 is at code_begin+1187 in an Interpreter codelet
method entry point (kind = native_synchronized)  [0x000000010a9d8fc0, 0x000000010a9d9a40]  2688 bytes
R11=0x0000000109f02dcb: throw_unsatisfied_link_error+0 in /Library/Java/JavaVirtualMachines/jdk1.8.0_131.jdk/Contents/Home/jre/lib/server/libjvm.dylib at 0x0000000109a1e000
R12=0x0000000000000000 is an unknown value
R13={method} {0x00000001207989a0} 'reset' '(J)I' in 'org/sqlite/core/NativeDB'
R14=0x0000000000000000 is an unknown value
R15=0x00007fa995851000 is a thread


Stack: [0x00007000099be000,0x0000700009abe000],  sp=0x0000700009abd710,  free space=1021k
Native frames: (J=compiled Java code, j=interpreted, Vv=VM code, C=native code)
C  [sqlite-3.8.6-x86_64-libsqlitejdbc.jnilib+0xc52c]  Java_org_sqlite_core_NativeDB_restore+0x9a3c
j  org.sqlite.core.NativeDB.reset(J)I+0
j  org.sqlite.core.CoreResultSet.close()V+76
j  org.sqlite.jdbc3.JDBC3ResultSet.finalize()V+1
J 7246 C2 java.lang.ref.Finalizer.access$100(Ljava/lang/ref/Finalizer;Lsun/misc/JavaLangAccess;)V (6 bytes) @ 0x000000010bad387c [0x000000010bad36a0+0x1dc]
j  java.lang.ref.Finalizer$FinalizerThread.run()V+45
v  ~StubRoutines::call_stub
V  [libjvm.dylib+0x2ee5b6]  JavaCalls::call_helper(JavaValue*, methodHandle*, JavaCallArguments*, Thread*)+0x6ae
V  [libjvm.dylib+0x2eed5a]  JavaCalls::call_virtual(JavaValue*, KlassHandle, Symbol*, Symbol*, JavaCallArguments*, Thread*)+0x164
V  [libjvm.dylib+0x2eef06]  JavaCalls::call_virtual(JavaValue*, Handle, KlassHandle, Symbol*, Symbol*, Thread*)+0x4a
V  [libjvm.dylib+0x34965d]  thread_entry(JavaThread*, Thread*)+0x7c
V  [libjvm.dylib+0x56b87f]  JavaThread::thread_main_inner()+0x9b
V  [libjvm.dylib+0x56cf6c]  JavaThread::run()+0x1c2
V  [libjvm.dylib+0x48b376]  java_start(Thread*)+0xf6
C  [libsystem_pthread.dylib+0x3661]  _pthread_body+0x154
C  [libsystem_pthread.dylib+0x350d]  _pthread_body+0x0
C  [libsystem_pthread.dylib+0x2bf9]  thread_start+0xd
C  0x0000000000000000

Java frames: (J=compiled Java code, j=interpreted, Vv=VM code)
j  org.sqlite.core.NativeDB.reset(J)I+0
j  org.sqlite.core.CoreResultSet.close()V+76
j  org.sqlite.jdbc3.JDBC3ResultSet.finalize()V+1
J 7246 C2 java.lang.ref.Finalizer.access$100(Ljava/lang/ref/Finalizer;Lsun/misc/JavaLangAccess;)V (6 bytes) @ 0x000000010bad387c [0x000000010bad36a0+0x1dc]
j  java.lang.ref.Finalizer$FinalizerThread.run()V+45
v  ~StubRoutines::call_stub

---------------  P R O C E S S  ---------------

Java Threads: ( => current thread )
  0x00007fa9984df800 JavaThread "Secondary finalizer" [_thread_blocked, id=27427, stack(0x000070000a48a000,0x000070000a58a000)]
  0x00007fa997010000 JavaThread "scala-execution-context-global-175" daemon [_thread_blocked, id=44547, stack(0x000070000c976000,0x000070000ca76000)]
  0x00007fa99614f800 JavaThread "scala-execution-context-global-174" daemon [_thread_blocked, id=31755, stack(0x000070000c873000,0x000070000c973000)]
  0x00007fa9965b9000 JavaThread "scala-execution-context-global-173" daemon [_thread_blocked, id=40467, stack(0x000070000c770000,0x000070000c870000)]
  0x00007fa99b1c2800 JavaThread "scala-execution-context-global-172" daemon [_thread_blocked, id=39955, stack(0x000070000c66d000,0x000070000c76d000)]
  0x00007fa99700f800 JavaThread "scala-execution-context-global-171" daemon [_thread_blocked, id=39699, stack(0x000070000c56a000,0x000070000c66a000)]
  0x00007fa995e82800 JavaThread "scala-execution-context-global-170" daemon [_thread_blocked, id=39439, stack(0x000070000c467000,0x000070000c567000)]
  0x00007fa996a14800 JavaThread "scala-execution-context-global-169" daemon [_thread_blocked, id=43539, stack(0x000070000c364000,0x000070000c464000)]
  0x00007fa997265800 JavaThread "scala-execution-context-global-168" daemon [_thread_blocked, id=42531, stack(0x000070000c15e000,0x000070000c25e000)]
  0x00007fa998396000 JavaThread "com.google.common.base.internal.Finalizer" daemon [_thread_blocked, id=2855, stack(0x000070000b231000,0x000070000b331000)]
  0x00007fa997dc4800 JavaThread "application-akka.actor.default-dispatcher-4" [_thread_blocked, id=42783, stack(0x000070000b12e000,0x000070000b22e000)]
  0x00007fa9973aa000 JavaThread "application-scheduler-1" [_thread_blocked, id=33563, stack(0x000070000ae25000,0x000070000af25000)]
  0x00007fa998e9a000 JavaThread "HikariPool-2 housekeeper" daemon [_thread_blocked, id=87059, stack(0x000070000ad22000,0x000070000ae22000)]
  0x00007fa99b7c4000 JavaThread "AsyncAppender-Worker-ASYNCSTDOUT" daemon [_thread_blocked, id=38935, stack(0x000070000ac1f000,0x000070000ad1f000)]
  0x00007fa99b3dd800 JavaThread "AsyncAppender-Worker-ASYNCFILE" daemon [_thread_blocked, id=34067, stack(0x000070000aa19000,0x000070000ab19000)]
  0x00007fa99651a800 JavaThread "play-dev-mode-akka.actor.default-dispatcher-14" [_thread_blocked, id=3335, stack(0x000070000a916000,0x000070000aa16000)]
  0x00007fa9992a9800 JavaThread "play-dev-mode-akka.actor.default-dispatcher-13" [_thread_blocked, id=24343, stack(0x000070000a813000,0x000070000a913000)]
  0x00007fa997b74000 JavaThread "play-dev-mode-akka.actor.default-dispatcher-12" [_thread_blocked, id=22555, stack(0x000070000a58d000,0x000070000a68d000)]
  0x00007fa999892800 JavaThread "play-dev-mode-akka.io.pinned-dispatcher-5" [_thread_in_native, id=31491, stack(0x000070000be55000,0x000070000bf55000)]
  0x00007fa99b707000 JavaThread "play-dev-mode-akka.actor.default-dispatcher-2" [_thread_blocked, id=34563, stack(0x000070000bb4c000,0x000070000bc4c000)]
  0x00007fa99978a000 JavaThread "play-dev-mode-scheduler-1" [_thread_blocked, id=30979, stack(0x000070000ba49000,0x000070000bb49000)]
  0x00007fa9998d1800 JavaThread "reloader-timer" daemon [_thread_blocked, id=30467, stack(0x000070000b946000,0x000070000ba46000)]
  0x00007fa99a0d0800 JavaThread "play-watch-service" daemon [_thread_blocked, id=29955, stack(0x000070000b843000,0x000070000b943000)]
  0x00007fa99a73a800 JavaThread "WatchService for /Users/bingerso/GitHub-Projects/csc750-project2/bingers-project2/app" daemon [_thread_in_native, id=36099, stack(0x000070000b740000,0x000070000b840000)]
  0x00007fa9992d0000 JavaThread "WatchService for /Users/bingerso/GitHub-Projects/csc750-project2/bingers-project2/conf" daemon [_thread_in_native, id=37891, stack(0x000070000b63d000,0x000070000b73d000)]
  0x00007fa99409c800 JavaThread "WatchService for /Users/bingerso/GitHub-Projects/csc750-project2/bingers-project2/public" daemon [_thread_in_native, id=25095, stack(0x000070000ab1c000,0x000070000ac1c000)]
  0x00007fa99a734000 JavaThread "pool-5-thread-3" [_thread_in_native, id=41743, stack(0x000070000a710000,0x000070000a810000)]
  0x00007fa9998cd000 JavaThread "sbt-web-akka.actor.default-dispatcher-2" [_thread_blocked, id=42255, stack(0x000070000a304000,0x000070000a404000)]
  0x00007fa998f83800 JavaThread "sbt-web-scheduler-1" [_thread_blocked, id=24843, stack(0x0000700008d14000,0x0000700008e14000)]
  0x00007fa9985a6000 JavaThread "Log4j2-TF-1-AsyncLogger[AsyncContext@5702b3b1]-1" daemon [_thread_blocked, id=22019, stack(0x000070000a1d6000,0x000070000a2d6000)]
  0x00007fa994823800 JavaThread "Service Thread" daemon [_thread_blocked, id=16387, stack(0x0000700009fd0000,0x000070000a0d0000)]
  0x00007fa994822800 JavaThread "C1 CompilerThread3" daemon [_thread_blocked, id=17155, stack(0x0000700009ecd000,0x0000700009fcd000)]
  0x00007fa99400e800 JavaThread "C2 CompilerThread2" daemon [_thread_blocked, id=15875, stack(0x0000700009dca000,0x0000700009eca000)]
  0x00007fa99481a000 JavaThread "C2 CompilerThread1" daemon [_thread_blocked, id=17667, stack(0x0000700009cc7000,0x0000700009dc7000)]
  0x00007fa995852800 JavaThread "C2 CompilerThread0" daemon [_thread_blocked, id=15363, stack(0x0000700009bc4000,0x0000700009cc4000)]
  0x00007fa995831000 JavaThread "Signal Dispatcher" daemon [_thread_blocked, id=14855, stack(0x0000700009ac1000,0x0000700009bc1000)]
=>0x00007fa995851000 JavaThread "Finalizer" daemon [_thread_in_native, id=19203, stack(0x00007000099be000,0x0000700009abe000)]
  0x00007fa99584e800 JavaThread "Reference Handler" daemon [_thread_blocked, id=12291, stack(0x00007000098bb000,0x00007000099bb000)]
  0x00007fa994002800 JavaThread "main" [_thread_blocked, id=9731, stack(0x0000700008e9d000,0x0000700008f9d000)]

Other Threads:
  0x00007fa994021000 VMThread [stack: 0x00007000097b8000,0x00007000098b8000] [id=19459]
  0x00007fa994019000 WatcherThread [stack: 0x000070000a0d3000,0x000070000a1d3000] [id=16899]

VM state:not at safepoint (normal execution)

VM Mutex/Monitor currently owned by a thread: None

Heap:
 PSYoungGen      total 299008K, used 1288K [0x00000007aab00000, 0x00000007c0000000, 0x00000007c0000000)
  eden space 245760K, 0% used [0x00000007aab00000,0x00000007aac42040,0x00000007b9b00000)
  from space 53248K, 0% used [0x00000007bcc00000,0x00000007bcc00000,0x00000007c0000000)
  to   space 50176K, 0% used [0x00000007b9b00000,0x00000007b9b00000,0x00000007bcc00000)
 ParOldGen       total 699392K, used 102140K [0x0000000780000000, 0x00000007aab00000, 0x00000007aab00000)
  object space 699392K, 14% used [0x0000000780000000,0x00000007863bf3b0,0x00000007aab00000)
 Metaspace       used 127818K, capacity 144043K, committed 145196K, reserved 1175552K
  class space    used 17877K, capacity 18869K, committed 18988K, reserved 1048576K

Card table byte_map: [0x0000000108c00000,0x0000000108e01000] byte_map_base: 0x0000000105000000

Marking Bits: (ParMarkBitMap*) 0x000000010a30fea0
 Begin Bits: [0x00000001129c1000, 0x00000001139c1000)
 End Bits:   [0x00000001139c1000, 0x00000001149c1000)

Polling page: 0x0000000107956000

CodeCache: size=131072Kb used=30173Kb max_used=30188Kb free=100898Kb
 bounds [0x000000010a9c1000, 0x000000010c771000, 0x00000001129c1000]
 total_blobs=11925 nmethods=11161 adapters=674
 compilation: enabled

Compilation events (10 events):
Event: 337.919 Thread 0x00007fa99481a000 nmethod 13730 0x000000010c761910 code [0x000000010c761a80, 0x000000010c761bf8]
Event: 337.919 Thread 0x00007fa99400e800 nmethod 13731 0x000000010c7614d0 code [0x000000010c761640, 0x000000010c761798]
Event: 337.919 Thread 0x00007fa994822800 nmethod 13732 0x000000010c762690 code [0x000000010c762840, 0x000000010c762f08]
Event: 337.919 Thread 0x00007fa994822800 13734   !   3       java.io.PrintWriter::flush (38 bytes)
Event: 337.920 Thread 0x00007fa994822800 nmethod 13734 0x000000010c76bd50 code [0x000000010c76bf00, 0x000000010c76c478]
Event: 337.920 Thread 0x00007fa994822800 13733       1       sbt.internal.util.StringEvent::level (5 bytes)
Event: 337.920 Thread 0x00007fa994822800 nmethod 13733 0x000000010c7623d0 code [0x000000010c762520, 0x000000010c762630]
Event: 337.920 Thread 0x00007fa99400e800 13735       4       com.sun.jna.Memory::finalize (5 bytes)
Event: 337.921 Thread 0x00007fa99400e800 nmethod 13735 0x000000010c1a4890 code [0x000000010c1a49e0, 0x000000010c1a4a58]
Event: 337.921 Thread 0x00007fa99400e800 13736  s!   4       com.sun.jna.Memory::dispose (44 bytes)

GC Heap History (10 events):
Event: 245.712 GC heap before
{Heap before GC invocations=25 (full 9):
 PSYoungGen      total 293376K, used 1425K [0x00000007aab00000, 0x00000007c0000000, 0x00000007c0000000)
  eden space 237568K, 0% used [0x00000007aab00000,0x00000007aac645a8,0x00000007b9300000)
  from space 55808K, 0% used [0x00000007b9300000,0x00000007b9300000,0x00000007bc980000)
  to   space 53248K, 0% used [0x00000007bcc00000,0x00000007bcc00000,0x00000007c0000000)
 ParOldGen       total 699392K, used 100474K [0x0000000780000000, 0x00000007aab00000, 0x00000007aab00000)
  object space 699392K, 14% used [0x0000000780000000,0x000000078621eb18,0x00000007aab00000)
 Metaspace       used 126195K, capacity 142129K, committed 142380K, reserved 1173504K
  class space    used 17666K, capacity 18629K, committed 18732K, reserved 1048576K
Event: 245.716 GC heap after
Heap after GC invocations=25 (full 9):
 PSYoungGen      total 294912K, used 192K [0x00000007aab00000, 0x00000007c0000000, 0x00000007c0000000)
  eden space 241664K, 0% used [0x00000007aab00000,0x00000007aab00000,0x00000007b9700000)
  from space 53248K, 0% used [0x00000007bcc00000,0x00000007bcc30000,0x00000007c0000000)
  to   space 53760K, 0% used [0x00000007b9700000,0x00000007b9700000,0x00000007bcb80000)
 ParOldGen       total 699392K, used 100474K [0x0000000780000000, 0x00000007aab00000, 0x00000007aab00000)
  object space 699392K, 14% used [0x0000000780000000,0x000000078621eb18,0x00000007aab00000)
 Metaspace       used 126195K, capacity 142129K, committed 142380K, reserved 1173504K
  class space    used 17666K, capacity 18629K, committed 18732K, reserved 1048576K
}
Event: 245.716 GC heap before
{Heap before GC invocations=26 (full 10):
 PSYoungGen      total 294912K, used 192K [0x00000007aab00000, 0x00000007c0000000, 0x00000007c0000000)
  eden space 241664K, 0% used [0x00000007aab00000,0x00000007aab00000,0x00000007b9700000)
  from space 53248K, 0% used [0x00000007bcc00000,0x00000007bcc30000,0x00000007c0000000)
  to   space 53760K, 0% used [0x00000007b9700000,0x00000007b9700000,0x00000007bcb80000)
 ParOldGen       total 699392K, used 100474K [0x0000000780000000, 0x00000007aab00000, 0x00000007aab00000)
  object space 699392K, 14% used [0x0000000780000000,0x000000078621eb18,0x00000007aab00000)
 Metaspace       used 126195K, capacity 142129K, committed 142380K, reserved 1173504K
  class space    used 17666K, capacity 18629K, committed 18732K, reserved 1048576K
Event: 245.973 GC heap after
Heap after GC invocations=26 (full 10):
 PSYoungGen      total 294912K, used 0K [0x00000007aab00000, 0x00000007c0000000, 0x00000007c0000000)
  eden space 241664K, 0% used [0x00000007aab00000,0x00000007aab00000,0x00000007b9700000)
  from space 53248K, 0% used [0x00000007bcc00000,0x00000007bcc00000,0x00000007c0000000)
  to   space 53760K, 0% used [0x00000007b9700000,0x00000007b9700000,0x00000007bcb80000)
 ParOldGen       total 699392K, used 97890K [0x0000000780000000, 0x00000007aab00000, 0x00000007aab00000)
  object space 699392K, 13% used [0x0000000780000000,0x0000000785f98938,0x00000007aab00000)
 Metaspace       used 126195K, capacity 142129K, committed 142380K, reserved 1173504K
  class space    used 17666K, capacity 18629K, committed 18732K, reserved 1048576K
}
Event: 246.454 GC heap before
{Heap before GC invocations=27 (full 10):
 PSYoungGen      total 294912K, used 241664K [0x00000007aab00000, 0x00000007c0000000, 0x00000007c0000000)
  eden space 241664K, 100% used [0x00000007aab00000,0x00000007b9700000,0x00000007b9700000)
  from space 53248K, 0% used [0x00000007bcc00000,0x00000007bcc00000,0x00000007c0000000)
  to   space 53760K, 0% used [0x00000007b9700000,0x00000007b9700000,0x00000007bcb80000)
 ParOldGen       total 699392K, used 97890K [0x0000000780000000, 0x00000007aab00000, 0x00000007aab00000)
  object space 699392K, 13% used [0x0000000780000000,0x0000000785f98938,0x00000007aab00000)
 Metaspace       used 126767K, capacity 142863K, committed 142892K, reserved 1173504K
  class space    used 17759K, capacity 18714K, committed 18732K, reserved 1048576K
Event: 246.459 GC heap after
Heap after GC invocations=27 (full 10):
 PSYoungGen      total 295424K, used 3117K [0x00000007aab00000, 0x00000007c0000000, 0x00000007c0000000)
  eden space 241664K, 0% used [0x00000007aab00000,0x00000007aab00000,0x00000007b9700000)
  from space 53760K, 5% used [0x00000007b9700000,0x00000007b9a0b460,0x00000007bcb80000)
  to   space 53248K, 0% used [0x00000007bcc00000,0x00000007bcc00000,0x00000007c0000000)
 ParOldGen       total 699392K, used 97898K [0x0000000780000000, 0x00000007aab00000, 0x00000007aab00000)
  object space 699392K, 13% used [0x0000000780000000,0x0000000785f9a938,0x00000007aab00000)
 Metaspace       used 126767K, capacity 142863K, committed 142892K, reserved 1173504K
  class space    used 17759K, capacity 18714K, committed 18732K, reserved 1048576K
}
Event: 337.476 GC heap before
{Heap before GC invocations=28 (full 10):
 PSYoungGen      total 295424K, used 240188K [0x00000007aab00000, 0x00000007c0000000, 0x00000007c0000000)
  eden space 241664K, 98% used [0x00000007aab00000,0x00000007b9283f60,0x00000007b9700000)
  from space 53760K, 5% used [0x00000007b9700000,0x00000007b9a0b460,0x00000007bcb80000)
  to   space 53248K, 0% used [0x00000007bcc00000,0x00000007bcc00000,0x00000007c0000000)
 ParOldGen       total 699392K, used 97898K [0x0000000780000000, 0x00000007aab00000, 0x00000007aab00000)
  object space 699392K, 13% used [0x0000000780000000,0x0000000785f9a938,0x00000007aab00000)
 Metaspace       used 128630K, capacity 144873K, committed 145196K, reserved 1175552K
  class space    used 17915K, capacity 18911K, committed 18988K, reserved 1048576K
Event: 337.487 GC heap after
Heap after GC invocations=28 (full 10):
 PSYoungGen      total 299008K, used 14440K [0x00000007aab00000, 0x00000007c0000000, 0x00000007c0000000)
  eden space 245760K, 0% used [0x00000007aab00000,0x00000007aab00000,0x00000007b9b00000)
  from space 53248K, 27% used [0x00000007bcc00000,0x00000007bda1a100,0x00000007c0000000)
  to   space 50176K, 0% used [0x00000007b9b00000,0x00000007b9b00000,0x00000007bcc00000)
 ParOldGen       total 699392K, used 97906K [0x0000000780000000, 0x00000007aab00000, 0x00000007aab00000)
  object space 699392K, 13% used [0x0000000780000000,0x0000000785f9c938,0x00000007aab00000)
 Metaspace       used 128630K, capacity 144873K, committed 145196K, reserved 1175552K
  class space    used 17915K, capacity 18911K, committed 18988K, reserved 1048576K
}
Event: 337.487 GC heap before
{Heap before GC invocations=29 (full 11):
 PSYoungGen      total 299008K, used 14440K [0x00000007aab00000, 0x00000007c0000000, 0x00000007c0000000)
  eden space 245760K, 0% used [0x00000007aab00000,0x00000007aab00000,0x00000007b9b00000)
  from space 53248K, 27% used [0x00000007bcc00000,0x00000007bda1a100,0x00000007c0000000)
  to   space 50176K, 0% used [0x00000007b9b00000,0x00000007b9b00000,0x00000007bcc00000)
 ParOldGen       total 699392K, used 97906K [0x0000000780000000, 0x00000007aab00000, 0x00000007aab00000)
  object space 699392K, 13% used [0x0000000780000000,0x0000000785f9c938,0x00000007aab00000)
 Metaspace       used 128630K, capacity 144873K, committed 145196K, reserved 1175552K
  class space    used 17915K, capacity 18911K, committed 18988K, reserved 1048576K
Event: 337.918 GC heap after
Heap after GC invocations=29 (full 11):
 PSYoungGen      total 299008K, used 0K [0x00000007aab00000, 0x00000007c0000000, 0x00000007c0000000)
  eden space 245760K, 0% used [0x00000007aab00000,0x00000007aab00000,0x00000007b9b00000)
  from space 53248K, 0% used [0x00000007bcc00000,0x00000007bcc00000,0x00000007c0000000)
  to   space 50176K, 0% used [0x00000007b9b00000,0x00000007b9b00000,0x00000007bcc00000)
 ParOldGen       total 699392K, used 102140K [0x0000000780000000, 0x00000007aab00000, 0x00000007aab00000)
  object space 699392K, 14% used [0x0000000780000000,0x00000007863bf3b0,0x00000007aab00000)
 Metaspace       used 127818K, capacity 144043K, committed 145196K, reserved 1175552K
  class space    used 17877K, capacity 18869K, committed 18988K, reserved 1048576K
}

Deoptimization events (10 events):
Event: 246.296 Thread 0x00007fa99b707000 Uncommon trap: reason=unstable_if action=reinterpret pc=0x000000010b730ce0 method=java.io.BufferedInputStream.read1([BII)I @ 29
Event: 246.325 Thread 0x00007fa997057000 Uncommon trap: reason=unstable_if action=reinterpret pc=0x000000010c1a4e90 method=java.util.HashMap.removeNode(ILjava/lang/Object;Ljava/lang/Object;ZZ)Ljava/util/HashMap$Node; @ 7
Event: 246.403 Thread 0x00007fa99b707000 Uncommon trap: reason=unstable_if action=reinterpret pc=0x000000010c382a5c method=com.google.inject.internal.asm.$Frame.b(I)V @ 26
Event: 246.507 Thread 0x00007fa9946ba000 Uncommon trap: reason=bimorphic action=maybe_recompile pc=0x000000010b8d77a4 method=java.util.HashMap.putMapEntries(Ljava/util/Map;Z)V @ 106
Event: 336.981 Thread 0x00007fa9984df800 Uncommon trap: reason=speculate_class_check action=maybe_recompile pc=0x000000010c2fa708 method=sjsonnew.Unbuilder.endObject()V @ 33
Event: 337.255 Thread 0x00007fa99871d800 Uncommon trap: reason=unstable_if action=reinterpret pc=0x000000010c17ee90 method=com.sun.tools.javac.jvm.ClassReader.classSigToType()Lcom/sun/tools/javac/code/Type; @ 148
Event: 337.309 Thread 0x00007fa99871d800 Uncommon trap: reason=unstable_if action=reinterpret pc=0x000000010b1ab5f8 method=java.util.HashMap.hash(Ljava/lang/Object;)I @ 1
Event: 337.374 Thread 0x00007fa99871d800 Uncommon trap: reason=array_check action=maybe_recompile pc=0x000000010c34e778 method=java.util.Arrays.fill([Ljava/lang/Object;Ljava/lang/Object;)V @ 13
Event: 337.374 Thread 0x00007fa99871d800 Uncommon trap: reason=array_check action=maybe_recompile pc=0x000000010c34e778 method=java.util.Arrays.fill([Ljava/lang/Object;Ljava/lang/Object;)V @ 13
Event: 337.921 Thread 0x00007fa9984df800 Uncommon trap: reason=unstable_if action=reinterpret pc=0x000000010b8a3110 method=java.util.HashMap$HashIterator.<init>(Ljava/util/HashMap;)V @ 45

Internal exceptions (10 events):
Event: 337.376 Thread 0x00007fa99871d800 Exception <a 'java/security/PrivilegedActionException'> (0x00000007b88da288) thrown at [/Users/java_re/workspace/8-2-build-macosx-x86_64/jdk8u131/8869/hotspot/src/share/vm/prims/jvm.cpp, line 1390]
Event: 337.376 Thread 0x00007fa99871d800 Exception <a 'java/security/PrivilegedActionException'> (0x00000007b88da868) thrown at [/Users/java_re/workspace/8-2-build-macosx-x86_64/jdk8u131/8869/hotspot/src/share/vm/prims/jvm.cpp, line 1390]
Event: 337.419 Thread 0x00007fa99871d800 Exception <a 'java/lang/NoSuchMethodError': java.lang.Object.$anonfun$constantValue$1$adapted(Ljava/lang/String;Lsbt/internal/inc/classfile/FieldOrMethodInfo;)Ljava/lang/Object;> (0x00000007b8e2a1a0) thrown at [/Users/java_re/workspace/8-2-build-macosx-x8
Event: 337.419 Thread 0x00007fa99871d800 Exception <a 'java/lang/NoSuchMethodError': java.lang.Object.$anonfun$constantValue$2$adapted(Ljava/lang/String;Ljava/lang/String;)Ljava/lang/Object;> (0x00000007b8e2fb70) thrown at [/Users/java_re/workspace/8-2-build-macosx-x86_64/jdk8u131/8869/hotspot/s
Event: 337.420 Thread 0x00007fa99871d800 Exception <a 'java/lang/NoSuchMethodError': java.lang.Object.$anonfun$constantValue$3(Lsbt/internal/inc/classfile/FieldOrMethodInfo;)Lscala/collection/IndexedSeq;> (0x00000007b8e34320) thrown at [/Users/java_re/workspace/8-2-build-macosx-x86_64/jdk8u131/8
Event: 337.421 Thread 0x00007fa99871d800 Exception <a 'java/lang/NoSuchMethodError': java.lang.Object.$anonfun$constantValue$4(Lsbt/internal/inc/classfile/ClassFile;Lsbt/internal/inc/classfile/Constant;)Ljava/lang/Object;> (0x00000007b8e48698) thrown at [/Users/java_re/workspace/8-2-build-macosx
Event: 337.464 Thread 0x00007fa9984df800 Exception <a 'sun/nio/fs/UnixException'> (0x00000007b6da82f0) thrown at [/Users/java_re/workspace/8-2-build-macosx-x86_64/jdk8u131/8869/hotspot/src/share/vm/prims/jni.cpp, line 709]
Event: 337.464 Thread 0x00007fa9984df800 Exception <a 'sun/nio/fs/UnixException'> (0x00000007b6da8bb0) thrown at [/Users/java_re/workspace/8-2-build-macosx-x86_64/jdk8u131/8869/hotspot/src/share/vm/prims/jni.cpp, line 709]
Event: 337.464 Thread 0x00007fa9984df800 Exception <a 'sun/nio/fs/UnixException'> (0x00000007b6da9b08) thrown at [/Users/java_re/workspace/8-2-build-macosx-x86_64/jdk8u131/8869/hotspot/src/share/vm/prims/jni.cpp, line 709]
Event: 337.464 Thread 0x00007fa9984df800 Exception <a 'sun/nio/fs/UnixException'> (0x00000007b6daa3a8) thrown at [/Users/java_re/workspace/8-2-build-macosx-x86_64/jdk8u131/8869/hotspot/src/share/vm/prims/jni.cpp, line 709]

Events (10 events):
Event: 337.919 Thread 0x00007fa998d75000 Thread exited: 0x00007fa998d75000
Event: 337.919 Thread 0x00007fa996523000 Thread exited: 0x00007fa996523000
Event: 337.919 Thread 0x00007fa995e81000 Thread exited: 0x00007fa995e81000
Event: 337.919 Thread 0x00007fa999e48800 Thread exited: 0x00007fa999e48800
Event: 337.920 Thread 0x00007fa99481a000 flushing nmethod 0x000000010ac25810
Event: 337.921 Executing VM operation: RevokeBias
Event: 337.921 Executing VM operation: RevokeBias done
Event: 337.921 Thread 0x00007fa9984df800 Uncommon trap: trap_request=0xffffff65 fr.pc=0x000000010b8a3110
Event: 337.921 Thread 0x00007fa9984df800 DEOPT PACKING pc=0x000000010b8a3110 sp=0x000070000a589690
Event: 337.921 Thread 0x00007fa9984df800 DEOPT UNPACKING pc=0x000000010a9c6229 sp=0x000070000a589598 mode 2


Dynamic libraries:
0x0000000017317000 	/System/Library/Frameworks/Cocoa.framework/Versions/A/Cocoa
0x0000000017317000 	/System/Library/Frameworks/Security.framework/Versions/A/Security
0x0000000017317000 	/System/Library/Frameworks/ApplicationServices.framework/Versions/A/ApplicationServices
0x0000000017317000 	/usr/lib/libz.1.dylib
0x0000000017317000 	/usr/lib/libSystem.B.dylib
0x0000000017317000 	/usr/lib/libobjc.A.dylib
0x0000000017317000 	/System/Library/Frameworks/CoreFoundation.framework/Versions/A/CoreFoundation
0x0000000017317000 	/System/Library/Frameworks/Foundation.framework/Versions/C/Foundation
0x0000000017317000 	/System/Library/Frameworks/AppKit.framework/Versions/C/AppKit
0x0000000017317000 	/System/Library/Frameworks/CoreData.framework/Versions/A/CoreData
0x0000000017317000 	/System/Library/PrivateFrameworks/RemoteViewServices.framework/Versions/A/RemoteViewServices
0x0000000017317000 	/System/Library/PrivateFrameworks/UIFoundation.framework/Versions/A/UIFoundation
0x0000000017317000 	/System/Library/PrivateFrameworks/DFRFoundation.framework/Versions/A/DFRFoundation
0x0000000017317000 	/System/Library/Frameworks/Metal.framework/Versions/A/Metal
0x0000000017317000 	/System/Library/PrivateFrameworks/DesktopServicesPriv.framework/Versions/A/DesktopServicesPriv
0x0000000017317000 	/usr/lib/libenergytrace.dylib
0x0000000017317000 	/System/Library/PrivateFrameworks/SkyLight.framework/Versions/A/SkyLight
0x0000000017317000 	/System/Library/Frameworks/CoreGraphics.framework/Versions/A/CoreGraphics
0x0000000017317000 	/usr/lib/libScreenReader.dylib
0x0000000017317000 	/System/Library/Frameworks/Accelerate.framework/Versions/A/Accelerate
0x0000000017317000 	/System/Library/Frameworks/IOSurface.framework/Versions/A/IOSurface
0x0000000017317000 	/System/Library/Frameworks/AudioToolbox.framework/Versions/A/AudioToolbox
0x0000000017317000 	/System/Library/Frameworks/AudioUnit.framework/Versions/A/AudioUnit
0x0000000017317000 	/System/Library/PrivateFrameworks/DataDetectorsCore.framework/Versions/A/DataDetectorsCore
0x0000000017317000 	/System/Library/Frameworks/Carbon.framework/Versions/A/Frameworks/HIToolbox.framework/Versions/A/HIToolbox
0x0000000017317000 	/usr/lib/libicucore.A.dylib
0x0000000017317000 	/System/Library/Frameworks/QuartzCore.framework/Versions/A/QuartzCore
0x0000000017317000 	/System/Library/PrivateFrameworks/SignpostNotification.framework/Versions/A/SignpostNotification
0x0000000017317000 	/System/Library/Frameworks/Carbon.framework/Versions/A/Frameworks/SpeechRecognition.framework/Versions/A/SpeechRecognition
0x0000000017317000 	/usr/lib/libauto.dylib
0x0000000017317000 	/usr/lib/libxml2.2.dylib
0x0000000017317000 	/System/Library/PrivateFrameworks/CoreUI.framework/Versions/A/CoreUI
0x0000000017317000 	/System/Library/Frameworks/CoreAudio.framework/Versions/A/CoreAudio
0x0000000017317000 	/System/Library/Frameworks/DiskArbitration.framework/Versions/A/DiskArbitration
0x0000000017317000 	/usr/lib/liblangid.dylib
0x0000000017317000 	/System/Library/PrivateFrameworks/MultitouchSupport.framework/Versions/A/MultitouchSupport
0x0000000017317000 	/System/Library/Frameworks/IOKit.framework/Versions/A/IOKit
0x0000000017317000 	/usr/lib/libDiagnosticMessagesClient.dylib
0x0000000017317000 	/System/Library/Frameworks/CoreServices.framework/Versions/A/CoreServices
0x0000000017317000 	/System/Library/PrivateFrameworks/PerformanceAnalysis.framework/Versions/A/PerformanceAnalysis
0x0000000017317000 	/System/Library/Frameworks/OpenGL.framework/Versions/A/OpenGL
0x0000000017317000 	/System/Library/Frameworks/ColorSync.framework/Versions/A/ColorSync
0x0000000017317000 	/System/Library/Frameworks/CoreImage.framework/Versions/A/CoreImage
0x0000000017317000 	/System/Library/Frameworks/CoreText.framework/Versions/A/CoreText
0x0000000017317000 	/System/Library/Frameworks/ImageIO.framework/Versions/A/ImageIO
0x0000000017317000 	/System/Library/PrivateFrameworks/Backup.framework/Versions/A/Backup
0x0000000017317000 	/usr/lib/libarchive.2.dylib
0x0000000017317000 	/System/Library/Frameworks/CFNetwork.framework/Versions/A/CFNetwork
0x0000000017317000 	/System/Library/Frameworks/SystemConfiguration.framework/Versions/A/SystemConfiguration
0x0000000017317000 	/usr/lib/libCRFSuite.dylib
0x0000000017317000 	/usr/lib/libc++.1.dylib
0x0000000017317000 	/usr/lib/libc++abi.dylib
0x0000000017317000 	/usr/lib/system/libcache.dylib
0x0000000017317000 	/usr/lib/system/libcommonCrypto.dylib
0x0000000017317000 	/usr/lib/system/libcompiler_rt.dylib
0x0000000017317000 	/usr/lib/system/libcopyfile.dylib
0x0000000017317000 	/usr/lib/system/libcorecrypto.dylib
0x0000000017317000 	/usr/lib/system/libdispatch.dylib
0x0000000017317000 	/usr/lib/system/libdyld.dylib
0x0000000017317000 	/usr/lib/system/libkeymgr.dylib
0x0000000017317000 	/usr/lib/system/liblaunch.dylib
0x0000000017317000 	/usr/lib/system/libmacho.dylib
0x0000000017317000 	/usr/lib/system/libquarantine.dylib
0x0000000017317000 	/usr/lib/system/libremovefile.dylib
0x0000000017317000 	/usr/lib/system/libsystem_asl.dylib
0x0000000017317000 	/usr/lib/system/libsystem_blocks.dylib
0x0000000017317000 	/usr/lib/system/libsystem_c.dylib
0x0000000017317000 	/usr/lib/system/libsystem_configuration.dylib
0x0000000017317000 	/usr/lib/system/libsystem_coreservices.dylib
0x0000000017317000 	/usr/lib/system/libsystem_darwin.dylib
0x0000000017317000 	/usr/lib/system/libsystem_dnssd.dylib
0x0000000017317000 	/usr/lib/system/libsystem_info.dylib
0x0000000017317000 	/usr/lib/system/libsystem_m.dylib
0x0000000017317000 	/usr/lib/system/libsystem_malloc.dylib
0x0000000017317000 	/usr/lib/system/libsystem_network.dylib
0x0000000017317000 	/usr/lib/system/libsystem_networkextension.dylib
0x0000000017317000 	/usr/lib/system/libsystem_notify.dylib
0x0000000017317000 	/usr/lib/system/libsystem_sandbox.dylib
0x0000000017317000 	/usr/lib/system/libsystem_secinit.dylib
0x0000000017317000 	/usr/lib/system/libsystem_kernel.dylib
0x0000000017317000 	/usr/lib/system/libsystem_platform.dylib
0x0000000017317000 	/usr/lib/system/libsystem_pthread.dylib
0x0000000017317000 	/usr/lib/system/libsystem_symptoms.dylib
0x0000000017317000 	/usr/lib/system/libsystem_trace.dylib
0x0000000017317000 	/usr/lib/system/libunwind.dylib
0x0000000017317000 	/usr/lib/system/libxpc.dylib
0x0000000017317000 	/usr/lib/closure/libclosured.dylib
0x0000000017317000 	/usr/lib/libbsm.0.dylib
0x0000000017317000 	/usr/lib/system/libkxld.dylib
0x0000000017317000 	/usr/lib/libOpenScriptingUtil.dylib
0x0000000017317000 	/usr/lib/libcoretls.dylib
0x0000000017317000 	/usr/lib/libcoretls_cfhelpers.dylib
0x0000000017317000 	/usr/lib/libpam.2.dylib
0x0000000017317000 	/usr/lib/libsqlite3.dylib
0x0000000017317000 	/usr/lib/libxar.1.dylib
0x0000000017317000 	/usr/lib/libbz2.1.0.dylib
0x0000000017317000 	/usr/lib/liblzma.5.dylib
0x0000000017317000 	/usr/lib/libnetwork.dylib
0x0000000017317000 	/usr/lib/libapple_nghttp2.dylib
0x0000000017317000 	/usr/lib/libpcap.A.dylib
0x0000000017317000 	/usr/lib/libboringssl.dylib
0x0000000017317000 	/usr/lib/libusrtcp.dylib
0x0000000017317000 	/usr/lib/libapple_crypto.dylib
0x0000000017317000 	/System/Library/Frameworks/CoreServices.framework/Versions/A/Frameworks/FSEvents.framework/Versions/A/FSEvents
0x0000000017317000 	/System/Library/Frameworks/CoreServices.framework/Versions/A/Frameworks/CarbonCore.framework/Versions/A/CarbonCore
0x0000000017317000 	/System/Library/Frameworks/CoreServices.framework/Versions/A/Frameworks/Metadata.framework/Versions/A/Metadata
0x0000000017317000 	/System/Library/Frameworks/CoreServices.framework/Versions/A/Frameworks/OSServices.framework/Versions/A/OSServices
0x0000000017317000 	/System/Library/Frameworks/CoreServices.framework/Versions/A/Frameworks/SearchKit.framework/Versions/A/SearchKit
0x0000000017317000 	/System/Library/Frameworks/CoreServices.framework/Versions/A/Frameworks/AE.framework/Versions/A/AE
0x0000000017317000 	/System/Library/Frameworks/CoreServices.framework/Versions/A/Frameworks/LaunchServices.framework/Versions/A/LaunchServices
0x0000000017317000 	/System/Library/Frameworks/CoreServices.framework/Versions/A/Frameworks/DictionaryServices.framework/Versions/A/DictionaryServices
0x0000000017317000 	/System/Library/Frameworks/CoreServices.framework/Versions/A/Frameworks/SharedFileList.framework/Versions/A/SharedFileList
0x0000000017317000 	/System/Library/Frameworks/NetFS.framework/Versions/A/NetFS
0x0000000017317000 	/System/Library/PrivateFrameworks/NetAuth.framework/Versions/A/NetAuth
0x0000000017317000 	/System/Library/PrivateFrameworks/login.framework/Versions/A/Frameworks/loginsupport.framework/Versions/A/loginsupport
0x0000000017317000 	/System/Library/PrivateFrameworks/TCC.framework/Versions/A/TCC
0x0000000017317000 	/usr/lib/libmecabra.dylib
0x0000000017317000 	/System/Library/Frameworks/ApplicationServices.framework/Versions/A/Frameworks/ATS.framework/Versions/A/ATS
0x0000000017317000 	/System/Library/Frameworks/ApplicationServices.framework/Versions/A/Frameworks/ColorSyncLegacy.framework/Versions/A/ColorSyncLegacy
0x0000000017317000 	/System/Library/Frameworks/ApplicationServices.framework/Versions/A/Frameworks/HIServices.framework/Versions/A/HIServices
0x0000000017317000 	/System/Library/Frameworks/ApplicationServices.framework/Versions/A/Frameworks/LangAnalysis.framework/Versions/A/LangAnalysis
0x0000000017317000 	/System/Library/Frameworks/ApplicationServices.framework/Versions/A/Frameworks/PrintCore.framework/Versions/A/PrintCore
0x0000000017317000 	/System/Library/Frameworks/ApplicationServices.framework/Versions/A/Frameworks/QD.framework/Versions/A/QD
0x0000000017317000 	/System/Library/Frameworks/ApplicationServices.framework/Versions/A/Frameworks/SpeechSynthesis.framework/Versions/A/SpeechSynthesis
0x0000000017317000 	/System/Library/Frameworks/CoreDisplay.framework/Versions/A/CoreDisplay
0x0000000017317000 	/System/Library/Frameworks/Accelerate.framework/Versions/A/Frameworks/vImage.framework/Versions/A/vImage
0x0000000017317000 	/System/Library/Frameworks/Accelerate.framework/Versions/A/Frameworks/vecLib.framework/Versions/A/vecLib
0x0000000017317000 	/System/Library/Frameworks/Accelerate.framework/Versions/A/Frameworks/vecLib.framework/Versions/A/libvDSP.dylib
0x0000000017317000 	/System/Library/Frameworks/Accelerate.framework/Versions/A/Frameworks/vecLib.framework/Versions/A/libBNNS.dylib
0x0000000017317000 	/System/Library/Frameworks/Accelerate.framework/Versions/A/Frameworks/vecLib.framework/Versions/A/libQuadrature.dylib
0x0000000017317000 	/System/Library/Frameworks/Accelerate.framework/Versions/A/Frameworks/vecLib.framework/Versions/A/libvMisc.dylib
0x0000000017317000 	/System/Library/Frameworks/Accelerate.framework/Versions/A/Frameworks/vecLib.framework/Versions/A/libLAPACK.dylib
0x0000000017317000 	/System/Library/Frameworks/Accelerate.framework/Versions/A/Frameworks/vecLib.framework/Versions/A/libBLAS.dylib
0x0000000017317000 	/System/Library/Frameworks/Accelerate.framework/Versions/A/Frameworks/vecLib.framework/Versions/A/libLinearAlgebra.dylib
0x0000000017317000 	/System/Library/Frameworks/Accelerate.framework/Versions/A/Frameworks/vecLib.framework/Versions/A/libSparse.dylib
0x0000000017317000 	/System/Library/Frameworks/Accelerate.framework/Versions/A/Frameworks/vecLib.framework/Versions/A/libSparseBLAS.dylib
0x0000000017317000 	/System/Library/PrivateFrameworks/GPUWrangler.framework/Versions/A/GPUWrangler
0x0000000017317000 	/System/Library/PrivateFrameworks/IOAccelerator.framework/Versions/A/IOAccelerator
0x0000000017317000 	/System/Library/PrivateFrameworks/IOPresentment.framework/Versions/A/IOPresentment
0x0000000017317000 	/System/Library/PrivateFrameworks/DSExternalDisplay.framework/Versions/A/DSExternalDisplay
0x0000000017317000 	/System/Library/Frameworks/OpenGL.framework/Versions/A/Libraries/libCoreFSCache.dylib
0x0000000017317000 	/System/Library/Frameworks/CoreVideo.framework/Versions/A/CoreVideo
0x0000000017317000 	/System/Library/PrivateFrameworks/GraphVisualizer.framework/Versions/A/GraphVisualizer
0x0000000017317000 	/System/Library/Frameworks/MetalPerformanceShaders.framework/Versions/A/MetalPerformanceShaders
0x0000000017317000 	/usr/lib/libFosl_dynamic.dylib
0x0000000017317000 	/System/Library/PrivateFrameworks/FaceCore.framework/Versions/A/FaceCore
0x0000000017317000 	/System/Library/Frameworks/OpenCL.framework/Versions/A/OpenCL
0x0000000017317000 	/usr/lib/libcompression.dylib
0x0000000017317000 	/System/Library/Frameworks/ApplicationServices.framework/Versions/A/Frameworks/ATS.framework/Versions/A/Resources/libFontParser.dylib
0x0000000017317000 	/System/Library/Frameworks/ApplicationServices.framework/Versions/A/Frameworks/ATS.framework/Versions/A/Resources/libFontRegistry.dylib
0x0000000017317000 	/System/Library/Frameworks/ImageIO.framework/Versions/A/Resources/libJPEG.dylib
0x0000000017317000 	/System/Library/Frameworks/ImageIO.framework/Versions/A/Resources/libTIFF.dylib
0x0000000017317000 	/System/Library/Frameworks/ImageIO.framework/Versions/A/Resources/libPng.dylib
0x0000000017317000 	/System/Library/Frameworks/ImageIO.framework/Versions/A/Resources/libGIF.dylib
0x0000000017317000 	/System/Library/Frameworks/ImageIO.framework/Versions/A/Resources/libJP2.dylib
0x0000000017317000 	/System/Library/Frameworks/ImageIO.framework/Versions/A/Resources/libRadiance.dylib
0x0000000017317000 	/System/Library/PrivateFrameworks/AppleJPEG.framework/Versions/A/AppleJPEG
0x0000000017317000 	/System/Library/Frameworks/MetalPerformanceShaders.framework/Frameworks/MPSCore.framework/Versions/A/MPSCore
0x0000000017317000 	/System/Library/Frameworks/MetalPerformanceShaders.framework/Frameworks/MPSImage.framework/Versions/A/MPSImage
0x0000000017317000 	/System/Library/Frameworks/MetalPerformanceShaders.framework/Frameworks/MPSNeuralNetwork.framework/Versions/A/MPSNeuralNetwork
0x0000000017317000 	/System/Library/Frameworks/MetalPerformanceShaders.framework/Frameworks/MPSMatrix.framework/Versions/A/MPSMatrix
0x0000000017317000 	/System/Library/PrivateFrameworks/MetalTools.framework/Versions/A/MetalTools
0x0000000017317000 	/System/Library/Frameworks/OpenGL.framework/Versions/A/Libraries/libGLU.dylib
0x0000000017317000 	/System/Library/Frameworks/OpenGL.framework/Versions/A/Libraries/libGFXShared.dylib
0x0000000017317000 	/System/Library/Frameworks/OpenGL.framework/Versions/A/Libraries/libGL.dylib
0x0000000017317000 	/System/Library/Frameworks/OpenGL.framework/Versions/A/Libraries/libGLImage.dylib
0x0000000017317000 	/System/Library/Frameworks/OpenGL.framework/Versions/A/Libraries/libCVMSPluginSupport.dylib
0x0000000017317000 	/System/Library/Frameworks/OpenGL.framework/Versions/A/Libraries/libCoreVMClient.dylib
0x0000000017317000 	/usr/lib/libcups.2.dylib
0x0000000017317000 	/System/Library/Frameworks/Kerberos.framework/Versions/A/Kerberos
0x0000000017317000 	/System/Library/Frameworks/GSS.framework/Versions/A/GSS
0x0000000017317000 	/usr/lib/libresolv.9.dylib
0x0000000017317000 	/usr/lib/libiconv.2.dylib
0x0000000017317000 	/System/Library/PrivateFrameworks/Heimdal.framework/Versions/A/Heimdal
0x0000000017317000 	/usr/lib/libheimdal-asn1.dylib
0x0000000017317000 	/System/Library/Frameworks/OpenDirectory.framework/Versions/A/OpenDirectory
0x0000000017317000 	/System/Library/PrivateFrameworks/CommonAuth.framework/Versions/A/CommonAuth
0x0000000017317000 	/System/Library/Frameworks/OpenDirectory.framework/Versions/A/Frameworks/CFOpenDirectory.framework/Versions/A/CFOpenDirectory
0x0000000017317000 	/System/Library/Frameworks/SecurityFoundation.framework/Versions/A/SecurityFoundation
0x0000000017317000 	/System/Library/PrivateFrameworks/APFS.framework/Versions/A/APFS
0x0000000017317000 	/usr/lib/libutil.dylib
0x0000000017317000 	/System/Library/PrivateFrameworks/AppleSauce.framework/Versions/A/AppleSauce
0x0000000017317000 	/System/Library/PrivateFrameworks/LinguisticData.framework/Versions/A/LinguisticData
0x0000000017317000 	/usr/lib/libmarisa.dylib
0x0000000017317000 	/System/Library/PrivateFrameworks/Lexicon.framework/Versions/A/Lexicon
0x0000000017317000 	/usr/lib/libChineseTokenizer.dylib
0x0000000017317000 	/usr/lib/libcmph.dylib
0x0000000017317000 	/System/Library/PrivateFrameworks/LanguageModeling.framework/Versions/A/LanguageModeling
0x0000000017317000 	/System/Library/PrivateFrameworks/CoreEmoji.framework/Versions/A/CoreEmoji
0x0000000017317000 	/System/Library/Frameworks/ServiceManagement.framework/Versions/A/ServiceManagement
0x0000000017317000 	/System/Library/PrivateFrameworks/BackgroundTaskManagement.framework/Versions/A/BackgroundTaskManagement
0x0000000017317000 	/usr/lib/libxslt.1.dylib
0x0000000017317000 	/System/Library/Frameworks/Carbon.framework/Versions/A/Frameworks/Ink.framework/Versions/A/Ink
0x0000000017317000 	/System/Library/PrivateFrameworks/TextureIO.framework/Versions/A/TextureIO
0x0000000017317000 	/usr/lib/libate.dylib
0x0000000017317000 	/System/Library/PrivateFrameworks/CrashReporterSupport.framework/Versions/A/CrashReporterSupport
0x0000000017317000 	/System/Library/PrivateFrameworks/Sharing.framework/Versions/A/Sharing
0x0000000017317000 	/System/Library/PrivateFrameworks/IconServices.framework/Versions/A/IconServices
0x0000000017317000 	/System/Library/PrivateFrameworks/AuthKit.framework/Versions/A/AuthKit
0x0000000017317000 	/System/Library/PrivateFrameworks/Apple80211.framework/Versions/A/Apple80211
0x0000000017317000 	/System/Library/PrivateFrameworks/CoreUtils.framework/Versions/A/CoreUtils
0x0000000017317000 	/System/Library/Frameworks/CoreWLAN.framework/Versions/A/CoreWLAN
0x0000000017317000 	/System/Library/Frameworks/IOBluetooth.framework/Versions/A/IOBluetooth
0x0000000017317000 	/System/Library/PrivateFrameworks/ProtocolBuffer.framework/Versions/A/ProtocolBuffer
0x0000000017317000 	/System/Library/PrivateFrameworks/MobileKeyBag.framework/Versions/A/MobileKeyBag
0x0000000017317000 	/System/Library/PrivateFrameworks/CorePhoneNumbers.framework/Versions/A/CorePhoneNumbers
0x0000000017317000 	/System/Library/PrivateFrameworks/AppleIDAuthSupport.framework/Versions/A/AppleIDAuthSupport
0x0000000017317000 	/System/Library/PrivateFrameworks/KeychainCircle.framework/Versions/A/KeychainCircle
0x0000000017317000 	/System/Library/PrivateFrameworks/CoreWiFi.framework/Versions/A/CoreWiFi
0x0000000017317000 	/System/Library/Frameworks/CoreBluetooth.framework/Versions/A/CoreBluetooth
0x0000000017317000 	/System/Library/PrivateFrameworks/DebugSymbols.framework/Versions/A/DebugSymbols
0x0000000017317000 	/System/Library/PrivateFrameworks/CoreSymbolication.framework/Versions/A/CoreSymbolication
0x0000000017317000 	/System/Library/PrivateFrameworks/Symbolication.framework/Versions/A/Symbolication
0x0000000017317000 	/System/Library/PrivateFrameworks/AppleFSCompression.framework/Versions/A/AppleFSCompression
0x0000000017317000 	/System/Library/PrivateFrameworks/SpeechRecognitionCore.framework/Versions/A/SpeechRecognitionCore
0x0000000109a1e000 	/Library/Java/JavaVirtualMachines/jdk1.8.0_131.jdk/Contents/Home/jre/lib/server/libjvm.dylib
0x0000000017317000 	/usr/lib/libstdc++.6.0.9.dylib
0x0000000107913000 	/Library/Java/JavaVirtualMachines/jdk1.8.0_131.jdk/Contents/Home/jre/lib/libverify.dylib
0x0000000107921000 	/Library/Java/JavaVirtualMachines/jdk1.8.0_131.jdk/Contents/Home/jre/lib/libjava.dylib
0x00000001079a0000 	/Library/Java/JavaVirtualMachines/jdk1.8.0_131.jdk/Contents/Home/jre/lib/libzip.dylib
0x0000000017317000 	/System/Library/Frameworks/JavaVM.framework/Versions/A/Frameworks/JavaRuntimeSupport.framework/Versions/A/JavaRuntimeSupport
0x0000000017317000 	/System/Library/Frameworks/JavaVM.framework/Versions/A/Frameworks/JavaNativeFoundation.framework/Versions/A/JavaNativeFoundation
0x0000000017317000 	/System/Library/Frameworks/JavaVM.framework/Versions/A/JavaVM
0x0000000017317000 	/System/Library/Frameworks/Carbon.framework/Versions/A/Carbon
0x0000000017317000 	/System/Library/PrivateFrameworks/JavaLaunching.framework/Versions/A/JavaLaunching
0x0000000017317000 	/System/Library/Frameworks/Carbon.framework/Versions/A/Frameworks/CommonPanels.framework/Versions/A/CommonPanels
0x0000000017317000 	/System/Library/Frameworks/Carbon.framework/Versions/A/Frameworks/Help.framework/Versions/A/Help
0x0000000017317000 	/System/Library/Frameworks/Carbon.framework/Versions/A/Frameworks/ImageCapture.framework/Versions/A/ImageCapture
0x0000000017317000 	/System/Library/Frameworks/Carbon.framework/Versions/A/Frameworks/OpenScripting.framework/Versions/A/OpenScripting
0x0000000017317000 	/System/Library/Frameworks/Carbon.framework/Versions/A/Frameworks/Print.framework/Versions/A/Print
0x0000000017317000 	/System/Library/Frameworks/Carbon.framework/Versions/A/Frameworks/SecurityHI.framework/Versions/A/SecurityHI
0x0000000118267000 	/Library/Java/JavaVirtualMachines/jdk1.8.0_131.jdk/Contents/Home/jre/lib/libnet.dylib
0x00000001182c6000 	/Library/Java/JavaVirtualMachines/jdk1.8.0_131.jdk/Contents/Home/jre/lib/libnio.dylib
0x0000000118c26000 	/Library/Java/JavaVirtualMachines/jdk1.8.0_131.jdk/Contents/Home/jre/lib/libmanagement.dylib
0x000000011844b000 	/private/var/folders/m1/sf07twbn7s1frc5cbwh2_vx40000gn/T/jna-942778377/jna1416610391866823171.tmp
0x0000000119e54000 	/Library/Java/JavaVirtualMachines/jdk1.8.0_131.jdk/Contents/Home/jre/lib/libsunec.dylib
0x000000011a129000 	/private/var/folders/m1/sf07twbn7s1frc5cbwh2_vx40000gn/T/sqlite-3.8.6-x86_64-libsqlitejdbc.jnilib

VM Arguments:
jvm_args: -Xms1024m -Xmx1024m -XX:ReservedCodeCacheSize=128m -XX:MaxMetaspaceSize=256m 
java_command: /usr/local/Cellar/sbt/1.2.1/libexec/bin/sbt-launch.jar run
java_class_path (initial): /usr/local/Cellar/sbt/1.2.1/libexec/bin/sbt-launch.jar
Launcher Type: SUN_STANDARD

Environment Variables:
PATH=/Users/bingerso/.rvm/gems/ruby-2.4.0/bin:/Users/bingerso/.rvm/gems/ruby-2.4.0@global/bin:/Users/bingerso/.rvm/rubies/ruby-2.4.0/bin:/usr/local/bin:/usr/bin:/bin:/usr/sbin:/sbin:/Applications/VMware Fusion.app/Contents/Public:/usr/local/go/bin:/usr/local/share/dotnet:/opt/X11/bin:/usr/local/bin/jamf:/Library/Frameworks/Mono.framework/Versions/Current/Commands:/Applications/Xamarin Workbooks.app/Contents/SharedSupport/path-bin:/Users/bingerso/.rvm/bin
SHELL=/bin/zsh
DISPLAY=/private/tmp/com.apple.launchd.q9NsqzoWdg/org.macosforge.xquartz:0

Signal Handlers:
SIGSEGV: [libjvm.dylib+0x5b1eb1], sa_mask[0]=11111111011111110111111111111111, sa_flags=SA_ONSTACK|SA_RESTART|SA_SIGINFO
SIGBUS: [libjvm.dylib+0x5b1eb1], sa_mask[0]=11111111011111110111111111111111, sa_flags=SA_RESTART|SA_SIGINFO
SIGFPE: [libjvm.dylib+0x488988], sa_mask[0]=11111111011111110111111111111111, sa_flags=SA_RESTART|SA_SIGINFO
SIGPIPE: [libjvm.dylib+0x488988], sa_mask[0]=11111111011111110111111111111111, sa_flags=SA_RESTART|SA_SIGINFO
SIGXFSZ: [libjvm.dylib+0x488988], sa_mask[0]=11111111011111110111111111111111, sa_flags=SA_RESTART|SA_SIGINFO
SIGILL: [libjvm.dylib+0x488988], sa_mask[0]=11111111011111110111111111111111, sa_flags=SA_RESTART|SA_SIGINFO
SIGUSR1: SIG_DFL, sa_mask[0]=00000000000000000000000000000000, sa_flags=SA_RESTART
SIGUSR2: [libjvm.dylib+0x4884a6], sa_mask[0]=00000000000000000000000000000000, sa_flags=SA_RESTART|SA_SIGINFO
SIGHUP: [libjvm.dylib+0x486a7d], sa_mask[0]=11111111011111110111111111111111, sa_flags=SA_RESTART|SA_SIGINFO
SIGINT: [libjvm.dylib+0x486a7d], sa_mask[0]=11111111011111110111111111111111, sa_flags=SA_RESTART|SA_SIGINFO
SIGTERM: [libjvm.dylib+0x486a7d], sa_mask[0]=11111111011111110111111111111111, sa_flags=SA_RESTART|SA_SIGINFO
SIGQUIT: [libjvm.dylib+0x486a7d], sa_mask[0]=11111111011111110111111111111111, sa_flags=SA_RESTART|SA_SIGINFO


---------------  S Y S T E M  ---------------

OS:Bsduname:Darwin 17.7.0 Darwin Kernel Version 17.7.0: Thu Jun 21 22:53:14 PDT 2018; root:xnu-4570.71.2~1/RELEASE_X86_64 x86_64
rlimit: STACK 8192k, CORE 0k, NPROC 1418, NOFILE 10240, AS infinity
load average:4.47 3.64 3.46

CPU:total 8 (initial active 8) (4 cores per cpu, 2 threads per core) family 6 model 70 stepping 1, cmov, cx8, fxsr, mmx, sse, sse2, sse3, ssse3, sse4.1, sse4.2, popcnt, avx, avx2, aes, clmul, erms, lzcnt, ht, tsc, tscinvbit, bmi1, bmi2

Memory: 4k page, physical 16777216k(557428k free)

/proc/meminfo:


vm_info: Java HotSpot(TM) 64-Bit Server VM (25.131-b11) for bsd-amd64 JRE (1.8.0_131-b11), built on Mar 15 2017 01:32:22 by "java_re" with gcc 4.2.1 (Based on Apple Inc. build 5658) (LLVM build 2336.11.00)

time: Tue Sep 25 22:48:07 2018
elapsed time: 337 seconds (0d 0h 5m 37s)

