#
# A fatal error has been detected by the Java Runtime Environment:
#
#  SIGSEGV (0xb) at pc=0x00000001229bc52c, pid=16408, tid=0x0000000000004803
#
# JRE version: Java(TM) SE Runtime Environment (8.0_131-b11) (build 1.8.0_131-b11)
# Java VM: Java HotSpot(TM) 64-Bit Server VM (25.131-b11 mixed mode bsd-amd64 compressed oops)
# Problematic frame:
# C  [sqlite-3.8.6-x86_64-libsqlitejdbc.jnilib+0xc52c]  Java_org_sqlite_core_NativeDB_restore+0x9a3c
#
# Failed to write core dump. Core dumps have been disabled. To enable core dumping, try "ulimit -c unlimited" before starting Java again
#
# If you would like to submit a bug report, please visit:
#   http://bugreport.java.com/bugreport/crash.jsp
# The crash happened outside the Java Virtual Machine in native code.
# See problematic frame for where to report the bug.
#

---------------  T H R E A D  ---------------

Current thread (0x00007f9d8d001000):  JavaThread "Finalizer" daemon [_thread_in_native, id=18435, stack(0x000070000bac6000,0x000070000bbc6000)]

siginfo: si_signo: 11 (SIGSEGV), si_code: 0 (unknown), si_addr: 0x0000000000000000

Registers:
RAX=0x9000000000000000, RBX=0x00007f9d8e586e20, RCX=0x000000010d7043a0, RDX=0x00007f9d8e586e20
RSP=0x000070000bbc5650, RBP=0x000070000bbc5670, RSI=0x000070000bbc5720, RDI=0x00007f9d8e586e20
R8 =0x00007f9d8c604048, R9 =0xffffffff00000000, R10=0x000000010de9c463, R11=0x000000010d3c5dcb
R12=0x0000000000000000, R13=0x000000012497cef8, R14=0x0000000000000000, R15=0x00007f9d8d001000
RIP=0x00000001229bc52c, EFLAGS=0x0000000000010202, ERR=0x0000000000000000
  TRAPNO=0x000000000000000d

Top of Stack: (sp=0x000070000bbc5650)
0x000070000bbc5650:   00000001229b1a00 000000012497cef8
0x000070000bbc5660:   000070000bbc5720 00007f9d8d001000
0x000070000bbc5670:   000070000bbc56f0 000000010de9c48f
0x000070000bbc5680:   000070000bbc56f0 000000010de9c245
0x000070000bbc5690:   0000000000000000 000000010de9c211
0x000070000bbc56a0:   0000000000000003 0000000785377370
0x000070000bbc56b0:   000070000bbc56a0 000000012497cef8
0x000070000bbc56c0:   000070000bbc5720 000000012503d250
0x000070000bbc56d0:   0000000000000000 000000012497cef8
0x000070000bbc56e0:   0000000000000000 000070000bbc5710
0x000070000bbc56f0:   000070000bbc5768 000000010de8bd00
0x000070000bbc5700:   0000000000000000 000000010de95536
0x000070000bbc5710:   00007f9d8e586e20 00007f9d8e586e20
0x000070000bbc5720:   0000000785377370 000070000bbc5728
0x000070000bbc5730:   0000000125057ef4 000070000bbc5778
0x000070000bbc5740:   0000000125066460 0000000000000000
0x000070000bbc5750:   0000000125057f38 000070000bbc5710
0x000070000bbc5760:   000070000bbc5778 000070000bbc57c0
0x000070000bbc5770:   000000010de8c2bd 0000000785377498
0x000070000bbc5780:   000070000bbc5780 00000001250571f2
0x000070000bbc5790:   000070000bbc57d8 0000000125065950
0x000070000bbc57a0:   0000000000000000 0000000125057248
0x000070000bbc57b0:   000070000bbc5778 000070000bbc57d8
0x000070000bbc57c0:   000070000bbc5820 000000010de8c2bd
0x000070000bbc57d0:   0000000000000000 0000000785377460
0x000070000bbc57e0:   000070000bbc57e0 0000000125054619
0x000070000bbc57f0:   000070000bbc5830 0000000125065c38
0x000070000bbc5800:   0000000000000000 0000000125054638
0x000070000bbc5810:   000070000bbc57d8 000070000bbc5830
0x000070000bbc5820:   000070000bbc5878 000000010de8c2bd
0x000070000bbc5830:   0000000785377460 000070000bbc5838
0x000070000bbc5840:   00000001250546d9 000070000bbc5888 

Instructions: (pc=0x00000001229bc52c)
0x00000001229bc50c:   1f 44 00 00 55 48 89 e5 41 57 41 56 53 50 48 89
0x00000001229bc51c:   fb 45 31 f6 48 85 db 0f 84 b4 00 00 00 48 8b 03
0x00000001229bc52c:   48 8b 78 18 48 85 ff 74 06 ff 15 45 b2 0f 00 48
0x00000001229bc53c:   89 df e8 ad 00 00 00 41 89 c6 c7 83 80 00 00 00 

Register to memory mapping:

RAX=0x9000000000000000 is an unknown value
RBX=0x00007f9d8e586e20 is an unknown value
RCX=0x000000010d7043a0: UseMembar+0 in /Library/Java/JavaVirtualMachines/jdk1.8.0_131.jdk/Contents/Home/jre/lib/server/libjvm.dylib at 0x000000010cee1000
RDX=0x00007f9d8e586e20 is an unknown value
RSP=0x000070000bbc5650 is pointing into the stack for thread: 0x00007f9d8d001000
RBP=0x000070000bbc5670 is pointing into the stack for thread: 0x00007f9d8d001000
RSI=0x000070000bbc5720 is pointing into the stack for thread: 0x00007f9d8d001000
RDI=0x00007f9d8e586e20 is an unknown value
R8 =0x00007f9d8c604048 is an unknown value
R9 =0xffffffff00000000 is an unknown value
R10=0x000000010de9c463 is at code_begin+1187 in an Interpreter codelet
method entry point (kind = native_synchronized)  [0x000000010de9bfc0, 0x000000010de9ca40]  2688 bytes
R11=0x000000010d3c5dcb: throw_unsatisfied_link_error+0 in /Library/Java/JavaVirtualMachines/jdk1.8.0_131.jdk/Contents/Home/jre/lib/server/libjvm.dylib at 0x000000010cee1000
R12=0x0000000000000000 is an unknown value
R13={method} {0x000000012497cef8} 'reset' '(J)I' in 'org/sqlite/core/NativeDB'
R14=0x0000000000000000 is an unknown value
R15=0x00007f9d8d001000 is a thread


Stack: [0x000070000bac6000,0x000070000bbc6000],  sp=0x000070000bbc5650,  free space=1021k
Native frames: (J=compiled Java code, j=interpreted, Vv=VM code, C=native code)
C  [sqlite-3.8.6-x86_64-libsqlitejdbc.jnilib+0xc52c]  Java_org_sqlite_core_NativeDB_restore+0x9a3c
j  org.sqlite.core.NativeDB.reset(J)I+0
j  org.sqlite.core.CoreResultSet.close()V+76
j  org.sqlite.core.CoreStatement.internalClose()V+34
j  org.sqlite.jdbc3.JDBC3Statement.close()V+33
j  org.sqlite.jdbc3.JDBC3Statement.finalize()V+1
J 3993 C2 java.lang.ref.Finalizer.access$100(Ljava/lang/ref/Finalizer;Lsun/misc/JavaLangAccess;)V (6 bytes) @ 0x000000010e43003c [0x000000010e42fe60+0x1dc]
j  java.lang.ref.Finalizer$FinalizerThread.run()V+45
v  ~StubRoutines::call_stub
V  [libjvm.dylib+0x2ee5b6]  JavaCalls::call_helper(JavaValue*, methodHandle*, JavaCallArguments*, Thread*)+0x6ae
V  [libjvm.dylib+0x2eed5a]  JavaCalls::call_virtual(JavaValue*, KlassHandle, Symbol*, Symbol*, JavaCallArguments*, Thread*)+0x164
V  [libjvm.dylib+0x2eef06]  JavaCalls::call_virtual(JavaValue*, Handle, KlassHandle, Symbol*, Symbol*, Thread*)+0x4a
V  [libjvm.dylib+0x34965d]  thread_entry(JavaThread*, Thread*)+0x7c
V  [libjvm.dylib+0x56b87f]  JavaThread::thread_main_inner()+0x9b
V  [libjvm.dylib+0x56cf6c]  JavaThread::run()+0x1c2
V  [libjvm.dylib+0x48b376]  java_start(Thread*)+0xf6
C  [libsystem_pthread.dylib+0x3661]  _pthread_body+0x154
C  [libsystem_pthread.dylib+0x350d]  _pthread_body+0x0
C  [libsystem_pthread.dylib+0x2bf9]  thread_start+0xd
C  0x0000000000000000

Java frames: (J=compiled Java code, j=interpreted, Vv=VM code)
j  org.sqlite.core.NativeDB.reset(J)I+0
j  org.sqlite.core.CoreResultSet.close()V+76
j  org.sqlite.core.CoreStatement.internalClose()V+34
j  org.sqlite.jdbc3.JDBC3Statement.close()V+33
j  org.sqlite.jdbc3.JDBC3Statement.finalize()V+1
J 3993 C2 java.lang.ref.Finalizer.access$100(Ljava/lang/ref/Finalizer;Lsun/misc/JavaLangAccess;)V (6 bytes) @ 0x000000010e43003c [0x000000010e42fe60+0x1dc]
j  java.lang.ref.Finalizer$FinalizerThread.run()V+45
v  ~StubRoutines::call_stub

---------------  P R O C E S S  ---------------

Java Threads: ( => current thread )
  0x00007f9d8f2be800 JavaThread "scala-execution-context-global-248" daemon [_thread_blocked, id=44303, stack(0x000070000e97b000,0x000070000ea7b000)]
  0x00007f9d8d42a800 JavaThread "scala-execution-context-global-249" daemon [_thread_blocked, id=34327, stack(0x000070000e878000,0x000070000e978000)]
  0x00007f9d92418000 JavaThread "scala-execution-context-global-247" daemon [_thread_blocked, id=33563, stack(0x000070000e775000,0x000070000e875000)]
  0x00007f9d939af800 JavaThread "scala-execution-context-global-246" daemon [_thread_blocked, id=44051, stack(0x000070000e672000,0x000070000e772000)]
  0x00007f9d92419000 JavaThread "scala-execution-context-global-245" daemon [_thread_blocked, id=32539, stack(0x000070000e56f000,0x000070000e66f000)]
  0x00007f9d939af000 JavaThread "scala-execution-context-global-244" daemon [_thread_blocked, id=43791, stack(0x000070000e46c000,0x000070000e56c000)]
  0x00007f9d94dc5800 JavaThread "scala-execution-context-global-243" daemon [_thread_blocked, id=41515, stack(0x000070000e369000,0x000070000e469000)]
  0x00007f9d90841000 JavaThread "scala-execution-context-global-242" daemon [_thread_blocked, id=24079, stack(0x000070000e266000,0x000070000e366000)]
  0x00007f9d97001800 JavaThread "play-dev-mode-akka.actor.default-dispatcher-21" [_thread_blocked, id=22291, stack(0x000070000ca1e000,0x000070000cb1e000)]
  0x00007f9d90178800 JavaThread "play-dev-mode-akka.actor.default-dispatcher-20" [_thread_blocked, id=34831, stack(0x000070000c818000,0x000070000c918000)]
  0x00007f9d8fa0b800 JavaThread "play-dev-mode-akka.actor.default-dispatcher-19" [_thread_blocked, id=35415, stack(0x000070000c612000,0x000070000c712000)]
  0x00007f9d90c2b800 JavaThread "play-dev-mode-akka.actor.default-dispatcher-18" [_thread_blocked, id=25871, stack(0x000070000c3e1000,0x000070000c4e1000)]
  0x00007f9d90801000 JavaThread "com.google.common.base.internal.Finalizer" daemon [_thread_blocked, id=44831, stack(0x000070000da4e000,0x000070000db4e000)]
  0x00007f9d93611000 JavaThread "application-akka.actor.default-dispatcher-4" [_thread_blocked, id=39975, stack(0x000070000d236000,0x000070000d336000)]
  0x00007f9d93db5800 JavaThread "application-scheduler-1" [_thread_blocked, id=44579, stack(0x000070000cf2d000,0x000070000d02d000)]
  0x00007f9d936cc000 JavaThread "HikariPool-3 housekeeper" daemon [_thread_blocked, id=23343, stack(0x000070000ce2a000,0x000070000cf2a000)]
  0x00007f9d91ed7800 JavaThread "AsyncAppender-Worker-ASYNCSTDOUT" daemon [_thread_blocked, id=32019, stack(0x000070000cd27000,0x000070000ce27000)]
  0x00007f9d91972000 JavaThread "AsyncAppender-Worker-ASYNCFILE" daemon [_thread_blocked, id=31767, stack(0x000070000cb21000,0x000070000cc21000)]
  0x00007f9d8d583000 JavaThread "play-dev-mode-akka.actor.default-dispatcher-15" [_thread_blocked, id=35139, stack(0x000070000c715000,0x000070000c815000)]
  0x00007f9d93e97800 JavaThread "play-dev-mode-akka.io.pinned-dispatcher-5" [_thread_in_native, id=30979, stack(0x000070000dc54000,0x000070000dd54000)]
  0x00007f9d93bbe800 JavaThread "play-dev-mode-scheduler-1" [_thread_blocked, id=36099, stack(0x000070000d848000,0x000070000d948000)]
  0x00007f9d90b79000 JavaThread "reloader-timer" daemon [_thread_blocked, id=30467, stack(0x000070000d745000,0x000070000d845000)]
  0x00007f9d93d98000 JavaThread "play-watch-service" daemon [_thread_blocked, id=29955, stack(0x000070000d642000,0x000070000d742000)]
  0x00007f9d95029800 JavaThread "WatchService for /Users/bingerso/GitHub-Projects/csc750-project2/bingers-project2/app" daemon [_thread_in_native, id=28419, stack(0x000070000d53f000,0x000070000d63f000)]
  0x00007f9d93d9a000 JavaThread "WatchService for /Users/bingerso/GitHub-Projects/csc750-project2/bingers-project2/conf" daemon [_thread_in_native, id=37891, stack(0x000070000d43c000,0x000070000d53c000)]
  0x00007f9d93912000 JavaThread "WatchService for /Users/bingerso/GitHub-Projects/csc750-project2/bingers-project2/public" daemon [_thread_in_native, id=40455, stack(0x000070000cc24000,0x000070000cd24000)]
  0x00007f9d94b04800 JavaThread "pool-5-thread-4" [_thread_in_native, id=42767, stack(0x000070000c91b000,0x000070000ca1b000)]
  0x00007f9d92e82000 JavaThread "sbt-web-akka.actor.default-dispatcher-3" [_thread_blocked, id=23819, stack(0x000070000c50f000,0x000070000c60f000)]
  0x00007f9d93d29800 JavaThread "sbt-web-scheduler-1" [_thread_blocked, id=40715, stack(0x000070000ae1c000,0x000070000af1c000)]
  0x00007f9d91416000 JavaThread "Log4j2-TF-1-AsyncLogger[AsyncContext@5702b3b1]-1" daemon [_thread_blocked, id=22019, stack(0x000070000c2de000,0x000070000c3de000)]
  0x00007f9d8d809800 JavaThread "Service Thread" daemon [_thread_blocked, id=13827, stack(0x000070000c0d8000,0x000070000c1d8000)]
  0x00007f9d8d01d000 JavaThread "C1 CompilerThread3" daemon [_thread_blocked, id=14851, stack(0x000070000bfd5000,0x000070000c0d5000)]
  0x00007f9d8e818000 JavaThread "C2 CompilerThread2" daemon [_thread_blocked, id=15107, stack(0x000070000bed2000,0x000070000bfd2000)]
  0x00007f9d8d01c800 JavaThread "C2 CompilerThread1" daemon [_thread_blocked, id=15363, stack(0x000070000bdcf000,0x000070000becf000)]
  0x00007f9d8d01a800 JavaThread "C2 CompilerThread0" daemon [_thread_blocked, id=15875, stack(0x000070000bccc000,0x000070000bdcc000)]
  0x00007f9d8d019000 JavaThread "Signal Dispatcher" daemon [_thread_blocked, id=16391, stack(0x000070000bbc9000,0x000070000bcc9000)]
=>0x00007f9d8d001000 JavaThread "Finalizer" daemon [_thread_in_native, id=18435, stack(0x000070000bac6000,0x000070000bbc6000)]
  0x00007f9d8d82f000 JavaThread "Reference Handler" daemon [_thread_blocked, id=18947, stack(0x000070000b9c3000,0x000070000bac3000)]
  0x00007f9d8e801800 JavaThread "main" [_thread_blocked, id=9475, stack(0x000070000afa5000,0x000070000b0a5000)]

Other Threads:
  0x00007f9d8e81c800 VMThread [stack: 0x000070000b8c0000,0x000070000b9c0000] [id=19459]
  0x00007f9d8f802000 WatcherThread [stack: 0x000070000c1db000,0x000070000c2db000] [id=14083]

VM state:at safepoint (normal execution)

VM Mutex/Monitor currently owned by a thread:  ([mutex/lock_event])
[0x00007f9d8c4110d0] Threads_lock - owner thread: 0x00007f9d8e81c800
[0x00007f9d8c4115d0] Heap_lock - owner thread: 0x00007f9d90178800

Heap:
 PSYoungGen      total 297472K, used 96K [0x00000007aab00000, 0x00000007c0000000, 0x00000007c0000000)
  eden space 248832K, 0% used [0x00000007aab00000,0x00000007aab00000,0x00000007b9e00000)
  from space 48640K, 0% used [0x00000007b9e00000,0x00000007b9e18000,0x00000007bcd80000)
  to   space 48640K, 0% used [0x00000007bd080000,0x00000007bd080000,0x00000007c0000000)
 ParOldGen       total 699392K, used 100579K [0x0000000780000000, 0x00000007aab00000, 0x00000007aab00000)
  object space 699392K, 14% used [0x0000000780000000,0x0000000786238df0,0x00000007aab00000)
 Metaspace       used 129622K, capacity 146025K, committed 148992K, reserved 1179648K
  class space    used 18017K, capacity 19055K, committed 19200K, reserved 1048576K

Card table byte_map: [0x0000000116084000,0x0000000116285000] byte_map_base: 0x0000000112484000

Marking Bits: (ParMarkBitMap*) 0x000000010d7d2ea0
 Begin Bits: [0x00000001163db000, 0x00000001173db000)
 End Bits:   [0x00000001173db000, 0x00000001183db000)

Polling page: 0x000000010bd6d000

CodeCache: size=131072Kb used=34441Kb max_used=34450Kb free=96630Kb
 bounds [0x000000010de84000, 0x0000000110064000, 0x0000000115e84000]
 total_blobs=13434 nmethods=12668 adapters=674
 compilation: enabled

Compilation events (10 events):
Event: 6706.948 Thread 0x00007f9d8e818000 nmethod 15603 0x000000011005e9d0 code [0x000000011005eb40, 0x000000011005eda8]
Event: 6706.948 Thread 0x00007f9d8e818000 15604       4       sbt.ConcurrentRestrictions$Tag::productElement (43 bytes)
Event: 6706.948 Thread 0x00007f9d8d01a800 nmethod 15602 0x0000000110057d50 code [0x0000000110057ee0, 0x0000000110058208]
Event: 6706.949 Thread 0x00007f9d8e818000 nmethod 15604 0x0000000110057a90 code [0x0000000110057be0, 0x0000000110057c88]
Event: 6706.959 Thread 0x00007f9d8d01a800 15605       4       scala.collection.convert.Wrappers$JMapWrapper::remove (6 bytes)
Event: 6707.342 Thread 0x00007f9d8d01c800 nmethod 15543 0x000000011005efd0 code [0x000000011005f300, 0x0000000110060440]
Event: 6707.342 Thread 0x00007f9d8d01d000 15606 %     3       java.lang.ref.Reference$ReferenceHandler::run @ 0 (8 bytes)
Event: 6707.343 Thread 0x00007f9d8d01d000 nmethod 15606% 0x0000000110057690 code [0x0000000110057800, 0x00000001100579e8]
Event: 6707.343 Thread 0x00007f9d8d01d000 15607       3       java.lang.ref.Reference$ReferenceHandler::run (8 bytes)
Event: 6707.343 Thread 0x00007f9d8d01d000 nmethod 15607 0x0000000110057290 code [0x0000000110057400, 0x00000001100575e8]

GC Heap History (10 events):
Event: 6582.126 GC heap before
{Heap before GC invocations=27 (full 9):
 PSYoungGen      total 295936K, used 1817K [0x00000007aab00000, 0x00000007c0000000, 0x00000007c0000000)
  eden space 242688K, 0% used [0x00000007aab00000,0x00000007aacc6610,0x00000007b9800000)
  from space 53248K, 0% used [0x00000007b9800000,0x00000007b9800000,0x00000007bcc00000)
  to   space 51712K, 0% used [0x00000007bcd80000,0x00000007bcd80000,0x00000007c0000000)
 ParOldGen       total 699392K, used 99498K [0x0000000780000000, 0x00000007aab00000, 0x00000007aab00000)
  object space 699392K, 14% used [0x0000000780000000,0x000000078612a9e0,0x00000007aab00000)
 Metaspace       used 128656K, capacity 144801K, committed 148736K, reserved 1179648K
  class space    used 17900K, capacity 18902K, committed 19200K, reserved 1048576K
Event: 6582.130 GC heap after
Heap after GC invocations=27 (full 9):
 PSYoungGen      total 296448K, used 160K [0x00000007aab00000, 0x00000007c0000000, 0x00000007c0000000)
  eden space 244736K, 0% used [0x00000007aab00000,0x00000007aab00000,0x00000007b9a00000)
  from space 51712K, 0% used [0x00000007bcd80000,0x00000007bcda8000,0x00000007c0000000)
  to   space 52224K, 0% used [0x00000007b9a00000,0x00000007b9a00000,0x00000007bcd00000)
 ParOldGen       total 699392K, used 99498K [0x0000000780000000, 0x00000007aab00000, 0x00000007aab00000)
  object space 699392K, 14% used [0x0000000780000000,0x000000078612a9e0,0x00000007aab00000)
 Metaspace       used 128656K, capacity 144801K, committed 148736K, reserved 1179648K
  class space    used 17900K, capacity 18902K, committed 19200K, reserved 1048576K
}
Event: 6582.130 GC heap before
{Heap before GC invocations=28 (full 10):
 PSYoungGen      total 296448K, used 160K [0x00000007aab00000, 0x00000007c0000000, 0x00000007c0000000)
  eden space 244736K, 0% used [0x00000007aab00000,0x00000007aab00000,0x00000007b9a00000)
  from space 51712K, 0% used [0x00000007bcd80000,0x00000007bcda8000,0x00000007c0000000)
  to   space 52224K, 0% used [0x00000007b9a00000,0x00000007b9a00000,0x00000007bcd00000)
 ParOldGen       total 699392K, used 99498K [0x0000000780000000, 0x00000007aab00000, 0x00000007aab00000)
  object space 699392K, 14% used [0x0000000780000000,0x000000078612a9e0,0x00000007aab00000)
 Metaspace       used 128656K, capacity 144801K, committed 148736K, reserved 1179648K
  class space    used 17900K, capacity 18902K, committed 19200K, reserved 1048576K
Event: 6582.362 GC heap after
Heap after GC invocations=28 (full 10):
 PSYoungGen      total 296448K, used 0K [0x00000007aab00000, 0x00000007c0000000, 0x00000007c0000000)
  eden space 244736K, 0% used [0x00000007aab00000,0x00000007aab00000,0x00000007b9a00000)
  from space 51712K, 0% used [0x00000007bcd80000,0x00000007bcd80000,0x00000007c0000000)
  to   space 52224K, 0% used [0x00000007b9a00000,0x00000007b9a00000,0x00000007bcd00000)
 ParOldGen       total 699392K, used 96876K [0x0000000780000000, 0x00000007aab00000, 0x00000007aab00000)
  object space 699392K, 13% used [0x0000000780000000,0x0000000785e9b2c8,0x00000007aab00000)
 Metaspace       used 128656K, capacity 144801K, committed 148736K, reserved 1179648K
  class space    used 17900K, capacity 18902K, committed 19200K, reserved 1048576K
}
Event: 6582.851 GC heap before
{Heap before GC invocations=29 (full 10):
 PSYoungGen      total 296448K, used 244726K [0x00000007aab00000, 0x00000007c0000000, 0x00000007c0000000)
  eden space 244736K, 99% used [0x00000007aab00000,0x00000007b99fd8a8,0x00000007b9a00000)
  from space 51712K, 0% used [0x00000007bcd80000,0x00000007bcd80000,0x00000007c0000000)
  to   space 52224K, 0% used [0x00000007b9a00000,0x00000007b9a00000,0x00000007bcd00000)
 ParOldGen       total 699392K, used 96876K [0x0000000780000000, 0x00000007aab00000, 0x00000007aab00000)
  object space 699392K, 13% used [0x0000000780000000,0x0000000785e9b2c8,0x00000007aab00000)
 Metaspace       used 128922K, capacity 145133K, committed 148736K, reserved 1179648K
  class space    used 17903K, capacity 18906K, committed 19200K, reserved 1048576K
Event: 6582.857 GC heap after
Heap after GC invocations=29 (full 10):
 PSYoungGen      total 296960K, used 2816K [0x00000007aab00000, 0x00000007c0000000, 0x00000007c0000000)
  eden space 244736K, 0% used [0x00000007aab00000,0x00000007aab00000,0x00000007b9a00000)
  from space 52224K, 5% used [0x00000007b9a00000,0x00000007b9cc0060,0x00000007bcd00000)
  to   space 51712K, 0% used [0x00000007bcd80000,0x00000007bcd80000,0x00000007c0000000)
 ParOldGen       total 699392K, used 96884K [0x0000000780000000, 0x00000007aab00000, 0x00000007aab00000)
  object space 699392K, 13% used [0x0000000780000000,0x0000000785e9d2c8,0x00000007aab00000)
 Metaspace       used 128922K, capacity 145133K, committed 148736K, reserved 1179648K
  class space    used 17903K, capacity 18906K, committed 19200K, reserved 1048576K
}
Event: 6706.962 GC heap before
{Heap before GC invocations=30 (full 10):
 PSYoungGen      total 296960K, used 227126K [0x00000007aab00000, 0x00000007c0000000, 0x00000007c0000000)
  eden space 244736K, 91% used [0x00000007aab00000,0x00000007b860da78,0x00000007b9a00000)
  from space 52224K, 5% used [0x00000007b9a00000,0x00000007b9cc0060,0x00000007bcd00000)
  to   space 51712K, 0% used [0x00000007bcd80000,0x00000007bcd80000,0x00000007c0000000)
 ParOldGen       total 699392K, used 96884K [0x0000000780000000, 0x00000007aab00000, 0x00000007aab00000)
  object space 699392K, 13% used [0x0000000780000000,0x0000000785e9d2c8,0x00000007aab00000)
 Metaspace       used 129825K, capacity 146279K, committed 148992K, reserved 1179648K
  class space    used 18029K, capacity 19097K, committed 19200K, reserved 1048576K
Event: 6706.983 GC heap after
Heap after GC invocations=30 (full 10):
 PSYoungGen      total 300544K, used 13913K [0x00000007aab00000, 0x00000007c0000000, 0x00000007c0000000)
  eden space 248832K, 0% used [0x00000007aab00000,0x00000007aab00000,0x00000007b9e00000)
  from space 51712K, 26% used [0x00000007bcd80000,0x00000007bdb167d8,0x00000007c0000000)
  to   space 48640K, 0% used [0x00000007b9e00000,0x00000007b9e00000,0x00000007bcd80000)
 ParOldGen       total 699392K, used 96892K [0x0000000780000000, 0x00000007aab00000, 0x00000007aab00000)
  object space 699392K, 13% used [0x0000000780000000,0x0000000785e9f2c8,0x00000007aab00000)
 Metaspace       used 129825K, capacity 146279K, committed 148992K, reserved 1179648K
  class space    used 18029K, capacity 19097K, committed 19200K, reserved 1048576K
}
Event: 6706.983 GC heap before
{Heap before GC invocations=31 (full 11):
 PSYoungGen      total 300544K, used 13913K [0x00000007aab00000, 0x00000007c0000000, 0x00000007c0000000)
  eden space 248832K, 0% used [0x00000007aab00000,0x00000007aab00000,0x00000007b9e00000)
  from space 51712K, 26% used [0x00000007bcd80000,0x00000007bdb167d8,0x00000007c0000000)
  to   space 48640K, 0% used [0x00000007b9e00000,0x00000007b9e00000,0x00000007bcd80000)
 ParOldGen       total 699392K, used 96892K [0x0000000780000000, 0x00000007aab00000, 0x00000007aab00000)
  object space 699392K, 13% used [0x0000000780000000,0x0000000785e9f2c8,0x00000007aab00000)
 Metaspace       used 129825K, capacity 146279K, committed 148992K, reserved 1179648K
  class space    used 18029K, capacity 19097K, committed 19200K, reserved 1048576K
Event: 6707.341 GC heap after
Heap after GC invocations=31 (full 11):
 PSYoungGen      total 300544K, used 0K [0x00000007aab00000, 0x00000007c0000000, 0x00000007c0000000)
  eden space 248832K, 0% used [0x00000007aab00000,0x00000007aab00000,0x00000007b9e00000)
  from space 51712K, 0% used [0x00000007bcd80000,0x00000007bcd80000,0x00000007c0000000)
  to   space 48640K, 0% used [0x00000007b9e00000,0x00000007b9e00000,0x00000007bcd80000)
 ParOldGen       total 699392K, used 100579K [0x0000000780000000, 0x00000007aab00000, 0x00000007aab00000)
  object space 699392K, 14% used [0x0000000780000000,0x0000000786238df0,0x00000007aab00000)
 Metaspace       used 129621K, capacity 146025K, committed 148992K, reserved 1179648K
  class space    used 18017K, capacity 19055K, committed 19200K, reserved 1048576K
}

Deoptimization events (10 events):
Event: 6526.471 Thread 0x00007f9d95029800 Uncommon trap: reason=unstable_if action=reinterpret pc=0x000000010e8dda74 method=java.lang.ref.SoftReference.get()Ljava/lang/Object; @ 6
Event: 6581.316 Thread 0x00007f9d8d583000 Uncommon trap: reason=speculate_class_check action=maybe_recompile pc=0x000000010f707e1c method=java.lang.StringCoding.decode(Ljava/nio/charset/Charset;[BII)[C @ 91
Event: 6581.327 Thread 0x00007f9d91f61800 Uncommon trap: reason=speculate_class_check action=maybe_recompile pc=0x000000010fb7900c method=sjsonnew.Unbuilder.endObject()V @ 33
Event: 6582.125 Thread 0x00007f9d8f15c800 Uncommon trap: reason=unstable_if action=reinterpret pc=0x000000010ed96144 method=java.util.HashMap$HashIterator.<init>(Ljava/util/HashMap;)V @ 45
Event: 6582.636 Thread 0x00007f9d90178800 Uncommon trap: reason=unstable_if action=reinterpret pc=0x000000010f757b10 method=java.util.concurrent.ForkJoinPool.tryCompensate(Ljava/util/concurrent/ForkJoinPool$WorkQueue;)Z @ 113
Event: 6582.712 Thread 0x00007f9d8d75b800 Uncommon trap: reason=unstable_if action=reinterpret pc=0x000000010f4ddefc method=java.util.HashMap.removeNode(ILjava/lang/Object;Ljava/lang/Object;ZZ)Ljava/util/HashMap$Node; @ 7
Event: 6582.912 Thread 0x00007f9d936b9800 Uncommon trap: reason=unstable_if action=reinterpret pc=0x000000010ea68ebc method=java.lang.StringCoding.safeTrim([CILjava/nio/charset/Charset;Z)[C @ 3
Event: 6706.482 Thread 0x00007f9d90178800 Uncommon trap: reason=speculate_class_check action=maybe_recompile pc=0x000000010f707e1c method=java.lang.StringCoding.decode(Ljava/nio/charset/Charset;[BII)[C @ 91
Event: 6706.711 Thread 0x00007f9d90232800 Uncommon trap: reason=null_check action=make_not_entrant pc=0x000000010ffbc6f8 method=com.sun.jna.Structure.getNativeAlignment(Ljava/lang/Class;Ljava/lang/Object;Z)I @ 6
Event: 6706.711 Thread 0x00007f9d90232800 Uncommon trap: reason=null_check action=make_not_entrant pc=0x000000010ffca018 method=com.sun.jna.Function.invoke(Ljava/lang/reflect/Method;[Ljava/lang/Class;Ljava/lang/Class;[Ljava/lang/Object;Ljava/util/Map;)Ljava/lang/Object; @ 207

Internal exceptions (10 events):
Event: 6706.787 Thread 0x00007f9d8d685800 Exception <a 'java/io/FileNotFoundException'> (0x00000007b7801428) thrown at [/Users/java_re/workspace/8-2-build-macosx-x86_64/jdk8u131/8869/hotspot/src/share/vm/prims/jni.cpp, line 709]
Event: 6706.787 Thread 0x00007f9d8d685800 Exception <a 'java/io/FileNotFoundException'> (0x00000007b7803290) thrown at [/Users/java_re/workspace/8-2-build-macosx-x86_64/jdk8u131/8869/hotspot/src/share/vm/prims/jni.cpp, line 709]
Event: 6706.870 Thread 0x00007f9d8d685800 Exception <a 'java/security/PrivilegedActionException'> (0x00000007b7f11380) thrown at [/Users/java_re/workspace/8-2-build-macosx-x86_64/jdk8u131/8869/hotspot/src/share/vm/prims/jvm.cpp, line 1390]
Event: 6706.870 Thread 0x00007f9d8d685800 Exception <a 'java/security/PrivilegedActionException'> (0x00000007b7f11960) thrown at [/Users/java_re/workspace/8-2-build-macosx-x86_64/jdk8u131/8869/hotspot/src/share/vm/prims/jvm.cpp, line 1390]
Event: 6706.871 Thread 0x00007f9d8d685800 Exception <a 'java/security/PrivilegedActionException'> (0x00000007b7f15430) thrown at [/Users/java_re/workspace/8-2-build-macosx-x86_64/jdk8u131/8869/hotspot/src/share/vm/prims/jvm.cpp, line 1390]
Event: 6706.871 Thread 0x00007f9d8d685800 Exception <a 'java/security/PrivilegedActionException'> (0x00000007b7f15a10) thrown at [/Users/java_re/workspace/8-2-build-macosx-x86_64/jdk8u131/8869/hotspot/src/share/vm/prims/jvm.cpp, line 1390]
Event: 6706.940 Thread 0x00007f9d8d685800 Exception <a 'sun/nio/fs/UnixException'> (0x00000007b8422868) thrown at [/Users/java_re/workspace/8-2-build-macosx-x86_64/jdk8u131/8869/hotspot/src/share/vm/prims/jni.cpp, line 709]
Event: 6706.940 Thread 0x00007f9d8d685800 Exception <a 'sun/nio/fs/UnixException'> (0x00000007b8423108) thrown at [/Users/java_re/workspace/8-2-build-macosx-x86_64/jdk8u131/8869/hotspot/src/share/vm/prims/jni.cpp, line 709]
Event: 6706.941 Thread 0x00007f9d8d685800 Exception <a 'sun/nio/fs/UnixException'> (0x00000007b8424060) thrown at [/Users/java_re/workspace/8-2-build-macosx-x86_64/jdk8u131/8869/hotspot/src/share/vm/prims/jni.cpp, line 709]
Event: 6706.941 Thread 0x00007f9d8d685800 Exception <a 'sun/nio/fs/UnixException'> (0x00000007b8424900) thrown at [/Users/java_re/workspace/8-2-build-macosx-x86_64/jdk8u131/8869/hotspot/src/share/vm/prims/jni.cpp, line 709]

Events (10 events):
Event: 6707.342 Executing VM operation: RevokeBias
Event: 6707.342 Thread 0x00007f9d94e8c800 Thread added: 0x00007f9d94e8c800
Event: 6707.342 Thread 0x00007f9d900ac000 Thread exited: 0x00007f9d900ac000
Event: 6707.342 Executing VM operation: RevokeBias done
Event: 6707.342 Thread 0x00007f9d900bf800 Thread exited: 0x00007f9d900bf800
Event: 6707.342 Thread 0x00007f9d94978800 Thread exited: 0x00007f9d94978800
Event: 6707.342 Thread 0x00007f9d90232800 Thread exited: 0x00007f9d90232800
Event: 6707.342 Thread 0x00007f9d91267000 Thread exited: 0x00007f9d91267000
Event: 6707.346 Executing VM operation: RevokeBias
Event: 6707.346 Executing VM operation: RevokeBias done


Dynamic libraries:
0x0000000017317000 	/System/Library/Frameworks/Cocoa.framework/Versions/A/Cocoa
0x0000000017317000 	/System/Library/Frameworks/Security.framework/Versions/A/Security
0x0000000017317000 	/System/Library/Frameworks/ApplicationServices.framework/Versions/A/ApplicationServices
0x0000000017317000 	/usr/lib/libz.1.dylib
0x0000000017317000 	/usr/lib/libSystem.B.dylib
0x0000000017317000 	/usr/lib/libobjc.A.dylib
0x0000000017317000 	/System/Library/Frameworks/CoreFoundation.framework/Versions/A/CoreFoundation
0x0000000017317000 	/System/Library/Frameworks/Foundation.framework/Versions/C/Foundation
0x0000000017317000 	/System/Library/Frameworks/AppKit.framework/Versions/C/AppKit
0x0000000017317000 	/System/Library/Frameworks/CoreData.framework/Versions/A/CoreData
0x0000000017317000 	/System/Library/PrivateFrameworks/RemoteViewServices.framework/Versions/A/RemoteViewServices
0x0000000017317000 	/System/Library/PrivateFrameworks/UIFoundation.framework/Versions/A/UIFoundation
0x0000000017317000 	/System/Library/PrivateFrameworks/DFRFoundation.framework/Versions/A/DFRFoundation
0x0000000017317000 	/System/Library/Frameworks/Metal.framework/Versions/A/Metal
0x0000000017317000 	/System/Library/PrivateFrameworks/DesktopServicesPriv.framework/Versions/A/DesktopServicesPriv
0x0000000017317000 	/usr/lib/libenergytrace.dylib
0x0000000017317000 	/System/Library/PrivateFrameworks/SkyLight.framework/Versions/A/SkyLight
0x0000000017317000 	/System/Library/Frameworks/CoreGraphics.framework/Versions/A/CoreGraphics
0x0000000017317000 	/usr/lib/libScreenReader.dylib
0x0000000017317000 	/System/Library/Frameworks/Accelerate.framework/Versions/A/Accelerate
0x0000000017317000 	/System/Library/Frameworks/IOSurface.framework/Versions/A/IOSurface
0x0000000017317000 	/System/Library/Frameworks/AudioToolbox.framework/Versions/A/AudioToolbox
0x0000000017317000 	/System/Library/Frameworks/AudioUnit.framework/Versions/A/AudioUnit
0x0000000017317000 	/System/Library/PrivateFrameworks/DataDetectorsCore.framework/Versions/A/DataDetectorsCore
0x0000000017317000 	/System/Library/Frameworks/Carbon.framework/Versions/A/Frameworks/HIToolbox.framework/Versions/A/HIToolbox
0x0000000017317000 	/usr/lib/libicucore.A.dylib
0x0000000017317000 	/System/Library/Frameworks/QuartzCore.framework/Versions/A/QuartzCore
0x0000000017317000 	/System/Library/PrivateFrameworks/SignpostNotification.framework/Versions/A/SignpostNotification
0x0000000017317000 	/System/Library/Frameworks/Carbon.framework/Versions/A/Frameworks/SpeechRecognition.framework/Versions/A/SpeechRecognition
0x0000000017317000 	/usr/lib/libauto.dylib
0x0000000017317000 	/usr/lib/libxml2.2.dylib
0x0000000017317000 	/System/Library/PrivateFrameworks/CoreUI.framework/Versions/A/CoreUI
0x0000000017317000 	/System/Library/Frameworks/CoreAudio.framework/Versions/A/CoreAudio
0x0000000017317000 	/System/Library/Frameworks/DiskArbitration.framework/Versions/A/DiskArbitration
0x0000000017317000 	/usr/lib/liblangid.dylib
0x0000000017317000 	/System/Library/PrivateFrameworks/MultitouchSupport.framework/Versions/A/MultitouchSupport
0x0000000017317000 	/System/Library/Frameworks/IOKit.framework/Versions/A/IOKit
0x0000000017317000 	/usr/lib/libDiagnosticMessagesClient.dylib
0x0000000017317000 	/System/Library/Frameworks/CoreServices.framework/Versions/A/CoreServices
0x0000000017317000 	/System/Library/PrivateFrameworks/PerformanceAnalysis.framework/Versions/A/PerformanceAnalysis
0x0000000017317000 	/System/Library/Frameworks/OpenGL.framework/Versions/A/OpenGL
0x0000000017317000 	/System/Library/Frameworks/ColorSync.framework/Versions/A/ColorSync
0x0000000017317000 	/System/Library/Frameworks/CoreImage.framework/Versions/A/CoreImage
0x0000000017317000 	/System/Library/Frameworks/CoreText.framework/Versions/A/CoreText
0x0000000017317000 	/System/Library/Frameworks/ImageIO.framework/Versions/A/ImageIO
0x0000000017317000 	/System/Library/PrivateFrameworks/Backup.framework/Versions/A/Backup
0x0000000017317000 	/usr/lib/libarchive.2.dylib
0x0000000017317000 	/System/Library/Frameworks/CFNetwork.framework/Versions/A/CFNetwork
0x0000000017317000 	/System/Library/Frameworks/SystemConfiguration.framework/Versions/A/SystemConfiguration
0x0000000017317000 	/usr/lib/libCRFSuite.dylib
0x0000000017317000 	/usr/lib/libc++.1.dylib
0x0000000017317000 	/usr/lib/libc++abi.dylib
0x0000000017317000 	/usr/lib/system/libcache.dylib
0x0000000017317000 	/usr/lib/system/libcommonCrypto.dylib
0x0000000017317000 	/usr/lib/system/libcompiler_rt.dylib
0x0000000017317000 	/usr/lib/system/libcopyfile.dylib
0x0000000017317000 	/usr/lib/system/libcorecrypto.dylib
0x0000000017317000 	/usr/lib/system/libdispatch.dylib
0x0000000017317000 	/usr/lib/system/libdyld.dylib
0x0000000017317000 	/usr/lib/system/libkeymgr.dylib
0x0000000017317000 	/usr/lib/system/liblaunch.dylib
0x0000000017317000 	/usr/lib/system/libmacho.dylib
0x0000000017317000 	/usr/lib/system/libquarantine.dylib
0x0000000017317000 	/usr/lib/system/libremovefile.dylib
0x0000000017317000 	/usr/lib/system/libsystem_asl.dylib
0x0000000017317000 	/usr/lib/system/libsystem_blocks.dylib
0x0000000017317000 	/usr/lib/system/libsystem_c.dylib
0x0000000017317000 	/usr/lib/system/libsystem_configuration.dylib
0x0000000017317000 	/usr/lib/system/libsystem_coreservices.dylib
0x0000000017317000 	/usr/lib/system/libsystem_darwin.dylib
0x0000000017317000 	/usr/lib/system/libsystem_dnssd.dylib
0x0000000017317000 	/usr/lib/system/libsystem_info.dylib
0x0000000017317000 	/usr/lib/system/libsystem_m.dylib
0x0000000017317000 	/usr/lib/system/libsystem_malloc.dylib
0x0000000017317000 	/usr/lib/system/libsystem_network.dylib
0x0000000017317000 	/usr/lib/system/libsystem_networkextension.dylib
0x0000000017317000 	/usr/lib/system/libsystem_notify.dylib
0x0000000017317000 	/usr/lib/system/libsystem_sandbox.dylib
0x0000000017317000 	/usr/lib/system/libsystem_secinit.dylib
0x0000000017317000 	/usr/lib/system/libsystem_kernel.dylib
0x0000000017317000 	/usr/lib/system/libsystem_platform.dylib
0x0000000017317000 	/usr/lib/system/libsystem_pthread.dylib
0x0000000017317000 	/usr/lib/system/libsystem_symptoms.dylib
0x0000000017317000 	/usr/lib/system/libsystem_trace.dylib
0x0000000017317000 	/usr/lib/system/libunwind.dylib
0x0000000017317000 	/usr/lib/system/libxpc.dylib
0x0000000017317000 	/usr/lib/closure/libclosured.dylib
0x0000000017317000 	/usr/lib/libbsm.0.dylib
0x0000000017317000 	/usr/lib/system/libkxld.dylib
0x0000000017317000 	/usr/lib/libOpenScriptingUtil.dylib
0x0000000017317000 	/usr/lib/libcoretls.dylib
0x0000000017317000 	/usr/lib/libcoretls_cfhelpers.dylib
0x0000000017317000 	/usr/lib/libpam.2.dylib
0x0000000017317000 	/usr/lib/libsqlite3.dylib
0x0000000017317000 	/usr/lib/libxar.1.dylib
0x0000000017317000 	/usr/lib/libbz2.1.0.dylib
0x0000000017317000 	/usr/lib/liblzma.5.dylib
0x0000000017317000 	/usr/lib/libnetwork.dylib
0x0000000017317000 	/usr/lib/libapple_nghttp2.dylib
0x0000000017317000 	/usr/lib/libpcap.A.dylib
0x0000000017317000 	/usr/lib/libboringssl.dylib
0x0000000017317000 	/usr/lib/libusrtcp.dylib
0x0000000017317000 	/usr/lib/libapple_crypto.dylib
0x0000000017317000 	/System/Library/Frameworks/CoreServices.framework/Versions/A/Frameworks/FSEvents.framework/Versions/A/FSEvents
0x0000000017317000 	/System/Library/Frameworks/CoreServices.framework/Versions/A/Frameworks/CarbonCore.framework/Versions/A/CarbonCore
0x0000000017317000 	/System/Library/Frameworks/CoreServices.framework/Versions/A/Frameworks/Metadata.framework/Versions/A/Metadata
0x0000000017317000 	/System/Library/Frameworks/CoreServices.framework/Versions/A/Frameworks/OSServices.framework/Versions/A/OSServices
0x0000000017317000 	/System/Library/Frameworks/CoreServices.framework/Versions/A/Frameworks/SearchKit.framework/Versions/A/SearchKit
0x0000000017317000 	/System/Library/Frameworks/CoreServices.framework/Versions/A/Frameworks/AE.framework/Versions/A/AE
0x0000000017317000 	/System/Library/Frameworks/CoreServices.framework/Versions/A/Frameworks/LaunchServices.framework/Versions/A/LaunchServices
0x0000000017317000 	/System/Library/Frameworks/CoreServices.framework/Versions/A/Frameworks/DictionaryServices.framework/Versions/A/DictionaryServices
0x0000000017317000 	/System/Library/Frameworks/CoreServices.framework/Versions/A/Frameworks/SharedFileList.framework/Versions/A/SharedFileList
0x0000000017317000 	/System/Library/Frameworks/NetFS.framework/Versions/A/NetFS
0x0000000017317000 	/System/Library/PrivateFrameworks/NetAuth.framework/Versions/A/NetAuth
0x0000000017317000 	/System/Library/PrivateFrameworks/login.framework/Versions/A/Frameworks/loginsupport.framework/Versions/A/loginsupport
0x0000000017317000 	/System/Library/PrivateFrameworks/TCC.framework/Versions/A/TCC
0x0000000017317000 	/usr/lib/libmecabra.dylib
0x0000000017317000 	/System/Library/Frameworks/ApplicationServices.framework/Versions/A/Frameworks/ATS.framework/Versions/A/ATS
0x0000000017317000 	/System/Library/Frameworks/ApplicationServices.framework/Versions/A/Frameworks/ColorSyncLegacy.framework/Versions/A/ColorSyncLegacy
0x0000000017317000 	/System/Library/Frameworks/ApplicationServices.framework/Versions/A/Frameworks/HIServices.framework/Versions/A/HIServices
0x0000000017317000 	/System/Library/Frameworks/ApplicationServices.framework/Versions/A/Frameworks/LangAnalysis.framework/Versions/A/LangAnalysis
0x0000000017317000 	/System/Library/Frameworks/ApplicationServices.framework/Versions/A/Frameworks/PrintCore.framework/Versions/A/PrintCore
0x0000000017317000 	/System/Library/Frameworks/ApplicationServices.framework/Versions/A/Frameworks/QD.framework/Versions/A/QD
0x0000000017317000 	/System/Library/Frameworks/ApplicationServices.framework/Versions/A/Frameworks/SpeechSynthesis.framework/Versions/A/SpeechSynthesis
0x0000000017317000 	/System/Library/Frameworks/CoreDisplay.framework/Versions/A/CoreDisplay
0x0000000017317000 	/System/Library/Frameworks/Accelerate.framework/Versions/A/Frameworks/vImage.framework/Versions/A/vImage
0x0000000017317000 	/System/Library/Frameworks/Accelerate.framework/Versions/A/Frameworks/vecLib.framework/Versions/A/vecLib
0x0000000017317000 	/System/Library/Frameworks/Accelerate.framework/Versions/A/Frameworks/vecLib.framework/Versions/A/libvDSP.dylib
0x0000000017317000 	/System/Library/Frameworks/Accelerate.framework/Versions/A/Frameworks/vecLib.framework/Versions/A/libBNNS.dylib
0x0000000017317000 	/System/Library/Frameworks/Accelerate.framework/Versions/A/Frameworks/vecLib.framework/Versions/A/libQuadrature.dylib
0x0000000017317000 	/System/Library/Frameworks/Accelerate.framework/Versions/A/Frameworks/vecLib.framework/Versions/A/libvMisc.dylib
0x0000000017317000 	/System/Library/Frameworks/Accelerate.framework/Versions/A/Frameworks/vecLib.framework/Versions/A/libLAPACK.dylib
0x0000000017317000 	/System/Library/Frameworks/Accelerate.framework/Versions/A/Frameworks/vecLib.framework/Versions/A/libBLAS.dylib
0x0000000017317000 	/System/Library/Frameworks/Accelerate.framework/Versions/A/Frameworks/vecLib.framework/Versions/A/libLinearAlgebra.dylib
0x0000000017317000 	/System/Library/Frameworks/Accelerate.framework/Versions/A/Frameworks/vecLib.framework/Versions/A/libSparse.dylib
0x0000000017317000 	/System/Library/Frameworks/Accelerate.framework/Versions/A/Frameworks/vecLib.framework/Versions/A/libSparseBLAS.dylib
0x0000000017317000 	/System/Library/PrivateFrameworks/GPUWrangler.framework/Versions/A/GPUWrangler
0x0000000017317000 	/System/Library/PrivateFrameworks/IOAccelerator.framework/Versions/A/IOAccelerator
0x0000000017317000 	/System/Library/PrivateFrameworks/IOPresentment.framework/Versions/A/IOPresentment
0x0000000017317000 	/System/Library/PrivateFrameworks/DSExternalDisplay.framework/Versions/A/DSExternalDisplay
0x0000000017317000 	/System/Library/Frameworks/OpenGL.framework/Versions/A/Libraries/libCoreFSCache.dylib
0x0000000017317000 	/System/Library/Frameworks/CoreVideo.framework/Versions/A/CoreVideo
0x0000000017317000 	/System/Library/PrivateFrameworks/GraphVisualizer.framework/Versions/A/GraphVisualizer
0x0000000017317000 	/System/Library/Frameworks/MetalPerformanceShaders.framework/Versions/A/MetalPerformanceShaders
0x0000000017317000 	/usr/lib/libFosl_dynamic.dylib
0x0000000017317000 	/System/Library/PrivateFrameworks/FaceCore.framework/Versions/A/FaceCore
0x0000000017317000 	/System/Library/Frameworks/OpenCL.framework/Versions/A/OpenCL
0x0000000017317000 	/usr/lib/libcompression.dylib
0x0000000017317000 	/System/Library/Frameworks/ApplicationServices.framework/Versions/A/Frameworks/ATS.framework/Versions/A/Resources/libFontParser.dylib
0x0000000017317000 	/System/Library/Frameworks/ApplicationServices.framework/Versions/A/Frameworks/ATS.framework/Versions/A/Resources/libFontRegistry.dylib
0x0000000017317000 	/System/Library/Frameworks/ImageIO.framework/Versions/A/Resources/libJPEG.dylib
0x0000000017317000 	/System/Library/Frameworks/ImageIO.framework/Versions/A/Resources/libTIFF.dylib
0x0000000017317000 	/System/Library/Frameworks/ImageIO.framework/Versions/A/Resources/libPng.dylib
0x0000000017317000 	/System/Library/Frameworks/ImageIO.framework/Versions/A/Resources/libGIF.dylib
0x0000000017317000 	/System/Library/Frameworks/ImageIO.framework/Versions/A/Resources/libJP2.dylib
0x0000000017317000 	/System/Library/Frameworks/ImageIO.framework/Versions/A/Resources/libRadiance.dylib
0x0000000017317000 	/System/Library/PrivateFrameworks/AppleJPEG.framework/Versions/A/AppleJPEG
0x0000000017317000 	/System/Library/Frameworks/MetalPerformanceShaders.framework/Frameworks/MPSCore.framework/Versions/A/MPSCore
0x0000000017317000 	/System/Library/Frameworks/MetalPerformanceShaders.framework/Frameworks/MPSImage.framework/Versions/A/MPSImage
0x0000000017317000 	/System/Library/Frameworks/MetalPerformanceShaders.framework/Frameworks/MPSNeuralNetwork.framework/Versions/A/MPSNeuralNetwork
0x0000000017317000 	/System/Library/Frameworks/MetalPerformanceShaders.framework/Frameworks/MPSMatrix.framework/Versions/A/MPSMatrix
0x0000000017317000 	/System/Library/PrivateFrameworks/MetalTools.framework/Versions/A/MetalTools
0x0000000017317000 	/System/Library/Frameworks/OpenGL.framework/Versions/A/Libraries/libGLU.dylib
0x0000000017317000 	/System/Library/Frameworks/OpenGL.framework/Versions/A/Libraries/libGFXShared.dylib
0x0000000017317000 	/System/Library/Frameworks/OpenGL.framework/Versions/A/Libraries/libGL.dylib
0x0000000017317000 	/System/Library/Frameworks/OpenGL.framework/Versions/A/Libraries/libGLImage.dylib
0x0000000017317000 	/System/Library/Frameworks/OpenGL.framework/Versions/A/Libraries/libCVMSPluginSupport.dylib
0x0000000017317000 	/System/Library/Frameworks/OpenGL.framework/Versions/A/Libraries/libCoreVMClient.dylib
0x0000000017317000 	/usr/lib/libcups.2.dylib
0x0000000017317000 	/System/Library/Frameworks/Kerberos.framework/Versions/A/Kerberos
0x0000000017317000 	/System/Library/Frameworks/GSS.framework/Versions/A/GSS
0x0000000017317000 	/usr/lib/libresolv.9.dylib
0x0000000017317000 	/usr/lib/libiconv.2.dylib
0x0000000017317000 	/System/Library/PrivateFrameworks/Heimdal.framework/Versions/A/Heimdal
0x0000000017317000 	/usr/lib/libheimdal-asn1.dylib
0x0000000017317000 	/System/Library/Frameworks/OpenDirectory.framework/Versions/A/OpenDirectory
0x0000000017317000 	/System/Library/PrivateFrameworks/CommonAuth.framework/Versions/A/CommonAuth
0x0000000017317000 	/System/Library/Frameworks/OpenDirectory.framework/Versions/A/Frameworks/CFOpenDirectory.framework/Versions/A/CFOpenDirectory
0x0000000017317000 	/System/Library/Frameworks/SecurityFoundation.framework/Versions/A/SecurityFoundation
0x0000000017317000 	/System/Library/PrivateFrameworks/APFS.framework/Versions/A/APFS
0x0000000017317000 	/usr/lib/libutil.dylib
0x0000000017317000 	/System/Library/PrivateFrameworks/AppleSauce.framework/Versions/A/AppleSauce
0x0000000017317000 	/System/Library/PrivateFrameworks/LinguisticData.framework/Versions/A/LinguisticData
0x0000000017317000 	/usr/lib/libmarisa.dylib
0x0000000017317000 	/System/Library/PrivateFrameworks/Lexicon.framework/Versions/A/Lexicon
0x0000000017317000 	/usr/lib/libChineseTokenizer.dylib
0x0000000017317000 	/usr/lib/libcmph.dylib
0x0000000017317000 	/System/Library/PrivateFrameworks/LanguageModeling.framework/Versions/A/LanguageModeling
0x0000000017317000 	/System/Library/PrivateFrameworks/CoreEmoji.framework/Versions/A/CoreEmoji
0x0000000017317000 	/System/Library/Frameworks/ServiceManagement.framework/Versions/A/ServiceManagement
0x0000000017317000 	/System/Library/PrivateFrameworks/BackgroundTaskManagement.framework/Versions/A/BackgroundTaskManagement
0x0000000017317000 	/usr/lib/libxslt.1.dylib
0x0000000017317000 	/System/Library/Frameworks/Carbon.framework/Versions/A/Frameworks/Ink.framework/Versions/A/Ink
0x0000000017317000 	/System/Library/PrivateFrameworks/TextureIO.framework/Versions/A/TextureIO
0x0000000017317000 	/usr/lib/libate.dylib
0x0000000017317000 	/System/Library/PrivateFrameworks/CrashReporterSupport.framework/Versions/A/CrashReporterSupport
0x0000000017317000 	/System/Library/PrivateFrameworks/Sharing.framework/Versions/A/Sharing
0x0000000017317000 	/System/Library/PrivateFrameworks/IconServices.framework/Versions/A/IconServices
0x0000000017317000 	/System/Library/PrivateFrameworks/AuthKit.framework/Versions/A/AuthKit
0x0000000017317000 	/System/Library/PrivateFrameworks/Apple80211.framework/Versions/A/Apple80211
0x0000000017317000 	/System/Library/PrivateFrameworks/CoreUtils.framework/Versions/A/CoreUtils
0x0000000017317000 	/System/Library/Frameworks/CoreWLAN.framework/Versions/A/CoreWLAN
0x0000000017317000 	/System/Library/Frameworks/IOBluetooth.framework/Versions/A/IOBluetooth
0x0000000017317000 	/System/Library/PrivateFrameworks/ProtocolBuffer.framework/Versions/A/ProtocolBuffer
0x0000000017317000 	/System/Library/PrivateFrameworks/MobileKeyBag.framework/Versions/A/MobileKeyBag
0x0000000017317000 	/System/Library/PrivateFrameworks/CorePhoneNumbers.framework/Versions/A/CorePhoneNumbers
0x0000000017317000 	/System/Library/PrivateFrameworks/AppleIDAuthSupport.framework/Versions/A/AppleIDAuthSupport
0x0000000017317000 	/System/Library/PrivateFrameworks/KeychainCircle.framework/Versions/A/KeychainCircle
0x0000000017317000 	/System/Library/PrivateFrameworks/CoreWiFi.framework/Versions/A/CoreWiFi
0x0000000017317000 	/System/Library/Frameworks/CoreBluetooth.framework/Versions/A/CoreBluetooth
0x0000000017317000 	/System/Library/PrivateFrameworks/DebugSymbols.framework/Versions/A/DebugSymbols
0x0000000017317000 	/System/Library/PrivateFrameworks/CoreSymbolication.framework/Versions/A/CoreSymbolication
0x0000000017317000 	/System/Library/PrivateFrameworks/Symbolication.framework/Versions/A/Symbolication
0x0000000017317000 	/System/Library/PrivateFrameworks/AppleFSCompression.framework/Versions/A/AppleFSCompression
0x0000000017317000 	/System/Library/PrivateFrameworks/SpeechRecognitionCore.framework/Versions/A/SpeechRecognitionCore
0x000000010cee1000 	/Library/Java/JavaVirtualMachines/jdk1.8.0_131.jdk/Contents/Home/jre/lib/server/libjvm.dylib
0x0000000017317000 	/usr/lib/libstdc++.6.0.9.dylib
0x000000010bd2a000 	/Library/Java/JavaVirtualMachines/jdk1.8.0_131.jdk/Contents/Home/jre/lib/libverify.dylib
0x000000010bd38000 	/Library/Java/JavaVirtualMachines/jdk1.8.0_131.jdk/Contents/Home/jre/lib/libjava.dylib
0x000000010bdb7000 	/Library/Java/JavaVirtualMachines/jdk1.8.0_131.jdk/Contents/Home/jre/lib/libzip.dylib
0x0000000017317000 	/System/Library/Frameworks/JavaVM.framework/Versions/A/Frameworks/JavaRuntimeSupport.framework/Versions/A/JavaRuntimeSupport
0x0000000017317000 	/System/Library/Frameworks/JavaVM.framework/Versions/A/Frameworks/JavaNativeFoundation.framework/Versions/A/JavaNativeFoundation
0x0000000017317000 	/System/Library/Frameworks/JavaVM.framework/Versions/A/JavaVM
0x0000000017317000 	/System/Library/Frameworks/Carbon.framework/Versions/A/Carbon
0x0000000017317000 	/System/Library/PrivateFrameworks/JavaLaunching.framework/Versions/A/JavaLaunching
0x0000000017317000 	/System/Library/Frameworks/Carbon.framework/Versions/A/Frameworks/CommonPanels.framework/Versions/A/CommonPanels
0x0000000017317000 	/System/Library/Frameworks/Carbon.framework/Versions/A/Frameworks/Help.framework/Versions/A/Help
0x0000000017317000 	/System/Library/Frameworks/Carbon.framework/Versions/A/Frameworks/ImageCapture.framework/Versions/A/ImageCapture
0x0000000017317000 	/System/Library/Frameworks/Carbon.framework/Versions/A/Frameworks/OpenScripting.framework/Versions/A/OpenScripting
0x0000000017317000 	/System/Library/Frameworks/Carbon.framework/Versions/A/Frameworks/Print.framework/Versions/A/Print
0x0000000017317000 	/System/Library/Frameworks/Carbon.framework/Versions/A/Frameworks/SecurityHI.framework/Versions/A/SecurityHI
0x000000011c681000 	/Library/Java/JavaVirtualMachines/jdk1.8.0_131.jdk/Contents/Home/jre/lib/libnet.dylib
0x000000011c6e0000 	/Library/Java/JavaVirtualMachines/jdk1.8.0_131.jdk/Contents/Home/jre/lib/libnio.dylib
0x000000011d06c000 	/Library/Java/JavaVirtualMachines/jdk1.8.0_131.jdk/Contents/Home/jre/lib/libmanagement.dylib
0x000000011d6bc000 	/private/var/folders/m1/sf07twbn7s1frc5cbwh2_vx40000gn/T/jna-942778377/jna8490129816954288977.tmp
0x000000011d91d000 	/Library/Java/JavaVirtualMachines/jdk1.8.0_131.jdk/Contents/Home/jre/lib/libsunec.dylib
0x00000001229b0000 	/private/var/folders/m1/sf07twbn7s1frc5cbwh2_vx40000gn/T/sqlite-3.8.6-x86_64-libsqlitejdbc.jnilib

VM Arguments:
jvm_args: -Xms1024m -Xmx1024m -XX:ReservedCodeCacheSize=128m -XX:MaxMetaspaceSize=256m 
java_command: /usr/local/Cellar/sbt/1.2.1/libexec/bin/sbt-launch.jar run
java_class_path (initial): /usr/local/Cellar/sbt/1.2.1/libexec/bin/sbt-launch.jar
Launcher Type: SUN_STANDARD

Environment Variables:
PATH=/Users/bingerso/.rvm/gems/ruby-2.4.0/bin:/Users/bingerso/.rvm/gems/ruby-2.4.0@global/bin:/Users/bingerso/.rvm/rubies/ruby-2.4.0/bin:/usr/local/bin:/usr/bin:/bin:/usr/sbin:/sbin:/Applications/VMware Fusion.app/Contents/Public:/usr/local/go/bin:/usr/local/share/dotnet:/opt/X11/bin:/usr/local/bin/jamf:/Library/Frameworks/Mono.framework/Versions/Current/Commands:/Applications/Xamarin Workbooks.app/Contents/SharedSupport/path-bin:/Users/bingerso/.rvm/bin
SHELL=/bin/zsh
DISPLAY=/private/tmp/com.apple.launchd.q9NsqzoWdg/org.macosforge.xquartz:0

Signal Handlers:
SIGSEGV: [libjvm.dylib+0x5b1eb1], sa_mask[0]=11111111011111110111111111111111, sa_flags=SA_ONSTACK|SA_RESTART|SA_SIGINFO
SIGBUS: [libjvm.dylib+0x5b1eb1], sa_mask[0]=11111111011111110111111111111111, sa_flags=SA_RESTART|SA_SIGINFO
SIGFPE: [libjvm.dylib+0x488988], sa_mask[0]=11111111011111110111111111111111, sa_flags=SA_RESTART|SA_SIGINFO
SIGPIPE: [libjvm.dylib+0x488988], sa_mask[0]=11111111011111110111111111111111, sa_flags=SA_RESTART|SA_SIGINFO
SIGXFSZ: [libjvm.dylib+0x488988], sa_mask[0]=11111111011111110111111111111111, sa_flags=SA_RESTART|SA_SIGINFO
SIGILL: [libjvm.dylib+0x488988], sa_mask[0]=11111111011111110111111111111111, sa_flags=SA_RESTART|SA_SIGINFO
SIGUSR1: SIG_DFL, sa_mask[0]=00000000000000000000000000000000, sa_flags=SA_RESTART
SIGUSR2: [libjvm.dylib+0x4884a6], sa_mask[0]=00000000000000000000000000000000, sa_flags=SA_RESTART|SA_SIGINFO
SIGHUP: [libjvm.dylib+0x486a7d], sa_mask[0]=11111111011111110111111111111111, sa_flags=SA_RESTART|SA_SIGINFO
SIGINT: [libjvm.dylib+0x486a7d], sa_mask[0]=11111111011111110111111111111111, sa_flags=SA_RESTART|SA_SIGINFO
SIGTERM: [libjvm.dylib+0x486a7d], sa_mask[0]=11111111011111110111111111111111, sa_flags=SA_RESTART|SA_SIGINFO
SIGQUIT: [libjvm.dylib+0x486a7d], sa_mask[0]=11111111011111110111111111111111, sa_flags=SA_RESTART|SA_SIGINFO


---------------  S Y S T E M  ---------------

OS:Bsduname:Darwin 17.7.0 Darwin Kernel Version 17.7.0: Thu Jun 21 22:53:14 PDT 2018; root:xnu-4570.71.2~1/RELEASE_X86_64 x86_64
rlimit: STACK 8192k, CORE 0k, NPROC 1418, NOFILE 10240, AS infinity
load average:3.47 3.77 3.73

CPU:total 8 (initial active 8) (4 cores per cpu, 2 threads per core) family 6 model 70 stepping 1, cmov, cx8, fxsr, mmx, sse, sse2, sse3, ssse3, sse4.1, sse4.2, popcnt, avx, avx2, aes, clmul, erms, lzcnt, ht, tsc, tscinvbit, bmi1, bmi2

Memory: 4k page, physical 16777216k(485872k free)

/proc/meminfo:


vm_info: Java HotSpot(TM) 64-Bit Server VM (25.131-b11) for bsd-amd64 JRE (1.8.0_131-b11), built on Mar 15 2017 01:32:22 by "java_re" with gcc 4.2.1 (Based on Apple Inc. build 5658) (LLVM build 2336.11.00)

time: Tue Sep 25 20:51:45 2018
elapsed time: 6707 seconds (0d 1h 51m 47s)

