#
# A fatal error has been detected by the Java Runtime Environment:
#
#  SIGSEGV (0xb) at pc=0x0000000124bdb52c, pid=30027, tid=0x000000000000a037
#
# JRE version: Java(TM) SE Runtime Environment (8.0_131-b11) (build 1.8.0_131-b11)
# Java VM: Java HotSpot(TM) 64-Bit Server VM (25.131-b11 mixed mode bsd-amd64 compressed oops)
# Problematic frame:
# C  [sqlite-3.8.6-x86_64-libsqlitejdbc.jnilib+0xc52c]  Java_org_sqlite_core_NativeDB_restore+0x9a3c
#
# Failed to write core dump. Core dumps have been disabled. To enable core dumping, try "ulimit -c unlimited" before starting Java again
#
# If you would like to submit a bug report, please visit:
#   http://bugreport.java.com/bugreport/crash.jsp
# The crash happened outside the Java Virtual Machine in native code.
# See problematic frame for where to report the bug.
#

---------------  T H R E A D  ---------------

Current thread (0x00007fc496fad800):  JavaThread "Secondary finalizer" [_thread_in_native, id=41015, stack(0x0000700006111000,0x0000700006211000)]

siginfo: si_signo: 11 (SIGSEGV), si_code: 1 (SEGV_MAPERR), si_addr: 0x000000000000002c

Registers:
RAX=0x0000000000000014, RBX=0x00007fc4a1f70440, RCX=0x0000000110c233a0, RDX=0x00007fc4a1f70440
RSP=0x00007000062106b0, RBP=0x00007000062106d0, RSI=0x0000700006210778, RDI=0x00007fc4a1f70440
R8 =0x0000000000000001, R9 =0xffffffff00000001, R10=0x0000000112325463, R11=0x00000001108e4dcb
R12=0x0000000000000000, R13=0x000000012ae87f38, R14=0x0000000000000000, R15=0x00007fc496fad800
RIP=0x0000000124bdb52c, EFLAGS=0x0000000000010202, ERR=0x0000000000000004
  TRAPNO=0x000000000000000e

Top of Stack: (sp=0x00007000062106b0)
0x00007000062106b0:   0000000124bd0a00 000000012ae87f38
0x00007000062106c0:   0000700006210778 00007fc496fad800
0x00007000062106d0:   0000700006210748 000000011232548f
0x00007000062106e0:   0000700006210748 0000000112325253
0x00007000062106f0:   0000000112325211 0000000000000003
0x0000700006210700:   0000000786b22368 00007000062106f8
0x0000700006210710:   000000012ae87f38 0000700006210778
0x0000700006210720:   000000012aeb47f0 0000000000000000
0x0000700006210730:   000000012ae87f38 0000000000000000
0x0000700006210740:   0000700006210768 00007000062107c0
0x0000700006210750:   0000000112314d00 0000000000000000
0x0000700006210760:   000000011231e536 00007fc4a1f70440
0x0000700006210770:   00007fc4a1f70440 0000000786b22368
0x0000700006210780:   0000700006210780 000000012aebf454
0x0000700006210790:   00007000062107d0 000000012aecd880
0x00007000062107a0:   000000012ba47d40 000000012aebf498
0x00007000062107b0:   0000700006210768 00007000062107d0
0x00007000062107c0:   0000700006210818 00000001123152bd
0x00007000062107d0:   0000000786b22490 00007000062107d8
0x00007000062107e0:   000000012aec8771 0000700006210828
0x00007000062107f0:   000000012aecdba8 0000000000000000
0x0000700006210800:   000000012aec8790 00007000062107d0
0x0000700006210810:   0000700006210830 0000000000000000
0x0000700006210820:   00000001128c34bc 0000000786b22490
0x0000700006210830:   0000000000000000 0000000780013508
0x0000700006210840:   0000000786b07c00 000000011240cc88
0x0000700006210850:   00000007800134e8 0000000112546d6c
0x0000700006210860:   000000011c33a9a8 0000000000000001
0x0000700006210870:   00000007800134d8 000000011c33a9a8
0x0000700006210880:   00007000062108f0 00000001123152bd
0x0000700006210890:   00007000062108f0 00000001123152bd
0x00007000062108a0:   0000000780013508 0000000786b07c00 

Instructions: (pc=0x0000000124bdb52c)
0x0000000124bdb50c:   1f 44 00 00 55 48 89 e5 41 57 41 56 53 50 48 89
0x0000000124bdb51c:   fb 45 31 f6 48 85 db 0f 84 b4 00 00 00 48 8b 03
0x0000000124bdb52c:   48 8b 78 18 48 85 ff 74 06 ff 15 45 b2 0f 00 48
0x0000000124bdb53c:   89 df e8 ad 00 00 00 41 89 c6 c7 83 80 00 00 00 

Register to memory mapping:

RAX=0x0000000000000014 is an unknown value
RBX=0x00007fc4a1f70440 is an unknown value
RCX=0x0000000110c233a0: UseMembar+0 in /Library/Java/JavaVirtualMachines/jdk1.8.0_131.jdk/Contents/Home/jre/lib/server/libjvm.dylib at 0x0000000110400000
RDX=0x00007fc4a1f70440 is an unknown value
RSP=0x00007000062106b0 is pointing into the stack for thread: 0x00007fc496fad800
RBP=0x00007000062106d0 is pointing into the stack for thread: 0x00007fc496fad800
RSI=0x0000700006210778 is pointing into the stack for thread: 0x00007fc496fad800
RDI=0x00007fc4a1f70440 is an unknown value
R8 =0x0000000000000001 is an unknown value
R9 =0xffffffff00000001 is an unknown value
R10=0x0000000112325463 is at code_begin+1187 in an Interpreter codelet
method entry point (kind = native_synchronized)  [0x0000000112324fc0, 0x0000000112325a40]  2688 bytes
R11=0x00000001108e4dcb: throw_unsatisfied_link_error+0 in /Library/Java/JavaVirtualMachines/jdk1.8.0_131.jdk/Contents/Home/jre/lib/server/libjvm.dylib at 0x0000000110400000
R12=0x0000000000000000 is an unknown value
R13={method} {0x000000012ae87f38} 'reset' '(J)I' in 'org/sqlite/core/NativeDB'
R14=0x0000000000000000 is an unknown value
R15=0x00007fc496fad800 is a thread


Stack: [0x0000700006111000,0x0000700006211000],  sp=0x00007000062106b0,  free space=1021k
Native frames: (J=compiled Java code, j=interpreted, Vv=VM code, C=native code)
C  [sqlite-3.8.6-x86_64-libsqlitejdbc.jnilib+0xc52c]  Java_org_sqlite_core_NativeDB_restore+0x9a3c
j  org.sqlite.core.NativeDB.reset(J)I+0
j  org.sqlite.core.CoreResultSet.close()V+76
j  org.sqlite.jdbc3.JDBC3ResultSet.finalize()V+1
J 4046 C2 java.lang.ref.Finalizer.access$100(Ljava/lang/ref/Finalizer;Lsun/misc/JavaLangAccess;)V (6 bytes) @ 0x00000001128c34bc [0x00000001128c32e0+0x1dc]
j  java.lang.ref.Finalizer$2.run()V+36
j  java.lang.Thread.run()V+11
v  ~StubRoutines::call_stub
V  [libjvm.dylib+0x2ee5b6]
V  [libjvm.dylib+0x2eed5a]
V  [libjvm.dylib+0x2eef06]
V  [libjvm.dylib+0x34965d]
V  [libjvm.dylib+0x56b87f]
V  [libjvm.dylib+0x56cf6c]
V  [libjvm.dylib+0x48b376]
C  [libsystem_pthread.dylib+0x3661]  _pthread_body+0x154
C  [libsystem_pthread.dylib+0x350d]  _pthread_body+0x0
C  [libsystem_pthread.dylib+0x2bf9]  thread_start+0xd
C  0x0000000000000000

Java frames: (J=compiled Java code, j=interpreted, Vv=VM code)
j  org.sqlite.core.NativeDB.reset(J)I+0
j  org.sqlite.core.CoreResultSet.close()V+76
j  org.sqlite.jdbc3.JDBC3ResultSet.finalize()V+1
J 4046 C2 java.lang.ref.Finalizer.access$100(Ljava/lang/ref/Finalizer;Lsun/misc/JavaLangAccess;)V (6 bytes) @ 0x00000001128c34bc [0x00000001128c32e0+0x1dc]
j  java.lang.ref.Finalizer$2.run()V+36
j  java.lang.Thread.run()V+11
v  ~StubRoutines::call_stub

---------------  P R O C E S S  ---------------

Java Threads: ( => current thread )
=>0x00007fc496fad800 JavaThread "Secondary finalizer" [_thread_in_native, id=41015, stack(0x0000700006111000,0x0000700006211000)]
  0x00007fc495d3c800 JavaThread "scala-execution-context-global-388" daemon [_thread_blocked, id=31815, stack(0x0000700007856000,0x0000700007956000)]
  0x00007fc4a12be800 JavaThread "scala-execution-context-global-387" daemon [_thread_blocked, id=45871, stack(0x0000700007753000,0x0000700007853000)]
  0x00007fc4a0666800 JavaThread "scala-execution-context-global-386" daemon [_thread_blocked, id=32823, stack(0x0000700007650000,0x0000700007750000)]
  0x00007fc495d9e800 JavaThread "scala-execution-context-global-385" daemon [_thread_blocked, id=44347, stack(0x000070000754d000,0x000070000764d000)]
  0x00007fc49bf2b000 JavaThread "scala-execution-context-global-384" daemon [_thread_blocked, id=43579, stack(0x0000700007347000,0x0000700007447000)]
  0x00007fc49951a000 JavaThread "scala-execution-context-global-383" daemon [_thread_blocked, id=86275, stack(0x0000700007244000,0x0000700007344000)]
  0x00007fc49979b000 JavaThread "scala-execution-context-global-382" daemon [_thread_blocked, id=86835, stack(0x0000700007141000,0x0000700007241000)]
  0x00007fc4a1054000 JavaThread "com.google.common.base.internal.Finalizer" daemon [_thread_blocked, id=45575, stack(0x0000700006317000,0x0000700006417000)]
  0x00007fc4995f0000 JavaThread "application-akka.actor.default-dispatcher-2" [_thread_blocked, id=4195, stack(0x000070000600e000,0x000070000610e000)]
  0x00007fc49bd1f000 JavaThread "application-scheduler-1" [_thread_blocked, id=3907, stack(0x00007000057f6000,0x00007000058f6000)]
  0x00007fc49981f800 JavaThread "HikariPool-7 housekeeper" daemon [_thread_blocked, id=41219, stack(0x00007000056f3000,0x00007000057f3000)]
  0x00007fc49f0b6000 JavaThread "AsyncAppender-Worker-ASYNCSTDOUT" daemon [_thread_blocked, id=32035, stack(0x00007000055f0000,0x00007000056f0000)]
  0x00007fc496e50000 JavaThread "AsyncAppender-Worker-ASYNCFILE" daemon [_thread_blocked, id=44071, stack(0x00007000054ed000,0x00007000055ed000)]
  0x00007fc4a0629000 JavaThread "scala-execution-context-global-340" daemon [_thread_blocked, id=23851, stack(0x000070000744a000,0x000070000754a000)]
  0x00007fc499590000 JavaThread "play-dev-mode-akka.actor.default-dispatcher-18" [_thread_blocked, id=40451, stack(0x0000700005f0b000,0x000070000600b000)]
  0x00007fc49da56800 JavaThread "play-dev-mode-akka.actor.default-dispatcher-16" [_thread_blocked, id=30223, stack(0x0000700005e08000,0x0000700005f08000)]
  0x00007fc496f8f800 JavaThread "play-dev-mode-akka.actor.default-dispatcher-17" [_thread_blocked, id=38175, stack(0x0000700005d05000,0x0000700005e05000)]
  0x00007fc49bf28000 JavaThread "play-dev-mode-akka.actor.default-dispatcher-15" [_thread_blocked, id=38411, stack(0x00007000058f9000,0x00007000059f9000)]
  0x00007fc49ee6a000 JavaThread "play-dev-mode-akka.io.pinned-dispatcher-5" [_thread_in_native, id=30979, stack(0x0000700006c32000,0x0000700006d32000)]
  0x00007fc49ed5b800 JavaThread "play-dev-mode-scheduler-1" [_thread_blocked, id=35331, stack(0x0000700006826000,0x0000700006926000)]
  0x00007fc4969ab800 JavaThread "reloader-timer" daemon [_thread_blocked, id=29443, stack(0x0000700006723000,0x0000700006823000)]
  0x00007fc49a3a2000 JavaThread "play-watch-service" daemon [_thread_blocked, id=28931, stack(0x0000700006620000,0x0000700006720000)]
  0x00007fc496a55800 JavaThread "WatchService for /Users/bingerso/GitHub-Projects/csc750-project2/bingers-project2/app" daemon [_thread_in_native, id=27395, stack(0x000070000651d000,0x000070000661d000)]
  0x00007fc4969fe800 JavaThread "WatchService for /Users/bingerso/GitHub-Projects/csc750-project2/bingers-project2/conf" daemon [_thread_in_native, id=37123, stack(0x000070000641a000,0x000070000651a000)]
  0x00007fc496a01800 JavaThread "WatchService for /Users/bingerso/GitHub-Projects/csc750-project2/bingers-project2/public" daemon [_thread_in_native, id=39687, stack(0x0000700005c02000,0x0000700005d02000)]
  0x00007fc49d9ed800 JavaThread "pool-5-thread-6" [_thread_in_native, id=23051, stack(0x0000700005aff000,0x0000700005bff000)]
  0x00007fc499698800 JavaThread "sbt-web-akka.actor.default-dispatcher-2" [_thread_blocked, id=41743, stack(0x00007000053ea000,0x00007000054ea000)]
  0x00007fc499dc5000 JavaThread "sbt-web-scheduler-1" [_thread_blocked, id=3347, stack(0x0000700003dfa000,0x0000700003efa000)]
  0x00007fc49664b000 JavaThread "Log4j2-TF-1-AsyncLogger[AsyncContext@5702b3b1]-1" daemon [_thread_blocked, id=22019, stack(0x00007000052bc000,0x00007000053bc000)]
  0x00007fc497813800 JavaThread "Service Thread" daemon [_thread_blocked, id=16643, stack(0x00007000050b6000,0x00007000051b6000)]
  0x00007fc497821000 JavaThread "C1 CompilerThread3" daemon [_thread_blocked, id=17155, stack(0x0000700004fb3000,0x00007000050b3000)]
  0x00007fc496835800 JavaThread "C2 CompilerThread2" daemon [_thread_blocked, id=15875, stack(0x0000700004eb0000,0x0000700004fb0000)]
  0x00007fc497820000 JavaThread "C2 CompilerThread1" daemon [_thread_blocked, id=17923, stack(0x0000700004dad000,0x0000700004ead000)]
  0x00007fc496007800 JavaThread "C2 CompilerThread0" daemon [_thread_blocked, id=18179, stack(0x0000700004caa000,0x0000700004daa000)]
  0x00007fc497850800 JavaThread "Signal Dispatcher" daemon [_thread_blocked, id=18443, stack(0x0000700004ba7000,0x0000700004ca7000)]
  0x00007fc497803800 JavaThread "Finalizer" daemon [_thread_blocked, id=13315, stack(0x0000700004aa4000,0x0000700004ba4000)]
  0x00007fc497800800 JavaThread "Reference Handler" daemon [_thread_blocked, id=13059, stack(0x00007000049a1000,0x0000700004aa1000)]
  0x00007fc49580d000 JavaThread "main" [_thread_blocked, id=9987, stack(0x0000700003f83000,0x0000700004083000)]

Other Threads:
  0x00007fc496834800 VMThread [stack: 0x000070000489e000,0x000070000499e000] [id=12547]
  0x00007fc495840000 WatcherThread [stack: 0x00007000051b9000,0x00007000052b9000] [id=16131]

VM state:not at safepoint (normal execution)

VM Mutex/Monitor currently owned by a thread: None

Heap:
 PSYoungGen      total 309248K, used 744K [0x00000007aab00000, 0x00000007c0000000, 0x00000007c0000000)
  eden space 266240K, 0% used [0x00000007aab00000,0x00000007aabba1d0,0x00000007baf00000)
  from space 43008K, 0% used [0x00000007bd600000,0x00000007bd600000,0x00000007c0000000)
  to   space 39936K, 0% used [0x00000007baf00000,0x00000007baf00000,0x00000007bd600000)
 ParOldGen       total 699392K, used 124590K [0x0000000780000000, 0x00000007aab00000, 0x00000007aab00000)
  object space 699392K, 17% used [0x0000000780000000,0x00000007879ab8b8,0x00000007aab00000)
 Metaspace       used 169672K, capacity 190568K, committed 194432K, reserved 1218560K
  class space    used 22949K, capacity 24303K, committed 24704K, reserved 1048576K

Card table byte_map: [0x00000001115a3000,0x00000001117a4000] byte_map_base: 0x000000010d9a3000

Marking Bits: (ParMarkBitMap*) 0x0000000110cf1ea0
 Begin Bits: [0x000000011a30d000, 0x000000011b30d000)
 End Bits:   [0x000000011b30d000, 0x000000011c30d000)

Polling page: 0x000000010f299000

CodeCache: size=131072Kb used=66068Kb max_used=67125Kb free=65003Kb
 bounds [0x000000011230d000, 0x000000011650d000, 0x000000011a30d000]
 total_blobs=21308 nmethods=20518 adapters=697
 compilation: enabled

Compilation events (10 events):
Event: 2909.029 Thread 0x00007fc496007800 25431       4       java.nio.charset.CharsetEncoder::<init> (113 bytes)
Event: 2909.034 Thread 0x00007fc497821000 25432       3       sbt.internal.util.IDSet$$anon$1::all (5 bytes)
Event: 2909.036 Thread 0x00007fc497821000 nmethod 25432 0x0000000115a8ee90 code [0x0000000115a8f0c0, 0x0000000115a8fd98]
Event: 2909.036 Thread 0x00007fc497821000 25433       3       sbt.TrapExit::checkDelete (1 bytes)
Event: 2909.036 Thread 0x00007fc497821000 nmethod 25433 0x00000001151e7f90 code [0x00000001151e80e0, 0x00000001151e8230]
Event: 2909.036 Thread 0x00007fc496007800 nmethod 25431 0x00000001151e6150 code [0x00000001151e62e0, 0x00000001151e6898]
Event: 2909.036 Thread 0x00007fc496007800 25434       4       sbt.Scope$::replaceThis (7 bytes)
Event: 2909.036 Thread 0x00007fc497820000 nmethod 25419 0x000000011495a1d0 code [0x000000011495a3a0, 0x000000011495b118]
Event: 2909.515 Thread 0x00007fc496007800 nmethod 25434 0x00000001161cfa50 code [0x00000001161cfba0, 0x00000001161cfc98]
Event: 2909.515 Thread 0x00007fc496835800 nmethod 25413 0x0000000114957c10 code [0x0000000114957e20, 0x0000000114958e18]

GC Heap History (10 events):
Event: 2841.078 GC heap before
{Heap before GC invocations=47 (full 13):
 PSYoungGen      total 300544K, used 1010K [0x00000007aab00000, 0x00000007c0000000, 0x00000007c0000000)
  eden space 254464K, 0% used [0x00000007aab00000,0x00000007aabfcbe8,0x00000007ba380000)
  from space 46080K, 0% used [0x00000007ba380000,0x00000007ba380000,0x00000007bd080000)
  to   space 43520K, 0% used [0x00000007bd580000,0x00000007bd580000,0x00000007c0000000)
 ParOldGen       total 699392K, used 123597K [0x0000000780000000, 0x00000007aab00000, 0x00000007aab00000)
  object space 699392K, 17% used [0x0000000780000000,0x00000007878b3700,0x00000007aab00000)
 Metaspace       used 169407K, capacity 190170K, committed 194432K, reserved 1218560K
  class space    used 22926K, capacity 24240K, committed 24704K, reserved 1048576K
Event: 2841.083 GC heap after
Heap after GC invocations=47 (full 13):
 PSYoungGen      total 304640K, used 128K [0x00000007aab00000, 0x00000007c0000000, 0x00000007c0000000)
  eden space 261120K, 0% used [0x00000007aab00000,0x00000007aab00000,0x00000007baa00000)
  from space 43520K, 0% used [0x00000007bd580000,0x00000007bd5a0000,0x00000007c0000000)
  to   space 44032K, 0% used [0x00000007baa00000,0x00000007baa00000,0x00000007bd500000)
 ParOldGen       total 699392K, used 123597K [0x0000000780000000, 0x00000007aab00000, 0x00000007aab00000)
  object space 699392K, 17% used [0x0000000780000000,0x00000007878b3700,0x00000007aab00000)
 Metaspace       used 169407K, capacity 190170K, committed 194432K, reserved 1218560K
  class space    used 22926K, capacity 24240K, committed 24704K, reserved 1048576K
}
Event: 2841.083 GC heap before
{Heap before GC invocations=48 (full 14):
 PSYoungGen      total 304640K, used 128K [0x00000007aab00000, 0x00000007c0000000, 0x00000007c0000000)
  eden space 261120K, 0% used [0x00000007aab00000,0x00000007aab00000,0x00000007baa00000)
  from space 43520K, 0% used [0x00000007bd580000,0x00000007bd5a0000,0x00000007c0000000)
  to   space 44032K, 0% used [0x00000007baa00000,0x00000007baa00000,0x00000007bd500000)
 ParOldGen       total 699392K, used 123597K [0x0000000780000000, 0x00000007aab00000, 0x00000007aab00000)
  object space 699392K, 17% used [0x0000000780000000,0x00000007878b3700,0x00000007aab00000)
 Metaspace       used 169407K, capacity 190170K, committed 194432K, reserved 1218560K
  class space    used 22926K, capacity 24240K, committed 24704K, reserved 1048576K
Event: 2841.492 GC heap after
Heap after GC invocations=48 (full 14):
 PSYoungGen      total 304640K, used 0K [0x00000007aab00000, 0x00000007c0000000, 0x00000007c0000000)
  eden space 261120K, 0% used [0x00000007aab00000,0x00000007aab00000,0x00000007baa00000)
  from space 43520K, 0% used [0x00000007bd580000,0x00000007bd580000,0x00000007c0000000)
  to   space 44032K, 0% used [0x00000007baa00000,0x00000007baa00000,0x00000007bd500000)
 ParOldGen       total 699392K, used 120547K [0x0000000780000000, 0x00000007aab00000, 0x00000007aab00000)
  object space 699392K, 17% used [0x0000000780000000,0x00000007875b8da0,0x00000007aab00000)
 Metaspace       used 169407K, capacity 190170K, committed 194432K, reserved 1218560K
  class space    used 22926K, capacity 24240K, committed 24704K, reserved 1048576K
}
Event: 2908.702 GC heap before
{Heap before GC invocations=49 (full 14):
 PSYoungGen      total 304640K, used 260099K [0x00000007aab00000, 0x00000007c0000000, 0x00000007c0000000)
  eden space 261120K, 99% used [0x00000007aab00000,0x00000007ba900f08,0x00000007baa00000)
  from space 43520K, 0% used [0x00000007bd580000,0x00000007bd580000,0x00000007c0000000)
  to   space 44032K, 0% used [0x00000007baa00000,0x00000007baa00000,0x00000007bd500000)
 ParOldGen       total 699392K, used 120547K [0x0000000780000000, 0x00000007aab00000, 0x00000007aab00000)
  object space 699392K, 17% used [0x0000000780000000,0x00000007875b8da0,0x00000007aab00000)
 Metaspace       used 169744K, capacity 190640K, committed 194432K, reserved 1218560K
  class space    used 22951K, capacity 24306K, committed 24704K, reserved 1048576K
Event: 2908.708 GC heap after
Heap after GC invocations=49 (full 14):
 PSYoungGen      total 305152K, used 4802K [0x00000007aab00000, 0x00000007c0000000, 0x00000007c0000000)
  eden space 261120K, 0% used [0x00000007aab00000,0x00000007aab00000,0x00000007baa00000)
  from space 44032K, 10% used [0x00000007baa00000,0x00000007baeb08b0,0x00000007bd500000)
  to   space 43008K, 0% used [0x00000007bd600000,0x00000007bd600000,0x00000007c0000000)
 ParOldGen       total 699392K, used 120555K [0x0000000780000000, 0x00000007aab00000, 0x00000007aab00000)
  object space 699392K, 17% used [0x0000000780000000,0x00000007875bada0,0x00000007aab00000)
 Metaspace       used 169744K, capacity 190640K, committed 194432K, reserved 1218560K
  class space    used 22951K, capacity 24306K, committed 24704K, reserved 1048576K
}
Event: 2909.037 GC heap before
{Heap before GC invocations=50 (full 14):
 PSYoungGen      total 305152K, used 210493K [0x00000007aab00000, 0x00000007c0000000, 0x00000007c0000000)
  eden space 261120K, 78% used [0x00000007aab00000,0x00000007b73ded30,0x00000007baa00000)
  from space 44032K, 10% used [0x00000007baa00000,0x00000007baeb08b0,0x00000007bd500000)
  to   space 43008K, 0% used [0x00000007bd600000,0x00000007bd600000,0x00000007c0000000)
 ParOldGen       total 699392K, used 120555K [0x0000000780000000, 0x00000007aab00000, 0x00000007aab00000)
  object space 699392K, 17% used [0x0000000780000000,0x00000007875bada0,0x00000007aab00000)
 Metaspace       used 170481K, capacity 191400K, committed 194432K, reserved 1218560K
  class space    used 22987K, capacity 24346K, committed 24704K, reserved 1048576K
Event: 2909.049 GC heap after
Heap after GC invocations=50 (full 14):
 PSYoungGen      total 309248K, used 14340K [0x00000007aab00000, 0x00000007c0000000, 0x00000007c0000000)
  eden space 266240K, 0% used [0x00000007aab00000,0x00000007aab00000,0x00000007baf00000)
  from space 43008K, 33% used [0x00000007bd600000,0x00000007be4013e0,0x00000007c0000000)
  to   space 39936K, 0% used [0x00000007baf00000,0x00000007baf00000,0x00000007bd600000)
 ParOldGen       total 699392K, used 120563K [0x0000000780000000, 0x00000007aab00000, 0x00000007aab00000)
  object space 699392K, 17% used [0x0000000780000000,0x00000007875bcda0,0x00000007aab00000)
 Metaspace       used 170481K, capacity 191400K, committed 194432K, reserved 1218560K
  class space    used 22987K, capacity 24346K, committed 24704K, reserved 1048576K
}
Event: 2909.049 GC heap before
{Heap before GC invocations=51 (full 15):
 PSYoungGen      total 309248K, used 14340K [0x00000007aab00000, 0x00000007c0000000, 0x00000007c0000000)
  eden space 266240K, 0% used [0x00000007aab00000,0x00000007aab00000,0x00000007baf00000)
  from space 43008K, 33% used [0x00000007bd600000,0x00000007be4013e0,0x00000007c0000000)
  to   space 39936K, 0% used [0x00000007baf00000,0x00000007baf00000,0x00000007bd600000)
 ParOldGen       total 699392K, used 120563K [0x0000000780000000, 0x00000007aab00000, 0x00000007aab00000)
  object space 699392K, 17% used [0x0000000780000000,0x00000007875bcda0,0x00000007aab00000)
 Metaspace       used 170481K, capacity 191400K, committed 194432K, reserved 1218560K
  class space    used 22987K, capacity 24346K, committed 24704K, reserved 1048576K
Event: 2909.514 GC heap after
Heap after GC invocations=51 (full 15):
 PSYoungGen      total 309248K, used 0K [0x00000007aab00000, 0x00000007c0000000, 0x00000007c0000000)
  eden space 266240K, 0% used [0x00000007aab00000,0x00000007aab00000,0x00000007baf00000)
  from space 43008K, 0% used [0x00000007bd600000,0x00000007bd600000,0x00000007c0000000)
  to   space 39936K, 0% used [0x00000007baf00000,0x00000007baf00000,0x00000007bd600000)
 ParOldGen       total 699392K, used 124590K [0x0000000780000000, 0x00000007aab00000, 0x00000007aab00000)
  object space 699392K, 17% used [0x0000000780000000,0x00000007879ab8b8,0x00000007aab00000)
 Metaspace       used 169672K, capacity 190568K, committed 194432K, reserved 1218560K
  class space    used 22949K, capacity 24303K, committed 24704K, reserved 1048576K
}

Deoptimization events (10 events):
Event: 2841.719 Thread 0x00007fc499b2a000 Uncommon trap: reason=unstable_if action=reinterpret pc=0x0000000112442fa8 method=java.lang.ref.SoftReference.get()Ljava/lang/Object; @ 6
Event: 2841.761 Thread 0x00007fc49fe49800 Uncommon trap: reason=unstable_if action=reinterpret pc=0x0000000112e6a9e8 method=java.lang.ref.SoftReference.get()Ljava/lang/Object; @ 6
Event: 2841.878 Thread 0x00007fc4993e5800 Uncommon trap: reason=unstable_if action=reinterpret pc=0x000000011244ed78 method=java.lang.ref.SoftReference.get()Ljava/lang/Object; @ 6
Event: 2841.879 Thread 0x00007fc4a12be800 Uncommon trap: reason=unstable_if action=reinterpret pc=0x000000011244ed78 method=java.lang.ref.SoftReference.get()Ljava/lang/Object; @ 6
Event: 2841.891 Thread 0x00007fc49fe49800 Uncommon trap: reason=unstable_if action=reinterpret pc=0x0000000113d65f50 method=java.lang.ref.SoftReference.get()Ljava/lang/Object; @ 6
Event: 2841.892 Thread 0x00007fc49fe49800 Uncommon trap: reason=unstable_if action=reinterpret pc=0x00000001145f8b34 method=java.lang.invoke.LambdaFormEditor.bindArgumentForm(I)Ljava/lang/invoke/LambdaForm; @ 15
Event: 2896.900 Thread 0x00007fc496a55800 Uncommon trap: reason=unstable_if action=reinterpret pc=0x00000001139c6b54 method=java.lang.ref.SoftReference.get()Ljava/lang/Object; @ 6
Event: 2896.900 Thread 0x00007fc496a55800 Uncommon trap: reason=unstable_if action=reinterpret pc=0x00000001155a9250 method=java.lang.ref.SoftReference.get()Ljava/lang/Object; @ 6
Event: 2908.809 Thread 0x00007fc4967ed000 Uncommon trap: reason=null_check action=make_not_entrant pc=0x00000001148c70a4 method=com.sun.jna.Structure.deriveLayout(ZZ)Lcom/sun/jna/Structure$LayoutInfo; @ 234
Event: 2909.005 Thread 0x00007fc4967ed000 Uncommon trap: reason=null_check action=make_not_entrant pc=0x0000000113ae1dd8 method=com.sun.jna.Structure.deriveLayout(ZZ)Lcom/sun/jna/Structure$LayoutInfo; @ 384

Internal exceptions (10 events):
Event: 2908.917 Thread 0x00007fc4967ed000 Exception <a 'java/io/FileNotFoundException'> (0x00000007b6535d10) thrown at [/Users/java_re/workspace/8-2-build-macosx-x86_64/jdk8u131/8869/hotspot/src/share/vm/prims/jni.cpp, line 709]
Event: 2908.917 Thread 0x00007fc4967ed000 Exception <a 'java/io/FileNotFoundException'> (0x00000007b6537aa8) thrown at [/Users/java_re/workspace/8-2-build-macosx-x86_64/jdk8u131/8869/hotspot/src/share/vm/prims/jni.cpp, line 709]
Event: 2908.946 Thread 0x00007fc4967ed000 Exception <a 'java/security/PrivilegedActionException'> (0x00000007b6a7d4f8) thrown at [/Users/java_re/workspace/8-2-build-macosx-x86_64/jdk8u131/8869/hotspot/src/share/vm/prims/jvm.cpp, line 1390]
Event: 2908.946 Thread 0x00007fc4967ed000 Exception <a 'java/security/PrivilegedActionException'> (0x00000007b6a7dad8) thrown at [/Users/java_re/workspace/8-2-build-macosx-x86_64/jdk8u131/8869/hotspot/src/share/vm/prims/jvm.cpp, line 1390]
Event: 2908.946 Thread 0x00007fc4967ed000 Exception <a 'java/security/PrivilegedActionException'> (0x00000007b6a815a8) thrown at [/Users/java_re/workspace/8-2-build-macosx-x86_64/jdk8u131/8869/hotspot/src/share/vm/prims/jvm.cpp, line 1390]
Event: 2908.946 Thread 0x00007fc4967ed000 Exception <a 'java/security/PrivilegedActionException'> (0x00000007b6a81b88) thrown at [/Users/java_re/workspace/8-2-build-macosx-x86_64/jdk8u131/8869/hotspot/src/share/vm/prims/jvm.cpp, line 1390]
Event: 2909.023 Thread 0x00007fc49beae800 Exception <a 'sun/nio/fs/UnixException'> (0x00000007b7180290) thrown at [/Users/java_re/workspace/8-2-build-macosx-x86_64/jdk8u131/8869/hotspot/src/share/vm/prims/jni.cpp, line 709]
Event: 2909.023 Thread 0x00007fc49beae800 Exception <a 'sun/nio/fs/UnixException'> (0x00000007b7180b38) thrown at [/Users/java_re/workspace/8-2-build-macosx-x86_64/jdk8u131/8869/hotspot/src/share/vm/prims/jni.cpp, line 709]
Event: 2909.023 Thread 0x00007fc49beae800 Exception <a 'sun/nio/fs/UnixException'> (0x00000007b7181a78) thrown at [/Users/java_re/workspace/8-2-build-macosx-x86_64/jdk8u131/8869/hotspot/src/share/vm/prims/jni.cpp, line 709]
Event: 2909.023 Thread 0x00007fc49beae800 Exception <a 'sun/nio/fs/UnixException'> (0x00000007b7182300) thrown at [/Users/java_re/workspace/8-2-build-macosx-x86_64/jdk8u131/8869/hotspot/src/share/vm/prims/jni.cpp, line 709]

Events (10 events):
Event: 2909.514 Thread 0x00007fc49beae800 Thread exited: 0x00007fc49beae800
Event: 2909.514 Thread 0x00007fc499222800 Thread exited: 0x00007fc499222800
Event: 2909.514 Thread 0x00007fc4993e5800 Thread exited: 0x00007fc4993e5800
Event: 2909.514 Thread 0x00007fc496fad800 Thread added: 0x00007fc496fad800
Event: 2909.514 Thread 0x00007fc49bf2d000 Thread exited: 0x00007fc49bf2d000
Event: 2909.515 Thread 0x00007fc4a0662000 Thread exited: 0x00007fc4a0662000
Event: 2909.515 Thread 0x00007fc49958c800 Thread exited: 0x00007fc49958c800
Event: 2909.515 Thread 0x00007fc4993e7000 Thread exited: 0x00007fc4993e7000
Event: 2909.516 Executing VM operation: RevokeBias
Event: 2909.516 Executing VM operation: RevokeBias done


Dynamic libraries:
0x0000000017317000 	/System/Library/Frameworks/Cocoa.framework/Versions/A/Cocoa
0x0000000017317000 	/System/Library/Frameworks/Security.framework/Versions/A/Security
0x0000000017317000 	/System/Library/Frameworks/ApplicationServices.framework/Versions/A/ApplicationServices
0x0000000017317000 	/usr/lib/libz.1.dylib
0x0000000017317000 	/usr/lib/libSystem.B.dylib
0x0000000017317000 	/usr/lib/libobjc.A.dylib
0x0000000017317000 	/System/Library/Frameworks/CoreFoundation.framework/Versions/A/CoreFoundation
0x0000000017317000 	/System/Library/Frameworks/Foundation.framework/Versions/C/Foundation
0x0000000017317000 	/System/Library/Frameworks/AppKit.framework/Versions/C/AppKit
0x0000000017317000 	/System/Library/Frameworks/CoreData.framework/Versions/A/CoreData
0x0000000017317000 	/System/Library/PrivateFrameworks/RemoteViewServices.framework/Versions/A/RemoteViewServices
0x0000000017317000 	/System/Library/PrivateFrameworks/UIFoundation.framework/Versions/A/UIFoundation
0x0000000017317000 	/System/Library/PrivateFrameworks/DFRFoundation.framework/Versions/A/DFRFoundation
0x0000000017317000 	/System/Library/Frameworks/Metal.framework/Versions/A/Metal
0x0000000017317000 	/System/Library/PrivateFrameworks/DesktopServicesPriv.framework/Versions/A/DesktopServicesPriv
0x0000000017317000 	/usr/lib/libenergytrace.dylib
0x0000000017317000 	/System/Library/PrivateFrameworks/SkyLight.framework/Versions/A/SkyLight
0x0000000017317000 	/System/Library/Frameworks/CoreGraphics.framework/Versions/A/CoreGraphics
0x0000000017317000 	/usr/lib/libScreenReader.dylib
0x0000000017317000 	/System/Library/Frameworks/Accelerate.framework/Versions/A/Accelerate
0x0000000017317000 	/System/Library/Frameworks/IOSurface.framework/Versions/A/IOSurface
0x0000000017317000 	/System/Library/Frameworks/AudioToolbox.framework/Versions/A/AudioToolbox
0x0000000017317000 	/System/Library/Frameworks/AudioUnit.framework/Versions/A/AudioUnit
0x0000000017317000 	/System/Library/PrivateFrameworks/DataDetectorsCore.framework/Versions/A/DataDetectorsCore
0x0000000017317000 	/System/Library/Frameworks/Carbon.framework/Versions/A/Frameworks/HIToolbox.framework/Versions/A/HIToolbox
0x0000000017317000 	/usr/lib/libicucore.A.dylib
0x0000000017317000 	/System/Library/Frameworks/QuartzCore.framework/Versions/A/QuartzCore
0x0000000017317000 	/System/Library/PrivateFrameworks/SignpostNotification.framework/Versions/A/SignpostNotification
0x0000000017317000 	/System/Library/Frameworks/Carbon.framework/Versions/A/Frameworks/SpeechRecognition.framework/Versions/A/SpeechRecognition
0x0000000017317000 	/usr/lib/libauto.dylib
0x0000000017317000 	/usr/lib/libxml2.2.dylib
0x0000000017317000 	/System/Library/PrivateFrameworks/CoreUI.framework/Versions/A/CoreUI
0x0000000017317000 	/System/Library/Frameworks/CoreAudio.framework/Versions/A/CoreAudio
0x0000000017317000 	/System/Library/Frameworks/DiskArbitration.framework/Versions/A/DiskArbitration
0x0000000017317000 	/usr/lib/liblangid.dylib
0x0000000017317000 	/System/Library/PrivateFrameworks/MultitouchSupport.framework/Versions/A/MultitouchSupport
0x0000000017317000 	/System/Library/Frameworks/IOKit.framework/Versions/A/IOKit
0x0000000017317000 	/usr/lib/libDiagnosticMessagesClient.dylib
0x0000000017317000 	/System/Library/Frameworks/CoreServices.framework/Versions/A/CoreServices
0x0000000017317000 	/System/Library/PrivateFrameworks/PerformanceAnalysis.framework/Versions/A/PerformanceAnalysis
0x0000000017317000 	/System/Library/Frameworks/OpenGL.framework/Versions/A/OpenGL
0x0000000017317000 	/System/Library/Frameworks/ColorSync.framework/Versions/A/ColorSync
0x0000000017317000 	/System/Library/Frameworks/CoreImage.framework/Versions/A/CoreImage
0x0000000017317000 	/System/Library/Frameworks/CoreText.framework/Versions/A/CoreText
0x0000000017317000 	/System/Library/Frameworks/ImageIO.framework/Versions/A/ImageIO
0x0000000017317000 	/System/Library/PrivateFrameworks/Backup.framework/Versions/A/Backup
0x0000000017317000 	/usr/lib/libarchive.2.dylib
0x0000000017317000 	/System/Library/Frameworks/CFNetwork.framework/Versions/A/CFNetwork
0x0000000017317000 	/System/Library/Frameworks/SystemConfiguration.framework/Versions/A/SystemConfiguration
0x0000000017317000 	/usr/lib/libCRFSuite.dylib
0x0000000017317000 	/usr/lib/libc++.1.dylib
0x0000000017317000 	/usr/lib/libc++abi.dylib
0x0000000017317000 	/usr/lib/system/libcache.dylib
0x0000000017317000 	/usr/lib/system/libcommonCrypto.dylib
0x0000000017317000 	/usr/lib/system/libcompiler_rt.dylib
0x0000000017317000 	/usr/lib/system/libcopyfile.dylib
0x0000000017317000 	/usr/lib/system/libcorecrypto.dylib
0x0000000017317000 	/usr/lib/system/libdispatch.dylib
0x0000000017317000 	/usr/lib/system/libdyld.dylib
0x0000000017317000 	/usr/lib/system/libkeymgr.dylib
0x0000000017317000 	/usr/lib/system/liblaunch.dylib
0x0000000017317000 	/usr/lib/system/libmacho.dylib
0x0000000017317000 	/usr/lib/system/libquarantine.dylib
0x0000000017317000 	/usr/lib/system/libremovefile.dylib
0x0000000017317000 	/usr/lib/system/libsystem_asl.dylib
0x0000000017317000 	/usr/lib/system/libsystem_blocks.dylib
0x0000000017317000 	/usr/lib/system/libsystem_c.dylib
0x0000000017317000 	/usr/lib/system/libsystem_configuration.dylib
0x0000000017317000 	/usr/lib/system/libsystem_coreservices.dylib
0x0000000017317000 	/usr/lib/system/libsystem_darwin.dylib
0x0000000017317000 	/usr/lib/system/libsystem_dnssd.dylib
0x0000000017317000 	/usr/lib/system/libsystem_info.dylib
0x0000000017317000 	/usr/lib/system/libsystem_m.dylib
0x0000000017317000 	/usr/lib/system/libsystem_malloc.dylib
0x0000000017317000 	/usr/lib/system/libsystem_network.dylib
0x0000000017317000 	/usr/lib/system/libsystem_networkextension.dylib
0x0000000017317000 	/usr/lib/system/libsystem_notify.dylib
0x0000000017317000 	/usr/lib/system/libsystem_sandbox.dylib
0x0000000017317000 	/usr/lib/system/libsystem_secinit.dylib
0x0000000017317000 	/usr/lib/system/libsystem_kernel.dylib
0x0000000017317000 	/usr/lib/system/libsystem_platform.dylib
0x0000000017317000 	/usr/lib/system/libsystem_pthread.dylib
0x0000000017317000 	/usr/lib/system/libsystem_symptoms.dylib
0x0000000017317000 	/usr/lib/system/libsystem_trace.dylib
0x0000000017317000 	/usr/lib/system/libunwind.dylib
0x0000000017317000 	/usr/lib/system/libxpc.dylib
0x0000000017317000 	/usr/lib/closure/libclosured.dylib
0x0000000017317000 	/usr/lib/libbsm.0.dylib
0x0000000017317000 	/usr/lib/system/libkxld.dylib
0x0000000017317000 	/usr/lib/libOpenScriptingUtil.dylib
0x0000000017317000 	/usr/lib/libcoretls.dylib
0x0000000017317000 	/usr/lib/libcoretls_cfhelpers.dylib
0x0000000017317000 	/usr/lib/libpam.2.dylib
0x0000000017317000 	/usr/lib/libsqlite3.dylib
0x0000000017317000 	/usr/lib/libxar.1.dylib
0x0000000017317000 	/usr/lib/libbz2.1.0.dylib
0x0000000017317000 	/usr/lib/liblzma.5.dylib
0x0000000017317000 	/usr/lib/libnetwork.dylib
0x0000000017317000 	/usr/lib/libapple_nghttp2.dylib
0x0000000017317000 	/usr/lib/libpcap.A.dylib
0x0000000017317000 	/usr/lib/libboringssl.dylib
0x0000000017317000 	/usr/lib/libusrtcp.dylib
0x0000000017317000 	/usr/lib/libapple_crypto.dylib
0x0000000017317000 	/System/Library/Frameworks/CoreServices.framework/Versions/A/Frameworks/FSEvents.framework/Versions/A/FSEvents
0x0000000017317000 	/System/Library/Frameworks/CoreServices.framework/Versions/A/Frameworks/CarbonCore.framework/Versions/A/CarbonCore
0x0000000017317000 	/System/Library/Frameworks/CoreServices.framework/Versions/A/Frameworks/Metadata.framework/Versions/A/Metadata
0x0000000017317000 	/System/Library/Frameworks/CoreServices.framework/Versions/A/Frameworks/OSServices.framework/Versions/A/OSServices
0x0000000017317000 	/System/Library/Frameworks/CoreServices.framework/Versions/A/Frameworks/SearchKit.framework/Versions/A/SearchKit
0x0000000017317000 	/System/Library/Frameworks/CoreServices.framework/Versions/A/Frameworks/AE.framework/Versions/A/AE
0x0000000017317000 	/System/Library/Frameworks/CoreServices.framework/Versions/A/Frameworks/LaunchServices.framework/Versions/A/LaunchServices
0x0000000017317000 	/System/Library/Frameworks/CoreServices.framework/Versions/A/Frameworks/DictionaryServices.framework/Versions/A/DictionaryServices
0x0000000017317000 	/System/Library/Frameworks/CoreServices.framework/Versions/A/Frameworks/SharedFileList.framework/Versions/A/SharedFileList
0x0000000017317000 	/System/Library/Frameworks/NetFS.framework/Versions/A/NetFS
0x0000000017317000 	/System/Library/PrivateFrameworks/NetAuth.framework/Versions/A/NetAuth
0x0000000017317000 	/System/Library/PrivateFrameworks/login.framework/Versions/A/Frameworks/loginsupport.framework/Versions/A/loginsupport
0x0000000017317000 	/System/Library/PrivateFrameworks/TCC.framework/Versions/A/TCC
0x0000000017317000 	/usr/lib/libmecabra.dylib
0x0000000017317000 	/System/Library/Frameworks/ApplicationServices.framework/Versions/A/Frameworks/ATS.framework/Versions/A/ATS
0x0000000017317000 	/System/Library/Frameworks/ApplicationServices.framework/Versions/A/Frameworks/ColorSyncLegacy.framework/Versions/A/ColorSyncLegacy
0x0000000017317000 	/System/Library/Frameworks/ApplicationServices.framework/Versions/A/Frameworks/HIServices.framework/Versions/A/HIServices
0x0000000017317000 	/System/Library/Frameworks/ApplicationServices.framework/Versions/A/Frameworks/LangAnalysis.framework/Versions/A/LangAnalysis
0x0000000017317000 	/System/Library/Frameworks/ApplicationServices.framework/Versions/A/Frameworks/PrintCore.framework/Versions/A/PrintCore
0x0000000017317000 	/System/Library/Frameworks/ApplicationServices.framework/Versions/A/Frameworks/QD.framework/Versions/A/QD
0x0000000017317000 	/System/Library/Frameworks/ApplicationServices.framework/Versions/A/Frameworks/SpeechSynthesis.framework/Versions/A/SpeechSynthesis
0x0000000017317000 	/System/Library/Frameworks/CoreDisplay.framework/Versions/A/CoreDisplay
0x0000000017317000 	/System/Library/Frameworks/Accelerate.framework/Versions/A/Frameworks/vImage.framework/Versions/A/vImage
0x0000000017317000 	/System/Library/Frameworks/Accelerate.framework/Versions/A/Frameworks/vecLib.framework/Versions/A/vecLib
0x0000000017317000 	/System/Library/Frameworks/Accelerate.framework/Versions/A/Frameworks/vecLib.framework/Versions/A/libvDSP.dylib
0x0000000017317000 	/System/Library/Frameworks/Accelerate.framework/Versions/A/Frameworks/vecLib.framework/Versions/A/libBNNS.dylib
0x0000000017317000 	/System/Library/Frameworks/Accelerate.framework/Versions/A/Frameworks/vecLib.framework/Versions/A/libQuadrature.dylib
0x0000000017317000 	/System/Library/Frameworks/Accelerate.framework/Versions/A/Frameworks/vecLib.framework/Versions/A/libvMisc.dylib
0x0000000017317000 	/System/Library/Frameworks/Accelerate.framework/Versions/A/Frameworks/vecLib.framework/Versions/A/libLAPACK.dylib
0x0000000017317000 	/System/Library/Frameworks/Accelerate.framework/Versions/A/Frameworks/vecLib.framework/Versions/A/libBLAS.dylib
0x0000000017317000 	/System/Library/Frameworks/Accelerate.framework/Versions/A/Frameworks/vecLib.framework/Versions/A/libLinearAlgebra.dylib
0x0000000017317000 	/System/Library/Frameworks/Accelerate.framework/Versions/A/Frameworks/vecLib.framework/Versions/A/libSparse.dylib
0x0000000017317000 	/System/Library/Frameworks/Accelerate.framework/Versions/A/Frameworks/vecLib.framework/Versions/A/libSparseBLAS.dylib
0x0000000017317000 	/System/Library/PrivateFrameworks/GPUWrangler.framework/Versions/A/GPUWrangler
0x0000000017317000 	/System/Library/PrivateFrameworks/IOAccelerator.framework/Versions/A/IOAccelerator
0x0000000017317000 	/System/Library/PrivateFrameworks/IOPresentment.framework/Versions/A/IOPresentment
0x0000000017317000 	/System/Library/PrivateFrameworks/DSExternalDisplay.framework/Versions/A/DSExternalDisplay
0x0000000017317000 	/System/Library/Frameworks/OpenGL.framework/Versions/A/Libraries/libCoreFSCache.dylib
0x0000000017317000 	/System/Library/Frameworks/CoreVideo.framework/Versions/A/CoreVideo
0x0000000017317000 	/System/Library/PrivateFrameworks/GraphVisualizer.framework/Versions/A/GraphVisualizer
0x0000000017317000 	/System/Library/Frameworks/MetalPerformanceShaders.framework/Versions/A/MetalPerformanceShaders
0x0000000017317000 	/usr/lib/libFosl_dynamic.dylib
0x0000000017317000 	/System/Library/PrivateFrameworks/FaceCore.framework/Versions/A/FaceCore
0x0000000017317000 	/System/Library/Frameworks/OpenCL.framework/Versions/A/OpenCL
0x0000000017317000 	/usr/lib/libcompression.dylib
0x0000000017317000 	/System/Library/Frameworks/ApplicationServices.framework/Versions/A/Frameworks/ATS.framework/Versions/A/Resources/libFontParser.dylib
0x0000000017317000 	/System/Library/Frameworks/ApplicationServices.framework/Versions/A/Frameworks/ATS.framework/Versions/A/Resources/libFontRegistry.dylib
0x0000000017317000 	/System/Library/Frameworks/ImageIO.framework/Versions/A/Resources/libJPEG.dylib
0x0000000017317000 	/System/Library/Frameworks/ImageIO.framework/Versions/A/Resources/libTIFF.dylib
0x0000000017317000 	/System/Library/Frameworks/ImageIO.framework/Versions/A/Resources/libPng.dylib
0x0000000017317000 	/System/Library/Frameworks/ImageIO.framework/Versions/A/Resources/libGIF.dylib
0x0000000017317000 	/System/Library/Frameworks/ImageIO.framework/Versions/A/Resources/libJP2.dylib
0x0000000017317000 	/System/Library/Frameworks/ImageIO.framework/Versions/A/Resources/libRadiance.dylib
0x0000000017317000 	/System/Library/PrivateFrameworks/AppleJPEG.framework/Versions/A/AppleJPEG
0x0000000017317000 	/System/Library/Frameworks/MetalPerformanceShaders.framework/Frameworks/MPSCore.framework/Versions/A/MPSCore
0x0000000017317000 	/System/Library/Frameworks/MetalPerformanceShaders.framework/Frameworks/MPSImage.framework/Versions/A/MPSImage
0x0000000017317000 	/System/Library/Frameworks/MetalPerformanceShaders.framework/Frameworks/MPSNeuralNetwork.framework/Versions/A/MPSNeuralNetwork
0x0000000017317000 	/System/Library/Frameworks/MetalPerformanceShaders.framework/Frameworks/MPSMatrix.framework/Versions/A/MPSMatrix
0x0000000017317000 	/System/Library/PrivateFrameworks/MetalTools.framework/Versions/A/MetalTools
0x0000000017317000 	/System/Library/Frameworks/OpenGL.framework/Versions/A/Libraries/libGLU.dylib
0x0000000017317000 	/System/Library/Frameworks/OpenGL.framework/Versions/A/Libraries/libGFXShared.dylib
0x0000000017317000 	/System/Library/Frameworks/OpenGL.framework/Versions/A/Libraries/libGL.dylib
0x0000000017317000 	/System/Library/Frameworks/OpenGL.framework/Versions/A/Libraries/libGLImage.dylib
0x0000000017317000 	/System/Library/Frameworks/OpenGL.framework/Versions/A/Libraries/libCVMSPluginSupport.dylib
0x0000000017317000 	/System/Library/Frameworks/OpenGL.framework/Versions/A/Libraries/libCoreVMClient.dylib
0x0000000017317000 	/usr/lib/libcups.2.dylib
0x0000000017317000 	/System/Library/Frameworks/Kerberos.framework/Versions/A/Kerberos
0x0000000017317000 	/System/Library/Frameworks/GSS.framework/Versions/A/GSS
0x0000000017317000 	/usr/lib/libresolv.9.dylib
0x0000000017317000 	/usr/lib/libiconv.2.dylib
0x0000000017317000 	/System/Library/PrivateFrameworks/Heimdal.framework/Versions/A/Heimdal
0x0000000017317000 	/usr/lib/libheimdal-asn1.dylib
0x0000000017317000 	/System/Library/Frameworks/OpenDirectory.framework/Versions/A/OpenDirectory
0x0000000017317000 	/System/Library/PrivateFrameworks/CommonAuth.framework/Versions/A/CommonAuth
0x0000000017317000 	/System/Library/Frameworks/OpenDirectory.framework/Versions/A/Frameworks/CFOpenDirectory.framework/Versions/A/CFOpenDirectory
0x0000000017317000 	/System/Library/Frameworks/SecurityFoundation.framework/Versions/A/SecurityFoundation
0x0000000017317000 	/System/Library/PrivateFrameworks/APFS.framework/Versions/A/APFS
0x0000000017317000 	/usr/lib/libutil.dylib
0x0000000017317000 	/System/Library/PrivateFrameworks/AppleSauce.framework/Versions/A/AppleSauce
0x0000000017317000 	/System/Library/PrivateFrameworks/LinguisticData.framework/Versions/A/LinguisticData
0x0000000017317000 	/usr/lib/libmarisa.dylib
0x0000000017317000 	/System/Library/PrivateFrameworks/Lexicon.framework/Versions/A/Lexicon
0x0000000017317000 	/usr/lib/libChineseTokenizer.dylib
0x0000000017317000 	/usr/lib/libcmph.dylib
0x0000000017317000 	/System/Library/PrivateFrameworks/LanguageModeling.framework/Versions/A/LanguageModeling
0x0000000017317000 	/System/Library/PrivateFrameworks/CoreEmoji.framework/Versions/A/CoreEmoji
0x0000000017317000 	/System/Library/Frameworks/ServiceManagement.framework/Versions/A/ServiceManagement
0x0000000017317000 	/System/Library/PrivateFrameworks/BackgroundTaskManagement.framework/Versions/A/BackgroundTaskManagement
0x0000000017317000 	/usr/lib/libxslt.1.dylib
0x0000000017317000 	/System/Library/Frameworks/Carbon.framework/Versions/A/Frameworks/Ink.framework/Versions/A/Ink
0x0000000017317000 	/System/Library/PrivateFrameworks/TextureIO.framework/Versions/A/TextureIO
0x0000000017317000 	/usr/lib/libate.dylib
0x0000000017317000 	/System/Library/PrivateFrameworks/CrashReporterSupport.framework/Versions/A/CrashReporterSupport
0x0000000017317000 	/System/Library/PrivateFrameworks/Sharing.framework/Versions/A/Sharing
0x0000000017317000 	/System/Library/PrivateFrameworks/IconServices.framework/Versions/A/IconServices
0x0000000017317000 	/System/Library/PrivateFrameworks/AuthKit.framework/Versions/A/AuthKit
0x0000000017317000 	/System/Library/PrivateFrameworks/Apple80211.framework/Versions/A/Apple80211
0x0000000017317000 	/System/Library/PrivateFrameworks/CoreUtils.framework/Versions/A/CoreUtils
0x0000000017317000 	/System/Library/Frameworks/CoreWLAN.framework/Versions/A/CoreWLAN
0x0000000017317000 	/System/Library/Frameworks/IOBluetooth.framework/Versions/A/IOBluetooth
0x0000000017317000 	/System/Library/PrivateFrameworks/ProtocolBuffer.framework/Versions/A/ProtocolBuffer
0x0000000017317000 	/System/Library/PrivateFrameworks/MobileKeyBag.framework/Versions/A/MobileKeyBag
0x0000000017317000 	/System/Library/PrivateFrameworks/CorePhoneNumbers.framework/Versions/A/CorePhoneNumbers
0x0000000017317000 	/System/Library/PrivateFrameworks/AppleIDAuthSupport.framework/Versions/A/AppleIDAuthSupport
0x0000000017317000 	/System/Library/PrivateFrameworks/KeychainCircle.framework/Versions/A/KeychainCircle
0x0000000017317000 	/System/Library/PrivateFrameworks/CoreWiFi.framework/Versions/A/CoreWiFi
0x0000000017317000 	/System/Library/Frameworks/CoreBluetooth.framework/Versions/A/CoreBluetooth
0x0000000017317000 	/System/Library/PrivateFrameworks/DebugSymbols.framework/Versions/A/DebugSymbols
0x0000000017317000 	/System/Library/PrivateFrameworks/CoreSymbolication.framework/Versions/A/CoreSymbolication
0x0000000017317000 	/System/Library/PrivateFrameworks/Symbolication.framework/Versions/A/Symbolication
0x0000000017317000 	/System/Library/PrivateFrameworks/AppleFSCompression.framework/Versions/A/AppleFSCompression
0x0000000017317000 	/System/Library/PrivateFrameworks/SpeechRecognitionCore.framework/Versions/A/SpeechRecognitionCore
0x0000000110400000 	/Library/Java/JavaVirtualMachines/jdk1.8.0_131.jdk/Contents/Home/jre/lib/server/libjvm.dylib
0x0000000017317000 	/usr/lib/libstdc++.6.0.9.dylib
0x000000010f256000 	/Library/Java/JavaVirtualMachines/jdk1.8.0_131.jdk/Contents/Home/jre/lib/libverify.dylib
0x000000010f264000 	/Library/Java/JavaVirtualMachines/jdk1.8.0_131.jdk/Contents/Home/jre/lib/libjava.dylib
0x000000010f2e3000 	/Library/Java/JavaVirtualMachines/jdk1.8.0_131.jdk/Contents/Home/jre/lib/libzip.dylib
0x0000000017317000 	/System/Library/Frameworks/JavaVM.framework/Versions/A/Frameworks/JavaRuntimeSupport.framework/Versions/A/JavaRuntimeSupport
0x0000000017317000 	/System/Library/Frameworks/JavaVM.framework/Versions/A/Frameworks/JavaNativeFoundation.framework/Versions/A/JavaNativeFoundation
0x0000000017317000 	/System/Library/Frameworks/JavaVM.framework/Versions/A/JavaVM
0x0000000017317000 	/System/Library/Frameworks/Carbon.framework/Versions/A/Carbon
0x0000000017317000 	/System/Library/PrivateFrameworks/JavaLaunching.framework/Versions/A/JavaLaunching
0x0000000017317000 	/System/Library/Frameworks/Carbon.framework/Versions/A/Frameworks/CommonPanels.framework/Versions/A/CommonPanels
0x0000000017317000 	/System/Library/Frameworks/Carbon.framework/Versions/A/Frameworks/Help.framework/Versions/A/Help
0x0000000017317000 	/System/Library/Frameworks/Carbon.framework/Versions/A/Frameworks/ImageCapture.framework/Versions/A/ImageCapture
0x0000000017317000 	/System/Library/Frameworks/Carbon.framework/Versions/A/Frameworks/OpenScripting.framework/Versions/A/OpenScripting
0x0000000017317000 	/System/Library/Frameworks/Carbon.framework/Versions/A/Frameworks/Print.framework/Versions/A/Print
0x0000000017317000 	/System/Library/Frameworks/Carbon.framework/Versions/A/Frameworks/SecurityHI.framework/Versions/A/SecurityHI
0x000000011fbaf000 	/Library/Java/JavaVirtualMachines/jdk1.8.0_131.jdk/Contents/Home/jre/lib/libnet.dylib
0x000000011fc0e000 	/Library/Java/JavaVirtualMachines/jdk1.8.0_131.jdk/Contents/Home/jre/lib/libnio.dylib
0x0000000120598000 	/Library/Java/JavaVirtualMachines/jdk1.8.0_131.jdk/Contents/Home/jre/lib/libmanagement.dylib
0x000000011fd41000 	/private/var/folders/m1/sf07twbn7s1frc5cbwh2_vx40000gn/T/jna-942778377/jna5156235391155145368.tmp
0x000000012228c000 	/Library/Java/JavaVirtualMachines/jdk1.8.0_131.jdk/Contents/Home/jre/lib/libsunec.dylib
0x0000000124bcf000 	/private/var/folders/m1/sf07twbn7s1frc5cbwh2_vx40000gn/T/sqlite-3.8.6-x86_64-libsqlitejdbc.jnilib

VM Arguments:
jvm_args: -Xms1024m -Xmx1024m -XX:ReservedCodeCacheSize=128m -XX:MaxMetaspaceSize=256m 
java_command: /usr/local/Cellar/sbt/1.2.1/libexec/bin/sbt-launch.jar run
java_class_path (initial): /usr/local/Cellar/sbt/1.2.1/libexec/bin/sbt-launch.jar
Launcher Type: SUN_STANDARD

Environment Variables:
PATH=/Users/bingerso/.rvm/gems/ruby-2.4.0/bin:/Users/bingerso/.rvm/gems/ruby-2.4.0@global/bin:/Users/bingerso/.rvm/rubies/ruby-2.4.0/bin:/usr/local/bin:/usr/bin:/bin:/usr/sbin:/sbin:/Applications/VMware Fusion.app/Contents/Public:/usr/local/go/bin:/usr/local/share/dotnet:/opt/X11/bin:/usr/local/bin/jamf:/Library/Frameworks/Mono.framework/Versions/Current/Commands:/Applications/Xamarin Workbooks.app/Contents/SharedSupport/path-bin:/Users/bingerso/.rvm/bin
SHELL=/bin/zsh
DISPLAY=/private/tmp/com.apple.launchd.q9NsqzoWdg/org.macosforge.xquartz:0

Signal Handlers:
SIGSEGV: [libjvm.dylib+0x5b1eb1], sa_mask[0]=11111111011111110111111111111111, sa_flags=SA_ONSTACK|SA_RESTART|SA_SIGINFO
SIGBUS: [libjvm.dylib+0x5b1eb1], sa_mask[0]=11111111011111110111111111111111, sa_flags=SA_RESTART|SA_SIGINFO
SIGFPE: [libjvm.dylib+0x488988], sa_mask[0]=11111111011111110111111111111111, sa_flags=SA_RESTART|SA_SIGINFO
SIGPIPE: [libjvm.dylib+0x488988], sa_mask[0]=11111111011111110111111111111111, sa_flags=SA_RESTART|SA_SIGINFO
SIGXFSZ: [libjvm.dylib+0x488988], sa_mask[0]=11111111011111110111111111111111, sa_flags=SA_RESTART|SA_SIGINFO
SIGILL: [libjvm.dylib+0x488988], sa_mask[0]=11111111011111110111111111111111, sa_flags=SA_RESTART|SA_SIGINFO
SIGUSR1: SIG_DFL, sa_mask[0]=00000000000000000000000000000000, sa_flags=SA_RESTART
SIGUSR2: [libjvm.dylib+0x4884a6], sa_mask[0]=00000000000000000000000000000000, sa_flags=SA_RESTART|SA_SIGINFO
SIGHUP: [libjvm.dylib+0x486a7d], sa_mask[0]=11111111011111110111111111111111, sa_flags=SA_RESTART|SA_SIGINFO
SIGINT: [libjvm.dylib+0x486a7d], sa_mask[0]=11111111011111110111111111111111, sa_flags=SA_RESTART|SA_SIGINFO
SIGTERM: [libjvm.dylib+0x486a7d], sa_mask[0]=11111111011111110111111111111111, sa_flags=SA_RESTART|SA_SIGINFO
SIGQUIT: [libjvm.dylib+0x486a7d], sa_mask[0]=11111111011111110111111111111111, sa_flags=SA_RESTART|SA_SIGINFO


---------------  S Y S T E M  ---------------

OS:Bsduname:Darwin 17.7.0 Darwin Kernel Version 17.7.0: Thu Jun 21 22:53:14 PDT 2018; root:xnu-4570.71.2~1/RELEASE_X86_64 x86_64
rlimit: STACK 8192k, CORE 0k, NPROC 1418, NOFILE 10240, AS infinity
load average:3.48 3.35 3.20

CPU:total 8 (initial active 8) (4 cores per cpu, 2 threads per core) family 6 model 70 stepping 1, cmov, cx8, fxsr, mmx, sse, sse2, sse3, ssse3, sse4.1, sse4.2, popcnt, avx, avx2, aes, clmul, erms, lzcnt, ht, tsc, tscinvbit, bmi1, bmi2

Memory: 4k page, physical 16777216k(297052k free)

/proc/meminfo:


vm_info: Java HotSpot(TM) 64-Bit Server VM (25.131-b11) for bsd-amd64 JRE (1.8.0_131-b11), built on Mar 15 2017 01:32:22 by "java_re" with gcc 4.2.1 (Based on Apple Inc. build 5658) (LLVM build 2336.11.00)

time: Mon Sep 24 19:09:39 2018
elapsed time: 2909 seconds (0d 0h 48m 29s)

