#
# A fatal error has been detected by the Java Runtime Environment:
#
#  SIGSEGV (0xb) at pc=0x000000011e47352c, pid=53737, tid=0x0000000000004d03
#
# JRE version: Java(TM) SE Runtime Environment (8.0_131-b11) (build 1.8.0_131-b11)
# Java VM: Java HotSpot(TM) 64-Bit Server VM (25.131-b11 mixed mode bsd-amd64 compressed oops)
# Problematic frame:
# C  [sqlite-3.8.6-x86_64-libsqlitejdbc.jnilib+0xc52c]  Java_org_sqlite_core_NativeDB_restore+0x9a3c
#
# Failed to write core dump. Core dumps have been disabled. To enable core dumping, try "ulimit -c unlimited" before starting Java again
#
# If you would like to submit a bug report, please visit:
#   http://bugreport.java.com/bugreport/crash.jsp
# The crash happened outside the Java Virtual Machine in native code.
# See problematic frame for where to report the bug.
#

---------------  T H R E A D  ---------------

Current thread (0x00007fc9b1016000):  JavaThread "Finalizer" daemon [_thread_in_native, id=19715, stack(0x000070000242e000,0x000070000252e000)]

siginfo: si_signo: 11 (SIGSEGV), si_code: 1 (SEGV_MAPERR), si_addr: 0x0000000000000018

Registers:
RAX=0x0000000000000000, RBX=0x00007fc9bb0311c0, RCX=0x000000010c8233a0, RDX=0x00007fc9bb0311c0
RSP=0x000070000252d710, RBP=0x000070000252d730, RSI=0x000070000252d7d8, RDI=0x00007fc9bb0311c0
R8 =0x0000000000000001, R9 =0xffffffff00000001, R10=0x000000010d478463, R11=0x000000010c4e4dcb
R12=0x0000000000000000, R13=0x00000001241c36f8, R14=0x0000000000000000, R15=0x00007fc9b1016000
RIP=0x000000011e47352c, EFLAGS=0x0000000000010206, ERR=0x0000000000000004
  TRAPNO=0x000000000000000e

Top of Stack: (sp=0x000070000252d710)
0x000070000252d710:   000000011e468a00 00000001241c36f8
0x000070000252d720:   000070000252d7d8 00007fc9b1016000
0x000070000252d730:   000070000252d7a8 000000010d47848f
0x000070000252d740:   000070000252d7a8 000000010d478253
0x000070000252d750:   000000010d478211 0000000000000003
0x000070000252d760:   0000000784d66500 000070000252d758
0x000070000252d770:   00000001241c36f8 000070000252d7d8
0x000070000252d780:   00000001241f05f8 0000000000000000
0x000070000252d790:   00000001241c36f8 0000000000000000
0x000070000252d7a0:   000070000252d7c8 000070000252d820
0x000070000252d7b0:   000000010d467d00 0000000000000000
0x000070000252d7c0:   000000010d471536 00007fc9bb0311c0
0x000070000252d7d0:   00007fc9bb0311c0 0000000784d66500
0x000070000252d7e0:   000070000252d7e0 000000012420b2c4
0x000070000252d7f0:   000070000252d830 00000001242196e8
0x000070000252d800:   0000000000000000 000000012420b308
0x000070000252d810:   000070000252d7c8 000070000252d830
0x000070000252d820:   000070000252d878 000000010d4682bd
0x000070000252d830:   0000000784d66628 000070000252d838
0x000070000252d840:   0000000124214589 000070000252d888
0x000070000252d850:   0000000124219a10 0000000000000000
0x000070000252d860:   00000001242145a8 000070000252d830
0x000070000252d870:   000070000252d890 0000000000000000
0x000070000252d880:   000000010d687010 0000000784d66628
0x000070000252d890:   00000000f0000784 0000000780003c50
0x000070000252d8a0:   000000078502bf50 000000010d61dcd8
0x000070000252d8b0:   0000000780003c30 0000000780003c20
0x000070000252d8c0:   0000000780003c20 0000000000000003
0x000070000252d8d0:   0000000000000003 0000000780003c50
0x000070000252d8e0:   000070000252d948 000000010d4682bd
0x000070000252d8f0:   000000010d4682bd 0000000780003c50
0x000070000252d900:   000000078502bf50 000070000252d908 

Instructions: (pc=0x000000011e47352c)
0x000000011e47350c:   1f 44 00 00 55 48 89 e5 41 57 41 56 53 50 48 89
0x000000011e47351c:   fb 45 31 f6 48 85 db 0f 84 b4 00 00 00 48 8b 03
0x000000011e47352c:   48 8b 78 18 48 85 ff 74 06 ff 15 45 b2 0f 00 48
0x000000011e47353c:   89 df e8 ad 00 00 00 41 89 c6 c7 83 80 00 00 00 

Register to memory mapping:

RAX=0x0000000000000000 is an unknown value
RBX=0x00007fc9bb0311c0 is an unknown value
RCX=0x000000010c8233a0: UseMembar+0 in /Library/Java/JavaVirtualMachines/jdk1.8.0_131.jdk/Contents/Home/jre/lib/server/libjvm.dylib at 0x000000010c000000
RDX=0x00007fc9bb0311c0 is an unknown value
RSP=0x000070000252d710 is pointing into the stack for thread: 0x00007fc9b1016000
RBP=0x000070000252d730 is pointing into the stack for thread: 0x00007fc9b1016000
RSI=0x000070000252d7d8 is pointing into the stack for thread: 0x00007fc9b1016000
RDI=0x00007fc9bb0311c0 is an unknown value
R8 =0x0000000000000001 is an unknown value
R9 =0xffffffff00000001 is an unknown value
R10=0x000000010d478463 is at code_begin+1187 in an Interpreter codelet
method entry point (kind = native_synchronized)  [0x000000010d477fc0, 0x000000010d478a40]  2688 bytes
R11=0x000000010c4e4dcb: throw_unsatisfied_link_error+0 in /Library/Java/JavaVirtualMachines/jdk1.8.0_131.jdk/Contents/Home/jre/lib/server/libjvm.dylib at 0x000000010c000000
R12=0x0000000000000000 is an unknown value
R13={method} {0x00000001241c36f8} 'reset' '(J)I' in 'org/sqlite/core/NativeDB'
R14=0x0000000000000000 is an unknown value
R15=0x00007fc9b1016000 is a thread


Stack: [0x000070000242e000,0x000070000252e000],  sp=0x000070000252d710,  free space=1021k
Native frames: (J=compiled Java code, j=interpreted, Vv=VM code, C=native code)
C  [sqlite-3.8.6-x86_64-libsqlitejdbc.jnilib+0xc52c]  Java_org_sqlite_core_NativeDB_restore+0x9a3c
j  org.sqlite.core.NativeDB.reset(J)I+0
j  org.sqlite.core.CoreResultSet.close()V+76
j  org.sqlite.jdbc3.JDBC3ResultSet.finalize()V+1
J 7222 C2 java.lang.ref.Finalizer.access$100(Ljava/lang/ref/Finalizer;Lsun/misc/JavaLangAccess;)V (6 bytes) @ 0x000000010d687010 [0x000000010d686e20+0x1f0]
j  java.lang.ref.Finalizer$FinalizerThread.run()V+45
v  ~StubRoutines::call_stub
V  [libjvm.dylib+0x2ee5b6]  JavaCalls::call_helper(JavaValue*, methodHandle*, JavaCallArguments*, Thread*)+0x6ae
V  [libjvm.dylib+0x2eed5a]  JavaCalls::call_virtual(JavaValue*, KlassHandle, Symbol*, Symbol*, JavaCallArguments*, Thread*)+0x164
V  [libjvm.dylib+0x2eef06]  JavaCalls::call_virtual(JavaValue*, Handle, KlassHandle, Symbol*, Symbol*, Thread*)+0x4a
V  [libjvm.dylib+0x34965d]  thread_entry(JavaThread*, Thread*)+0x7c
V  [libjvm.dylib+0x56b87f]  JavaThread::thread_main_inner()+0x9b
V  [libjvm.dylib+0x56cf6c]  JavaThread::run()+0x1c2
V  [libjvm.dylib+0x48b376]  java_start(Thread*)+0xf6
C  [libsystem_pthread.dylib+0x3661]  _pthread_body+0x154
C  [libsystem_pthread.dylib+0x350d]  _pthread_body+0x0
C  [libsystem_pthread.dylib+0x2bf9]  thread_start+0xd
C  0x0000000000000000

Java frames: (J=compiled Java code, j=interpreted, Vv=VM code)
j  org.sqlite.core.NativeDB.reset(J)I+0
j  org.sqlite.core.CoreResultSet.close()V+76
j  org.sqlite.jdbc3.JDBC3ResultSet.finalize()V+1
J 7222 C2 java.lang.ref.Finalizer.access$100(Ljava/lang/ref/Finalizer;Lsun/misc/JavaLangAccess;)V (6 bytes) @ 0x000000010d687010 [0x000000010d686e20+0x1f0]
j  java.lang.ref.Finalizer$FinalizerThread.run()V+45
v  ~StubRoutines::call_stub

---------------  P R O C E S S  ---------------

Java Threads: ( => current thread )
  0x00007fc9ba3f7800 JavaThread "Secondary finalizer" [_thread_blocked, id=44055, stack(0x0000700003792000,0x0000700003892000)]
  0x00007fc9b1338000 JavaThread "scala-execution-context-global-159" daemon [_thread_blocked, id=25107, stack(0x0000700004fda000,0x00007000050da000)]
  0x00007fc9b435c800 JavaThread "scala-execution-context-global-158" daemon [_thread_blocked, id=24091, stack(0x0000700004ed7000,0x0000700004fd7000)]
  0x00007fc9b4b2e800 JavaThread "scala-execution-context-global-157" daemon [_thread_blocked, id=22543, stack(0x0000700004dd4000,0x0000700004ed4000)]
  0x00007fc9b62bd000 JavaThread "scala-execution-context-global-156" daemon [_thread_blocked, id=23063, stack(0x0000700004cd1000,0x0000700004dd1000)]
  0x00007fc9ba0b8800 JavaThread "scala-execution-context-global-155" daemon [_thread_blocked, id=40983, stack(0x0000700004bce000,0x0000700004cce000)]
  0x00007fc9b6207800 JavaThread "scala-execution-context-global-154" daemon [_thread_blocked, id=86283, stack(0x0000700004acb000,0x0000700004bcb000)]
  0x00007fc9b6075800 JavaThread "scala-execution-context-global-153" daemon [_thread_blocked, id=42787, stack(0x00007000049c8000,0x0000700004ac8000)]
  0x00007fc9b68d0800 JavaThread "scala-execution-context-global-152" daemon [_thread_blocked, id=85771, stack(0x00007000048c5000,0x00007000049c5000)]
  0x00007fc9b3bd9800 JavaThread "com.google.common.base.internal.Finalizer" daemon [_thread_blocked, id=41499, stack(0x0000700003b9e000,0x0000700003c9e000)]
  0x00007fc9b6161000 JavaThread "application-akka.actor.default-dispatcher-4" [_thread_blocked, id=32275, stack(0x0000700003895000,0x0000700003995000)]
  0x00007fc9b6f6d800 JavaThread "application-scheduler-1" [_thread_blocked, id=18467, stack(0x000070000368f000,0x000070000378f000)]
  0x00007fc9b33b2000 JavaThread "HikariPool-2 housekeeper" daemon [_thread_blocked, id=33295, stack(0x0000700003386000,0x0000700003486000)]
  0x00007fc9b616e800 JavaThread "AsyncAppender-Worker-ASYNCSTDOUT" daemon [_thread_blocked, id=30995, stack(0x0000700003283000,0x0000700003383000)]
  0x00007fc9b3be4000 JavaThread "AsyncAppender-Worker-ASYNCFILE" daemon [_thread_blocked, id=31503, stack(0x0000700003180000,0x0000700003280000)]
  0x00007fc9b67f6000 JavaThread "play-dev-mode-akka.actor.default-dispatcher-9" [_thread_blocked, id=29703, stack(0x000070000307d000,0x000070000317d000)]
  0x00007fc9b6523000 JavaThread "play-dev-mode-akka.actor.default-dispatcher-10" [_thread_blocked, id=25359, stack(0x0000700002f7a000,0x000070000307a000)]
  0x00007fc9b340b000 JavaThread "play-dev-mode-akka.actor.default-dispatcher-8" [_thread_blocked, id=29195, stack(0x0000700002d49000,0x0000700002e49000)]
  0x00007fc9b6f3c800 JavaThread "play-dev-mode-akka.io.pinned-dispatcher-5" [_thread_in_native, id=33795, stack(0x00007000045bc000,0x00007000046bc000)]
  0x00007fc9b0e27000 JavaThread "play-dev-mode-akka.actor.default-dispatcher-4" [_thread_blocked, id=29955, stack(0x00007000044b9000,0x00007000045b9000)]
  0x00007fc9b39e7800 JavaThread "play-dev-mode-scheduler-1" [_thread_blocked, id=34307, stack(0x00007000041b0000,0x00007000042b0000)]
  0x00007fc9b5079800 JavaThread "reloader-timer" daemon [_thread_blocked, id=34819, stack(0x00007000040ad000,0x00007000041ad000)]
  0x00007fc9b85c6000 JavaThread "play-watch-service" daemon [_thread_blocked, id=28675, stack(0x0000700003faa000,0x00007000040aa000)]
  0x00007fc9b85bc000 JavaThread "WatchService for /Users/bingerso/GitHub-Projects/csc750-project2/bingers-project2/app" daemon [_thread_in_native, id=36611, stack(0x0000700003ea7000,0x0000700003fa7000)]
  0x00007fc9b2d4f800 JavaThread "WatchService for /Users/bingerso/GitHub-Projects/csc750-project2/bingers-project2/conf" daemon [_thread_in_native, id=37635, stack(0x0000700003da4000,0x0000700003ea4000)]
  0x00007fc9b6721800 JavaThread "WatchService for /Users/bingerso/GitHub-Projects/csc750-project2/bingers-project2/public" daemon [_thread_in_native, id=24583, stack(0x000070000358c000,0x000070000368c000)]
  0x00007fc9b85ba000 JavaThread "pool-5-thread-6" [_thread_in_native, id=42251, stack(0x0000700003489000,0x0000700003589000)]
  0x00007fc9b5c3b000 JavaThread "sbt-web-akka.actor.default-dispatcher-3" [_thread_blocked, id=23311, stack(0x0000700002e77000,0x0000700002f77000)]
  0x00007fc9b6ad0800 JavaThread "sbt-web-scheduler-1" [_thread_blocked, id=41743, stack(0x0000700001807000,0x0000700001907000)]
  0x00007fc9b0965000 JavaThread "Log4j2-TF-1-AsyncLogger[AsyncContext@5702b3b1]-1" daemon [_thread_blocked, id=22019, stack(0x0000700002c46000,0x0000700002d46000)]
  0x00007fc9b0833800 JavaThread "Service Thread" daemon [_thread_blocked, id=17155, stack(0x0000700002a40000,0x0000700002b40000)]
  0x00007fc9b1050800 JavaThread "C1 CompilerThread3" daemon [_thread_blocked, id=16131, stack(0x000070000293d000,0x0000700002a3d000)]
  0x00007fc9b1050000 JavaThread "C2 CompilerThread2" daemon [_thread_in_native, id=17667, stack(0x000070000283a000,0x000070000293a000)]
  0x00007fc9b1047000 JavaThread "C2 CompilerThread1" daemon [_thread_in_native, id=15619, stack(0x0000700002737000,0x0000700002837000)]
  0x00007fc9b1045000 JavaThread "C2 CompilerThread0" daemon [_thread_in_native, id=15107, stack(0x0000700002634000,0x0000700002734000)]
  0x00007fc9b104f000 JavaThread "Signal Dispatcher" daemon [_thread_blocked, id=14603, stack(0x0000700002531000,0x0000700002631000)]
=>0x00007fc9b1016000 JavaThread "Finalizer" daemon [_thread_in_native, id=19715, stack(0x000070000242e000,0x000070000252e000)]
  0x00007fc9b1013800 JavaThread "Reference Handler" daemon [_thread_blocked, id=12803, stack(0x000070000232b000,0x000070000242b000)]
  0x00007fc9b1002800 JavaThread "main" [_thread_blocked, id=9475, stack(0x000070000190d000,0x0000700001a0d000)]

Other Threads:
  0x00007fc9b1809800 VMThread [stack: 0x0000700002228000,0x0000700002328000] [id=12291]
  0x00007fc9b1822000 WatcherThread [stack: 0x0000700002b43000,0x0000700002c43000] [id=16643]

VM state:not at safepoint (normal execution)

VM Mutex/Monitor currently owned by a thread: None

Heap:
 PSYoungGen      total 292352K, used 1017K [0x00000007aab00000, 0x00000007c0000000, 0x00000007c0000000)
  eden space 235520K, 0% used [0x00000007aab00000,0x00000007aabfe780,0x00000007b9100000)
  from space 56832K, 0% used [0x00000007b9100000,0x00000007b9100000,0x00000007bc880000)
  to   space 55296K, 0% used [0x00000007bca00000,0x00000007bca00000,0x00000007c0000000)
 ParOldGen       total 699392K, used 103025K [0x0000000780000000, 0x00000007aab00000, 0x00000007aab00000)
  object space 699392K, 14% used [0x0000000780000000,0x000000078649c548,0x00000007aab00000)
 Metaspace       used 128319K, capacity 144623K, committed 146560K, reserved 1177600K
  class space    used 17900K, capacity 18917K, committed 19072K, reserved 1048576K

Card table byte_map: [0x000000010d1ac000,0x000000010d3ad000] byte_map_base: 0x00000001095ac000

Marking Bits: (ParMarkBitMap*) 0x000000010c8f1ea0
 Begin Bits: [0x00000001155b6000, 0x00000001165b6000)
 End Bits:   [0x00000001165b6000, 0x00000001175b6000)

Polling page: 0x000000010afae000

CodeCache: size=131072Kb used=31595Kb max_used=31629Kb free=99477Kb
 bounds [0x000000010d460000, 0x000000010f380000, 0x0000000115460000]
 total_blobs=12495 nmethods=11730 adapters=674
 compilation: enabled

Compilation events (10 events):
Event: 256.462 Thread 0x00007fc9b1050800 14378       3       sun.nio.fs.UnixPath::equals (30 bytes)
Event: 256.462 Thread 0x00007fc9b1050800 nmethod 14378 0x000000010f352bd0 code [0x000000010f352d60, 0x000000010f3531c8]
Event: 256.466 Thread 0x00007fc9b1050800 14379       3       java.io.BufferedReader::fill (170 bytes)
Event: 256.467 Thread 0x00007fc9b1050800 nmethod 14379 0x000000010f353290 code [0x000000010f353440, 0x000000010f353ac8]
Event: 256.470 Thread 0x00007fc9b1050800 14380       3       scala.collection.immutable.HashSet$HashTrieSet::removed0 (287 bytes)
Event: 256.471 Thread 0x00007fc9b1050800 nmethod 14380 0x000000010f353c90 code [0x000000010f353f20, 0x000000010f355238]
Event: 256.471 Thread 0x00007fc9b1050800 14381       1       sbt.util.FileModified::file (5 bytes)
Event: 256.471 Thread 0x00007fc9b1050800 nmethod 14381 0x000000010f355a10 code [0x000000010f355b60, 0x000000010f355c70]
Event: 256.473 Thread 0x00007fc9b1050800 14382   !   3       java.io.FileOutputStream::close (62 bytes)
Event: 256.821 Thread 0x00007fc9b1050800 nmethod 14382 0x000000010f3586d0 code [0x000000010f358880, 0x000000010f358ef8]

GC Heap History (10 events):
Event: 170.164 GC heap before
{Heap before GC invocations=22 (full 7):
 PSYoungGen      total 295936K, used 1099K [0x00000007aab00000, 0x00000007c0000000, 0x00000007c0000000)
  eden space 240640K, 0% used [0x00000007aab00000,0x00000007aac12da0,0x00000007b9600000)
  from space 55296K, 0% used [0x00000007bca00000,0x00000007bca00000,0x00000007c0000000)
  to   space 53248K, 0% used [0x00000007b9600000,0x00000007b9600000,0x00000007bca00000)
 ParOldGen       total 699392K, used 101146K [0x0000000780000000, 0x00000007aab00000, 0x00000007aab00000)
  object space 699392K, 14% used [0x0000000780000000,0x00000007862c6b28,0x00000007aab00000)
 Metaspace       used 127578K, capacity 143679K, committed 146304K, reserved 1177600K
  class space    used 17783K, capacity 18748K, committed 19072K, reserved 1048576K
Event: 170.172 GC heap after
Heap after GC invocations=22 (full 7):
 PSYoungGen      total 240128K, used 128K [0x00000007aab00000, 0x00000007c0000000, 0x00000007c0000000)
  eden space 239616K, 0% used [0x00000007aab00000,0x00000007aab00000,0x00000007b9500000)
  from space 512K, 25% used [0x00000007b9600000,0x00000007b9620000,0x00000007b9680000)
  to   space 55808K, 0% used [0x00000007bc980000,0x00000007bc980000,0x00000007c0000000)
 ParOldGen       total 699392K, used 101146K [0x0000000780000000, 0x00000007aab00000, 0x00000007aab00000)
  object space 699392K, 14% used [0x0000000780000000,0x00000007862c6b28,0x00000007aab00000)
 Metaspace       used 127578K, capacity 143679K, committed 146304K, reserved 1177600K
  class space    used 17783K, capacity 18748K, committed 19072K, reserved 1048576K
}
Event: 170.172 GC heap before
{Heap before GC invocations=23 (full 8):
 PSYoungGen      total 240128K, used 128K [0x00000007aab00000, 0x00000007c0000000, 0x00000007c0000000)
  eden space 239616K, 0% used [0x00000007aab00000,0x00000007aab00000,0x00000007b9500000)
  from space 512K, 25% used [0x00000007b9600000,0x00000007b9620000,0x00000007b9680000)
  to   space 55808K, 0% used [0x00000007bc980000,0x00000007bc980000,0x00000007c0000000)
 ParOldGen       total 699392K, used 101146K [0x0000000780000000, 0x00000007aab00000, 0x00000007aab00000)
  object space 699392K, 14% used [0x0000000780000000,0x00000007862c6b28,0x00000007aab00000)
 Metaspace       used 127578K, capacity 143679K, committed 146304K, reserved 1177600K
  class space    used 17783K, capacity 18748K, committed 19072K, reserved 1048576K
Event: 170.485 GC heap after
Heap after GC invocations=23 (full 8):
 PSYoungGen      total 240128K, used 0K [0x00000007aab00000, 0x00000007c0000000, 0x00000007c0000000)
  eden space 239616K, 0% used [0x00000007aab00000,0x00000007aab00000,0x00000007b9500000)
  from space 512K, 0% used [0x00000007b9600000,0x00000007b9600000,0x00000007b9680000)
  to   space 55808K, 0% used [0x00000007bc980000,0x00000007bc980000,0x00000007c0000000)
 ParOldGen       total 699392K, used 98807K [0x0000000780000000, 0x00000007aab00000, 0x00000007aab00000)
  object space 699392K, 14% used [0x0000000780000000,0x000000078607dc90,0x00000007aab00000)
 Metaspace       used 127578K, capacity 143679K, committed 146304K, reserved 1177600K
  class space    used 17783K, capacity 18748K, committed 19072K, reserved 1048576K
}
Event: 171.066 GC heap before
{Heap before GC invocations=24 (full 8):
 PSYoungGen      total 240128K, used 239616K [0x00000007aab00000, 0x00000007c0000000, 0x00000007c0000000)
  eden space 239616K, 100% used [0x00000007aab00000,0x00000007b9500000,0x00000007b9500000)
  from space 512K, 0% used [0x00000007b9600000,0x00000007b9600000,0x00000007b9680000)
  to   space 55808K, 0% used [0x00000007bc980000,0x00000007bc980000,0x00000007c0000000)
 ParOldGen       total 699392K, used 98807K [0x0000000780000000, 0x00000007aab00000, 0x00000007aab00000)
  object space 699392K, 14% used [0x0000000780000000,0x000000078607dc90,0x00000007aab00000)
 Metaspace       used 128120K, capacity 144317K, committed 146560K, reserved 1177600K
  class space    used 17881K, capacity 18865K, committed 19072K, reserved 1048576K
Event: 171.071 GC heap after
Heap after GC invocations=24 (full 8):
 PSYoungGen      total 291328K, used 3181K [0x00000007aab00000, 0x00000007c0000000, 0x00000007c0000000)
  eden space 235520K, 0% used [0x00000007aab00000,0x00000007aab00000,0x00000007b9100000)
  from space 55808K, 5% used [0x00000007bc980000,0x00000007bcc9b460,0x00000007c0000000)
  to   space 56832K, 0% used [0x00000007b9100000,0x00000007b9100000,0x00000007bc880000)
 ParOldGen       total 699392K, used 98815K [0x0000000780000000, 0x00000007aab00000, 0x00000007aab00000)
  object space 699392K, 14% used [0x0000000780000000,0x000000078607fc90,0x00000007aab00000)
 Metaspace       used 128120K, capacity 144317K, committed 146560K, reserved 1177600K
  class space    used 17881K, capacity 18865K, committed 19072K, reserved 1048576K
}
Event: 256.475 GC heap before
{Heap before GC invocations=25 (full 8):
 PSYoungGen      total 291328K, used 237511K [0x00000007aab00000, 0x00000007c0000000, 0x00000007c0000000)
  eden space 235520K, 99% used [0x00000007aab00000,0x00000007b8fd6948,0x00000007b9100000)
  from space 55808K, 5% used [0x00000007bc980000,0x00000007bcc9b460,0x00000007c0000000)
  to   space 56832K, 0% used [0x00000007b9100000,0x00000007b9100000,0x00000007bc880000)
 ParOldGen       total 699392K, used 98815K [0x0000000780000000, 0x00000007aab00000, 0x00000007aab00000)
  object space 699392K, 14% used [0x0000000780000000,0x000000078607fc90,0x00000007aab00000)
 Metaspace       used 128523K, capacity 144877K, committed 146560K, reserved 1177600K
  class space    used 17911K, capacity 18959K, committed 19072K, reserved 1048576K
Event: 256.486 GC heap after
Heap after GC invocations=25 (full 8):
 PSYoungGen      total 292352K, used 13611K [0x00000007aab00000, 0x00000007c0000000, 0x00000007c0000000)
  eden space 235520K, 0% used [0x00000007aab00000,0x00000007aab00000,0x00000007b9100000)
  from space 56832K, 23% used [0x00000007b9100000,0x00000007b9e4ac00,0x00000007bc880000)
  to   space 55296K, 0% used [0x00000007bca00000,0x00000007bca00000,0x00000007c0000000)
 ParOldGen       total 699392K, used 98823K [0x0000000780000000, 0x00000007aab00000, 0x00000007aab00000)
  object space 699392K, 14% used [0x0000000780000000,0x0000000786081c90,0x00000007aab00000)
 Metaspace       used 128523K, capacity 144877K, committed 146560K, reserved 1177600K
  class space    used 17911K, capacity 18959K, committed 19072K, reserved 1048576K
}
Event: 256.486 GC heap before
{Heap before GC invocations=26 (full 9):
 PSYoungGen      total 292352K, used 13611K [0x00000007aab00000, 0x00000007c0000000, 0x00000007c0000000)
  eden space 235520K, 0% used [0x00000007aab00000,0x00000007aab00000,0x00000007b9100000)
  from space 56832K, 23% used [0x00000007b9100000,0x00000007b9e4ac00,0x00000007bc880000)
  to   space 55296K, 0% used [0x00000007bca00000,0x00000007bca00000,0x00000007c0000000)
 ParOldGen       total 699392K, used 98823K [0x0000000780000000, 0x00000007aab00000, 0x00000007aab00000)
  object space 699392K, 14% used [0x0000000780000000,0x0000000786081c90,0x00000007aab00000)
 Metaspace       used 128523K, capacity 144877K, committed 146560K, reserved 1177600K
  class space    used 17911K, capacity 18959K, committed 19072K, reserved 1048576K
Event: 256.820 GC heap after
Heap after GC invocations=26 (full 9):
 PSYoungGen      total 292352K, used 0K [0x00000007aab00000, 0x00000007c0000000, 0x00000007c0000000)
  eden space 235520K, 0% used [0x00000007aab00000,0x00000007aab00000,0x00000007b9100000)
  from space 56832K, 0% used [0x00000007b9100000,0x00000007b9100000,0x00000007bc880000)
  to   space 55296K, 0% used [0x00000007bca00000,0x00000007bca00000,0x00000007c0000000)
 ParOldGen       total 699392K, used 103025K [0x0000000780000000, 0x00000007aab00000, 0x00000007aab00000)
  object space 699392K, 14% used [0x0000000780000000,0x000000078649c548,0x00000007aab00000)
 Metaspace       used 128319K, capacity 144623K, committed 146560K, reserved 1177600K
  class space    used 17900K, capacity 18917K, committed 19072K, reserved 1048576K
}

Deoptimization events (10 events):
Event: 170.889 Thread 0x00007fc9b435c800 Uncommon trap: reason=unstable_if action=reinterpret pc=0x000000010df3a554 method=java.lang.invoke.MemberName.getInvocationType()Ljava/lang/invoke/MethodType; @ 9
Event: 170.889 Thread 0x00007fc9b435c800 Uncommon trap: reason=unstable_if action=reinterpret pc=0x000000010ef3894c method=java.lang.invoke.MethodHandleNatives.refKindIsMethod(B)Z @ 10
Event: 170.889 Thread 0x00007fc9b435c800 Uncommon trap: reason=unstable_if action=reinterpret pc=0x000000010d632070 method=java.lang.invoke.AbstractValidatingLambdaMetafactory.validateMetafactoryArgs()V @ 681
Event: 170.889 Thread 0x00007fc9b435c800 Uncommon trap: reason=unstable_if action=reinterpret pc=0x000000010da0b83c method=java.lang.invoke.AbstractValidatingLambdaMetafactory.isAdaptableTo(Ljava/lang/Class;Ljava/lang/Class;Z)Z @ 109
Event: 170.889 Thread 0x00007fc9b435c800 Uncommon trap: reason=unstable_if action=reinterpret pc=0x000000010e990a3c method=jdk.internal.org.objectweb.asm.ClassWriter.newNameTypeItem(Ljava/lang/String;Ljava/lang/String;)Ljdk/internal/org/objectweb/asm/Item; @ 22
Event: 170.894 Thread 0x00007fc9b340b000 Uncommon trap: reason=unstable_if action=reinterpret pc=0x000000010e110160 method=java.io.BufferedInputStream.read1([BII)I @ 29
Event: 170.943 Thread 0x00007fc9b9e7b800 Uncommon trap: reason=unstable_if action=reinterpret pc=0x000000010e868d94 method=java.util.HashMap.removeNode(ILjava/lang/Object;Ljava/lang/Object;ZZ)Ljava/util/HashMap$Node; @ 7
Event: 171.085 Thread 0x00007fc9b6065800 Uncommon trap: reason=unstable_if action=reinterpret pc=0x000000010e4adbb0 method=akka.dispatch.forkjoin.ForkJoinPool.scan(Lakka/dispatch/forkjoin/ForkJoinPool$WorkQueue;)Lakka/dispatch/forkjoin/ForkJoinTask; @ 583
Event: 256.093 Thread 0x00007fc9b3a8c000 Uncommon trap: reason=speculate_class_check action=maybe_recompile pc=0x000000010f02c224 method=sjsonnew.Unbuilder.endObject()V @ 33
Event: 256.823 Thread 0x00007fc9ba3f7800 Uncommon trap: reason=unstable_if action=reinterpret pc=0x000000010e361ad0 method=java.util.HashMap$HashIterator.<init>(Ljava/util/HashMap;)V @ 45

Internal exceptions (10 events):
Event: 256.354 Thread 0x00007fc9b3a8c000 Exception <a 'java/io/FileNotFoundException'> (0x00000007b81127c0) thrown at [/Users/java_re/workspace/8-2-build-macosx-x86_64/jdk8u131/8869/hotspot/src/share/vm/prims/jni.cpp, line 709]
Event: 256.355 Thread 0x00007fc9b3a8c000 Exception <a 'java/io/FileNotFoundException'> (0x00000007b8114558) thrown at [/Users/java_re/workspace/8-2-build-macosx-x86_64/jdk8u131/8869/hotspot/src/share/vm/prims/jni.cpp, line 709]
Event: 256.410 Thread 0x00007fc9b3a8c000 Exception <a 'java/security/PrivilegedActionException'> (0x00000007b88f0720) thrown at [/Users/java_re/workspace/8-2-build-macosx-x86_64/jdk8u131/8869/hotspot/src/share/vm/prims/jvm.cpp, line 1390]
Event: 256.410 Thread 0x00007fc9b3a8c000 Exception <a 'java/security/PrivilegedActionException'> (0x00000007b88f0d00) thrown at [/Users/java_re/workspace/8-2-build-macosx-x86_64/jdk8u131/8869/hotspot/src/share/vm/prims/jvm.cpp, line 1390]
Event: 256.410 Thread 0x00007fc9b3a8c000 Exception <a 'java/security/PrivilegedActionException'> (0x00000007b88f47d0) thrown at [/Users/java_re/workspace/8-2-build-macosx-x86_64/jdk8u131/8869/hotspot/src/share/vm/prims/jvm.cpp, line 1390]
Event: 256.410 Thread 0x00007fc9b3a8c000 Exception <a 'java/security/PrivilegedActionException'> (0x00000007b88f4db0) thrown at [/Users/java_re/workspace/8-2-build-macosx-x86_64/jdk8u131/8869/hotspot/src/share/vm/prims/jvm.cpp, line 1390]
Event: 256.459 Thread 0x00007fc9b4aa5000 Exception <a 'sun/nio/fs/UnixException'> (0x00000007ac0994e8) thrown at [/Users/java_re/workspace/8-2-build-macosx-x86_64/jdk8u131/8869/hotspot/src/share/vm/prims/jni.cpp, line 709]
Event: 256.459 Thread 0x00007fc9b4aa5000 Exception <a 'sun/nio/fs/UnixException'> (0x00000007ac099d88) thrown at [/Users/java_re/workspace/8-2-build-macosx-x86_64/jdk8u131/8869/hotspot/src/share/vm/prims/jni.cpp, line 709]
Event: 256.460 Thread 0x00007fc9b4aa5000 Exception <a 'sun/nio/fs/UnixException'> (0x00000007ac09ace0) thrown at [/Users/java_re/workspace/8-2-build-macosx-x86_64/jdk8u131/8869/hotspot/src/share/vm/prims/jni.cpp, line 709]
Event: 256.460 Thread 0x00007fc9b4aa5000 Exception <a 'sun/nio/fs/UnixException'> (0x00000007ac09b580) thrown at [/Users/java_re/workspace/8-2-build-macosx-x86_64/jdk8u131/8869/hotspot/src/share/vm/prims/jni.cpp, line 709]

Events (10 events):
Event: 256.820 Executing VM operation: RevokeBias
Event: 256.820 Executing VM operation: RevokeBias done
Event: 256.821 Thread 0x00007fc9b74b2000 Thread exited: 0x00007fc9b74b2000
Event: 256.822 Executing VM operation: BulkRevokeBias
Event: 256.822 Executing VM operation: BulkRevokeBias done
Event: 256.822 Executing VM operation: RevokeBias
Event: 256.823 Executing VM operation: RevokeBias done
Event: 256.823 Thread 0x00007fc9ba3f7800 Uncommon trap: trap_request=0xffffff65 fr.pc=0x000000010e361ad0
Event: 256.823 Thread 0x00007fc9ba3f7800 DEOPT PACKING pc=0x000000010e361ad0 sp=0x0000700003891690
Event: 256.823 Thread 0x00007fc9ba3f7800 DEOPT UNPACKING pc=0x000000010d465229 sp=0x0000700003891598 mode 2


Dynamic libraries:
0x0000000017317000 	/System/Library/Frameworks/Cocoa.framework/Versions/A/Cocoa
0x0000000017317000 	/System/Library/Frameworks/Security.framework/Versions/A/Security
0x0000000017317000 	/System/Library/Frameworks/ApplicationServices.framework/Versions/A/ApplicationServices
0x0000000017317000 	/usr/lib/libz.1.dylib
0x0000000017317000 	/usr/lib/libSystem.B.dylib
0x0000000017317000 	/usr/lib/libobjc.A.dylib
0x0000000017317000 	/System/Library/Frameworks/CoreFoundation.framework/Versions/A/CoreFoundation
0x0000000017317000 	/System/Library/Frameworks/Foundation.framework/Versions/C/Foundation
0x0000000017317000 	/System/Library/Frameworks/AppKit.framework/Versions/C/AppKit
0x0000000017317000 	/System/Library/Frameworks/CoreData.framework/Versions/A/CoreData
0x0000000017317000 	/System/Library/PrivateFrameworks/RemoteViewServices.framework/Versions/A/RemoteViewServices
0x0000000017317000 	/System/Library/PrivateFrameworks/UIFoundation.framework/Versions/A/UIFoundation
0x0000000017317000 	/System/Library/PrivateFrameworks/DFRFoundation.framework/Versions/A/DFRFoundation
0x0000000017317000 	/System/Library/Frameworks/Metal.framework/Versions/A/Metal
0x0000000017317000 	/System/Library/PrivateFrameworks/DesktopServicesPriv.framework/Versions/A/DesktopServicesPriv
0x0000000017317000 	/usr/lib/libenergytrace.dylib
0x0000000017317000 	/System/Library/PrivateFrameworks/SkyLight.framework/Versions/A/SkyLight
0x0000000017317000 	/System/Library/Frameworks/CoreGraphics.framework/Versions/A/CoreGraphics
0x0000000017317000 	/usr/lib/libScreenReader.dylib
0x0000000017317000 	/System/Library/Frameworks/Accelerate.framework/Versions/A/Accelerate
0x0000000017317000 	/System/Library/Frameworks/IOSurface.framework/Versions/A/IOSurface
0x0000000017317000 	/System/Library/Frameworks/AudioToolbox.framework/Versions/A/AudioToolbox
0x0000000017317000 	/System/Library/Frameworks/AudioUnit.framework/Versions/A/AudioUnit
0x0000000017317000 	/System/Library/PrivateFrameworks/DataDetectorsCore.framework/Versions/A/DataDetectorsCore
0x0000000017317000 	/System/Library/Frameworks/Carbon.framework/Versions/A/Frameworks/HIToolbox.framework/Versions/A/HIToolbox
0x0000000017317000 	/usr/lib/libicucore.A.dylib
0x0000000017317000 	/System/Library/Frameworks/QuartzCore.framework/Versions/A/QuartzCore
0x0000000017317000 	/System/Library/PrivateFrameworks/SignpostNotification.framework/Versions/A/SignpostNotification
0x0000000017317000 	/System/Library/Frameworks/Carbon.framework/Versions/A/Frameworks/SpeechRecognition.framework/Versions/A/SpeechRecognition
0x0000000017317000 	/usr/lib/libauto.dylib
0x0000000017317000 	/usr/lib/libxml2.2.dylib
0x0000000017317000 	/System/Library/PrivateFrameworks/CoreUI.framework/Versions/A/CoreUI
0x0000000017317000 	/System/Library/Frameworks/CoreAudio.framework/Versions/A/CoreAudio
0x0000000017317000 	/System/Library/Frameworks/DiskArbitration.framework/Versions/A/DiskArbitration
0x0000000017317000 	/usr/lib/liblangid.dylib
0x0000000017317000 	/System/Library/PrivateFrameworks/MultitouchSupport.framework/Versions/A/MultitouchSupport
0x0000000017317000 	/System/Library/Frameworks/IOKit.framework/Versions/A/IOKit
0x0000000017317000 	/usr/lib/libDiagnosticMessagesClient.dylib
0x0000000017317000 	/System/Library/Frameworks/CoreServices.framework/Versions/A/CoreServices
0x0000000017317000 	/System/Library/PrivateFrameworks/PerformanceAnalysis.framework/Versions/A/PerformanceAnalysis
0x0000000017317000 	/System/Library/Frameworks/OpenGL.framework/Versions/A/OpenGL
0x0000000017317000 	/System/Library/Frameworks/ColorSync.framework/Versions/A/ColorSync
0x0000000017317000 	/System/Library/Frameworks/CoreImage.framework/Versions/A/CoreImage
0x0000000017317000 	/System/Library/Frameworks/CoreText.framework/Versions/A/CoreText
0x0000000017317000 	/System/Library/Frameworks/ImageIO.framework/Versions/A/ImageIO
0x0000000017317000 	/System/Library/PrivateFrameworks/Backup.framework/Versions/A/Backup
0x0000000017317000 	/usr/lib/libarchive.2.dylib
0x0000000017317000 	/System/Library/Frameworks/CFNetwork.framework/Versions/A/CFNetwork
0x0000000017317000 	/System/Library/Frameworks/SystemConfiguration.framework/Versions/A/SystemConfiguration
0x0000000017317000 	/usr/lib/libCRFSuite.dylib
0x0000000017317000 	/usr/lib/libc++.1.dylib
0x0000000017317000 	/usr/lib/libc++abi.dylib
0x0000000017317000 	/usr/lib/system/libcache.dylib
0x0000000017317000 	/usr/lib/system/libcommonCrypto.dylib
0x0000000017317000 	/usr/lib/system/libcompiler_rt.dylib
0x0000000017317000 	/usr/lib/system/libcopyfile.dylib
0x0000000017317000 	/usr/lib/system/libcorecrypto.dylib
0x0000000017317000 	/usr/lib/system/libdispatch.dylib
0x0000000017317000 	/usr/lib/system/libdyld.dylib
0x0000000017317000 	/usr/lib/system/libkeymgr.dylib
0x0000000017317000 	/usr/lib/system/liblaunch.dylib
0x0000000017317000 	/usr/lib/system/libmacho.dylib
0x0000000017317000 	/usr/lib/system/libquarantine.dylib
0x0000000017317000 	/usr/lib/system/libremovefile.dylib
0x0000000017317000 	/usr/lib/system/libsystem_asl.dylib
0x0000000017317000 	/usr/lib/system/libsystem_blocks.dylib
0x0000000017317000 	/usr/lib/system/libsystem_c.dylib
0x0000000017317000 	/usr/lib/system/libsystem_configuration.dylib
0x0000000017317000 	/usr/lib/system/libsystem_coreservices.dylib
0x0000000017317000 	/usr/lib/system/libsystem_darwin.dylib
0x0000000017317000 	/usr/lib/system/libsystem_dnssd.dylib
0x0000000017317000 	/usr/lib/system/libsystem_info.dylib
0x0000000017317000 	/usr/lib/system/libsystem_m.dylib
0x0000000017317000 	/usr/lib/system/libsystem_malloc.dylib
0x0000000017317000 	/usr/lib/system/libsystem_network.dylib
0x0000000017317000 	/usr/lib/system/libsystem_networkextension.dylib
0x0000000017317000 	/usr/lib/system/libsystem_notify.dylib
0x0000000017317000 	/usr/lib/system/libsystem_sandbox.dylib
0x0000000017317000 	/usr/lib/system/libsystem_secinit.dylib
0x0000000017317000 	/usr/lib/system/libsystem_kernel.dylib
0x0000000017317000 	/usr/lib/system/libsystem_platform.dylib
0x0000000017317000 	/usr/lib/system/libsystem_pthread.dylib
0x0000000017317000 	/usr/lib/system/libsystem_symptoms.dylib
0x0000000017317000 	/usr/lib/system/libsystem_trace.dylib
0x0000000017317000 	/usr/lib/system/libunwind.dylib
0x0000000017317000 	/usr/lib/system/libxpc.dylib
0x0000000017317000 	/usr/lib/closure/libclosured.dylib
0x0000000017317000 	/usr/lib/libbsm.0.dylib
0x0000000017317000 	/usr/lib/system/libkxld.dylib
0x0000000017317000 	/usr/lib/libOpenScriptingUtil.dylib
0x0000000017317000 	/usr/lib/libcoretls.dylib
0x0000000017317000 	/usr/lib/libcoretls_cfhelpers.dylib
0x0000000017317000 	/usr/lib/libpam.2.dylib
0x0000000017317000 	/usr/lib/libsqlite3.dylib
0x0000000017317000 	/usr/lib/libxar.1.dylib
0x0000000017317000 	/usr/lib/libbz2.1.0.dylib
0x0000000017317000 	/usr/lib/liblzma.5.dylib
0x0000000017317000 	/usr/lib/libnetwork.dylib
0x0000000017317000 	/usr/lib/libapple_nghttp2.dylib
0x0000000017317000 	/usr/lib/libpcap.A.dylib
0x0000000017317000 	/usr/lib/libboringssl.dylib
0x0000000017317000 	/usr/lib/libusrtcp.dylib
0x0000000017317000 	/usr/lib/libapple_crypto.dylib
0x0000000017317000 	/System/Library/Frameworks/CoreServices.framework/Versions/A/Frameworks/FSEvents.framework/Versions/A/FSEvents
0x0000000017317000 	/System/Library/Frameworks/CoreServices.framework/Versions/A/Frameworks/CarbonCore.framework/Versions/A/CarbonCore
0x0000000017317000 	/System/Library/Frameworks/CoreServices.framework/Versions/A/Frameworks/Metadata.framework/Versions/A/Metadata
0x0000000017317000 	/System/Library/Frameworks/CoreServices.framework/Versions/A/Frameworks/OSServices.framework/Versions/A/OSServices
0x0000000017317000 	/System/Library/Frameworks/CoreServices.framework/Versions/A/Frameworks/SearchKit.framework/Versions/A/SearchKit
0x0000000017317000 	/System/Library/Frameworks/CoreServices.framework/Versions/A/Frameworks/AE.framework/Versions/A/AE
0x0000000017317000 	/System/Library/Frameworks/CoreServices.framework/Versions/A/Frameworks/LaunchServices.framework/Versions/A/LaunchServices
0x0000000017317000 	/System/Library/Frameworks/CoreServices.framework/Versions/A/Frameworks/DictionaryServices.framework/Versions/A/DictionaryServices
0x0000000017317000 	/System/Library/Frameworks/CoreServices.framework/Versions/A/Frameworks/SharedFileList.framework/Versions/A/SharedFileList
0x0000000017317000 	/System/Library/Frameworks/NetFS.framework/Versions/A/NetFS
0x0000000017317000 	/System/Library/PrivateFrameworks/NetAuth.framework/Versions/A/NetAuth
0x0000000017317000 	/System/Library/PrivateFrameworks/login.framework/Versions/A/Frameworks/loginsupport.framework/Versions/A/loginsupport
0x0000000017317000 	/System/Library/PrivateFrameworks/TCC.framework/Versions/A/TCC
0x0000000017317000 	/usr/lib/libmecabra.dylib
0x0000000017317000 	/System/Library/Frameworks/ApplicationServices.framework/Versions/A/Frameworks/ATS.framework/Versions/A/ATS
0x0000000017317000 	/System/Library/Frameworks/ApplicationServices.framework/Versions/A/Frameworks/ColorSyncLegacy.framework/Versions/A/ColorSyncLegacy
0x0000000017317000 	/System/Library/Frameworks/ApplicationServices.framework/Versions/A/Frameworks/HIServices.framework/Versions/A/HIServices
0x0000000017317000 	/System/Library/Frameworks/ApplicationServices.framework/Versions/A/Frameworks/LangAnalysis.framework/Versions/A/LangAnalysis
0x0000000017317000 	/System/Library/Frameworks/ApplicationServices.framework/Versions/A/Frameworks/PrintCore.framework/Versions/A/PrintCore
0x0000000017317000 	/System/Library/Frameworks/ApplicationServices.framework/Versions/A/Frameworks/QD.framework/Versions/A/QD
0x0000000017317000 	/System/Library/Frameworks/ApplicationServices.framework/Versions/A/Frameworks/SpeechSynthesis.framework/Versions/A/SpeechSynthesis
0x0000000017317000 	/System/Library/Frameworks/CoreDisplay.framework/Versions/A/CoreDisplay
0x0000000017317000 	/System/Library/Frameworks/Accelerate.framework/Versions/A/Frameworks/vImage.framework/Versions/A/vImage
0x0000000017317000 	/System/Library/Frameworks/Accelerate.framework/Versions/A/Frameworks/vecLib.framework/Versions/A/vecLib
0x0000000017317000 	/System/Library/Frameworks/Accelerate.framework/Versions/A/Frameworks/vecLib.framework/Versions/A/libvDSP.dylib
0x0000000017317000 	/System/Library/Frameworks/Accelerate.framework/Versions/A/Frameworks/vecLib.framework/Versions/A/libBNNS.dylib
0x0000000017317000 	/System/Library/Frameworks/Accelerate.framework/Versions/A/Frameworks/vecLib.framework/Versions/A/libQuadrature.dylib
0x0000000017317000 	/System/Library/Frameworks/Accelerate.framework/Versions/A/Frameworks/vecLib.framework/Versions/A/libvMisc.dylib
0x0000000017317000 	/System/Library/Frameworks/Accelerate.framework/Versions/A/Frameworks/vecLib.framework/Versions/A/libLAPACK.dylib
0x0000000017317000 	/System/Library/Frameworks/Accelerate.framework/Versions/A/Frameworks/vecLib.framework/Versions/A/libBLAS.dylib
0x0000000017317000 	/System/Library/Frameworks/Accelerate.framework/Versions/A/Frameworks/vecLib.framework/Versions/A/libLinearAlgebra.dylib
0x0000000017317000 	/System/Library/Frameworks/Accelerate.framework/Versions/A/Frameworks/vecLib.framework/Versions/A/libSparse.dylib
0x0000000017317000 	/System/Library/Frameworks/Accelerate.framework/Versions/A/Frameworks/vecLib.framework/Versions/A/libSparseBLAS.dylib
0x0000000017317000 	/System/Library/PrivateFrameworks/GPUWrangler.framework/Versions/A/GPUWrangler
0x0000000017317000 	/System/Library/PrivateFrameworks/IOAccelerator.framework/Versions/A/IOAccelerator
0x0000000017317000 	/System/Library/PrivateFrameworks/IOPresentment.framework/Versions/A/IOPresentment
0x0000000017317000 	/System/Library/PrivateFrameworks/DSExternalDisplay.framework/Versions/A/DSExternalDisplay
0x0000000017317000 	/System/Library/Frameworks/OpenGL.framework/Versions/A/Libraries/libCoreFSCache.dylib
0x0000000017317000 	/System/Library/Frameworks/CoreVideo.framework/Versions/A/CoreVideo
0x0000000017317000 	/System/Library/PrivateFrameworks/GraphVisualizer.framework/Versions/A/GraphVisualizer
0x0000000017317000 	/System/Library/Frameworks/MetalPerformanceShaders.framework/Versions/A/MetalPerformanceShaders
0x0000000017317000 	/usr/lib/libFosl_dynamic.dylib
0x0000000017317000 	/System/Library/PrivateFrameworks/FaceCore.framework/Versions/A/FaceCore
0x0000000017317000 	/System/Library/Frameworks/OpenCL.framework/Versions/A/OpenCL
0x0000000017317000 	/usr/lib/libcompression.dylib
0x0000000017317000 	/System/Library/Frameworks/ApplicationServices.framework/Versions/A/Frameworks/ATS.framework/Versions/A/Resources/libFontParser.dylib
0x0000000017317000 	/System/Library/Frameworks/ApplicationServices.framework/Versions/A/Frameworks/ATS.framework/Versions/A/Resources/libFontRegistry.dylib
0x0000000017317000 	/System/Library/Frameworks/ImageIO.framework/Versions/A/Resources/libJPEG.dylib
0x0000000017317000 	/System/Library/Frameworks/ImageIO.framework/Versions/A/Resources/libTIFF.dylib
0x0000000017317000 	/System/Library/Frameworks/ImageIO.framework/Versions/A/Resources/libPng.dylib
0x0000000017317000 	/System/Library/Frameworks/ImageIO.framework/Versions/A/Resources/libGIF.dylib
0x0000000017317000 	/System/Library/Frameworks/ImageIO.framework/Versions/A/Resources/libJP2.dylib
0x0000000017317000 	/System/Library/Frameworks/ImageIO.framework/Versions/A/Resources/libRadiance.dylib
0x0000000017317000 	/System/Library/PrivateFrameworks/AppleJPEG.framework/Versions/A/AppleJPEG
0x0000000017317000 	/System/Library/Frameworks/MetalPerformanceShaders.framework/Frameworks/MPSCore.framework/Versions/A/MPSCore
0x0000000017317000 	/System/Library/Frameworks/MetalPerformanceShaders.framework/Frameworks/MPSImage.framework/Versions/A/MPSImage
0x0000000017317000 	/System/Library/Frameworks/MetalPerformanceShaders.framework/Frameworks/MPSNeuralNetwork.framework/Versions/A/MPSNeuralNetwork
0x0000000017317000 	/System/Library/Frameworks/MetalPerformanceShaders.framework/Frameworks/MPSMatrix.framework/Versions/A/MPSMatrix
0x0000000017317000 	/System/Library/PrivateFrameworks/MetalTools.framework/Versions/A/MetalTools
0x0000000017317000 	/System/Library/Frameworks/OpenGL.framework/Versions/A/Libraries/libGLU.dylib
0x0000000017317000 	/System/Library/Frameworks/OpenGL.framework/Versions/A/Libraries/libGFXShared.dylib
0x0000000017317000 	/System/Library/Frameworks/OpenGL.framework/Versions/A/Libraries/libGL.dylib
0x0000000017317000 	/System/Library/Frameworks/OpenGL.framework/Versions/A/Libraries/libGLImage.dylib
0x0000000017317000 	/System/Library/Frameworks/OpenGL.framework/Versions/A/Libraries/libCVMSPluginSupport.dylib
0x0000000017317000 	/System/Library/Frameworks/OpenGL.framework/Versions/A/Libraries/libCoreVMClient.dylib
0x0000000017317000 	/usr/lib/libcups.2.dylib
0x0000000017317000 	/System/Library/Frameworks/Kerberos.framework/Versions/A/Kerberos
0x0000000017317000 	/System/Library/Frameworks/GSS.framework/Versions/A/GSS
0x0000000017317000 	/usr/lib/libresolv.9.dylib
0x0000000017317000 	/usr/lib/libiconv.2.dylib
0x0000000017317000 	/System/Library/PrivateFrameworks/Heimdal.framework/Versions/A/Heimdal
0x0000000017317000 	/usr/lib/libheimdal-asn1.dylib
0x0000000017317000 	/System/Library/Frameworks/OpenDirectory.framework/Versions/A/OpenDirectory
0x0000000017317000 	/System/Library/PrivateFrameworks/CommonAuth.framework/Versions/A/CommonAuth
0x0000000017317000 	/System/Library/Frameworks/OpenDirectory.framework/Versions/A/Frameworks/CFOpenDirectory.framework/Versions/A/CFOpenDirectory
0x0000000017317000 	/System/Library/Frameworks/SecurityFoundation.framework/Versions/A/SecurityFoundation
0x0000000017317000 	/System/Library/PrivateFrameworks/APFS.framework/Versions/A/APFS
0x0000000017317000 	/usr/lib/libutil.dylib
0x0000000017317000 	/System/Library/PrivateFrameworks/AppleSauce.framework/Versions/A/AppleSauce
0x0000000017317000 	/System/Library/PrivateFrameworks/LinguisticData.framework/Versions/A/LinguisticData
0x0000000017317000 	/usr/lib/libmarisa.dylib
0x0000000017317000 	/System/Library/PrivateFrameworks/Lexicon.framework/Versions/A/Lexicon
0x0000000017317000 	/usr/lib/libChineseTokenizer.dylib
0x0000000017317000 	/usr/lib/libcmph.dylib
0x0000000017317000 	/System/Library/PrivateFrameworks/LanguageModeling.framework/Versions/A/LanguageModeling
0x0000000017317000 	/System/Library/PrivateFrameworks/CoreEmoji.framework/Versions/A/CoreEmoji
0x0000000017317000 	/System/Library/Frameworks/ServiceManagement.framework/Versions/A/ServiceManagement
0x0000000017317000 	/System/Library/PrivateFrameworks/BackgroundTaskManagement.framework/Versions/A/BackgroundTaskManagement
0x0000000017317000 	/usr/lib/libxslt.1.dylib
0x0000000017317000 	/System/Library/Frameworks/Carbon.framework/Versions/A/Frameworks/Ink.framework/Versions/A/Ink
0x0000000017317000 	/System/Library/PrivateFrameworks/TextureIO.framework/Versions/A/TextureIO
0x0000000017317000 	/usr/lib/libate.dylib
0x0000000017317000 	/System/Library/PrivateFrameworks/CrashReporterSupport.framework/Versions/A/CrashReporterSupport
0x0000000017317000 	/System/Library/PrivateFrameworks/Sharing.framework/Versions/A/Sharing
0x0000000017317000 	/System/Library/PrivateFrameworks/IconServices.framework/Versions/A/IconServices
0x0000000017317000 	/System/Library/PrivateFrameworks/AuthKit.framework/Versions/A/AuthKit
0x0000000017317000 	/System/Library/PrivateFrameworks/Apple80211.framework/Versions/A/Apple80211
0x0000000017317000 	/System/Library/PrivateFrameworks/CoreUtils.framework/Versions/A/CoreUtils
0x0000000017317000 	/System/Library/Frameworks/CoreWLAN.framework/Versions/A/CoreWLAN
0x0000000017317000 	/System/Library/Frameworks/IOBluetooth.framework/Versions/A/IOBluetooth
0x0000000017317000 	/System/Library/PrivateFrameworks/ProtocolBuffer.framework/Versions/A/ProtocolBuffer
0x0000000017317000 	/System/Library/PrivateFrameworks/MobileKeyBag.framework/Versions/A/MobileKeyBag
0x0000000017317000 	/System/Library/PrivateFrameworks/CorePhoneNumbers.framework/Versions/A/CorePhoneNumbers
0x0000000017317000 	/System/Library/PrivateFrameworks/AppleIDAuthSupport.framework/Versions/A/AppleIDAuthSupport
0x0000000017317000 	/System/Library/PrivateFrameworks/KeychainCircle.framework/Versions/A/KeychainCircle
0x0000000017317000 	/System/Library/PrivateFrameworks/CoreWiFi.framework/Versions/A/CoreWiFi
0x0000000017317000 	/System/Library/Frameworks/CoreBluetooth.framework/Versions/A/CoreBluetooth
0x0000000017317000 	/System/Library/PrivateFrameworks/DebugSymbols.framework/Versions/A/DebugSymbols
0x0000000017317000 	/System/Library/PrivateFrameworks/CoreSymbolication.framework/Versions/A/CoreSymbolication
0x0000000017317000 	/System/Library/PrivateFrameworks/Symbolication.framework/Versions/A/Symbolication
0x0000000017317000 	/System/Library/PrivateFrameworks/AppleFSCompression.framework/Versions/A/AppleFSCompression
0x0000000017317000 	/System/Library/PrivateFrameworks/SpeechRecognitionCore.framework/Versions/A/SpeechRecognitionCore
0x000000010c000000 	/Library/Java/JavaVirtualMachines/jdk1.8.0_131.jdk/Contents/Home/jre/lib/server/libjvm.dylib
0x0000000017317000 	/usr/lib/libstdc++.6.0.9.dylib
0x000000010af6b000 	/Library/Java/JavaVirtualMachines/jdk1.8.0_131.jdk/Contents/Home/jre/lib/libverify.dylib
0x000000010af79000 	/Library/Java/JavaVirtualMachines/jdk1.8.0_131.jdk/Contents/Home/jre/lib/libjava.dylib
0x000000010cfa3000 	/Library/Java/JavaVirtualMachines/jdk1.8.0_131.jdk/Contents/Home/jre/lib/libzip.dylib
0x0000000017317000 	/System/Library/Frameworks/JavaVM.framework/Versions/A/Frameworks/JavaRuntimeSupport.framework/Versions/A/JavaRuntimeSupport
0x0000000017317000 	/System/Library/Frameworks/JavaVM.framework/Versions/A/Frameworks/JavaNativeFoundation.framework/Versions/A/JavaNativeFoundation
0x0000000017317000 	/System/Library/Frameworks/JavaVM.framework/Versions/A/JavaVM
0x0000000017317000 	/System/Library/Frameworks/Carbon.framework/Versions/A/Carbon
0x0000000017317000 	/System/Library/PrivateFrameworks/JavaLaunching.framework/Versions/A/JavaLaunching
0x0000000017317000 	/System/Library/Frameworks/Carbon.framework/Versions/A/Frameworks/CommonPanels.framework/Versions/A/CommonPanels
0x0000000017317000 	/System/Library/Frameworks/Carbon.framework/Versions/A/Frameworks/Help.framework/Versions/A/Help
0x0000000017317000 	/System/Library/Frameworks/Carbon.framework/Versions/A/Frameworks/ImageCapture.framework/Versions/A/ImageCapture
0x0000000017317000 	/System/Library/Frameworks/Carbon.framework/Versions/A/Frameworks/OpenScripting.framework/Versions/A/OpenScripting
0x0000000017317000 	/System/Library/Frameworks/Carbon.framework/Versions/A/Frameworks/Print.framework/Versions/A/Print
0x0000000017317000 	/System/Library/Frameworks/Carbon.framework/Versions/A/Frameworks/SecurityHI.framework/Versions/A/SecurityHI
0x000000011b8be000 	/Library/Java/JavaVirtualMachines/jdk1.8.0_131.jdk/Contents/Home/jre/lib/libnet.dylib
0x000000011b91d000 	/Library/Java/JavaVirtualMachines/jdk1.8.0_131.jdk/Contents/Home/jre/lib/libnio.dylib
0x000000011c27e000 	/Library/Java/JavaVirtualMachines/jdk1.8.0_131.jdk/Contents/Home/jre/lib/libmanagement.dylib
0x000000011c8c8000 	/private/var/folders/m1/sf07twbn7s1frc5cbwh2_vx40000gn/T/jna-942778377/jna9086210491433190345.tmp
0x000000011e237000 	/Library/Java/JavaVirtualMachines/jdk1.8.0_131.jdk/Contents/Home/jre/lib/libsunec.dylib
0x000000011e467000 	/private/var/folders/m1/sf07twbn7s1frc5cbwh2_vx40000gn/T/sqlite-3.8.6-x86_64-libsqlitejdbc.jnilib

VM Arguments:
jvm_args: -Xms1024m -Xmx1024m -XX:ReservedCodeCacheSize=128m -XX:MaxMetaspaceSize=256m 
java_command: /usr/local/Cellar/sbt/1.2.1/libexec/bin/sbt-launch.jar run
java_class_path (initial): /usr/local/Cellar/sbt/1.2.1/libexec/bin/sbt-launch.jar
Launcher Type: SUN_STANDARD

Environment Variables:
PATH=/Users/bingerso/.rvm/gems/ruby-2.4.0/bin:/Users/bingerso/.rvm/gems/ruby-2.4.0@global/bin:/Users/bingerso/.rvm/rubies/ruby-2.4.0/bin:/usr/local/bin:/usr/bin:/bin:/usr/sbin:/sbin:/Applications/VMware Fusion.app/Contents/Public:/usr/local/go/bin:/usr/local/share/dotnet:/opt/X11/bin:/usr/local/bin/jamf:/Library/Frameworks/Mono.framework/Versions/Current/Commands:/Applications/Xamarin Workbooks.app/Contents/SharedSupport/path-bin:/Users/bingerso/.rvm/bin
SHELL=/bin/zsh
DISPLAY=/private/tmp/com.apple.launchd.q9NsqzoWdg/org.macosforge.xquartz:0

Signal Handlers:
SIGSEGV: [libjvm.dylib+0x5b1eb1], sa_mask[0]=11111111011111110111111111111111, sa_flags=SA_ONSTACK|SA_RESTART|SA_SIGINFO
SIGBUS: [libjvm.dylib+0x5b1eb1], sa_mask[0]=11111111011111110111111111111111, sa_flags=SA_RESTART|SA_SIGINFO
SIGFPE: [libjvm.dylib+0x488988], sa_mask[0]=11111111011111110111111111111111, sa_flags=SA_RESTART|SA_SIGINFO
SIGPIPE: [libjvm.dylib+0x488988], sa_mask[0]=11111111011111110111111111111111, sa_flags=SA_RESTART|SA_SIGINFO
SIGXFSZ: [libjvm.dylib+0x488988], sa_mask[0]=11111111011111110111111111111111, sa_flags=SA_RESTART|SA_SIGINFO
SIGILL: [libjvm.dylib+0x488988], sa_mask[0]=11111111011111110111111111111111, sa_flags=SA_RESTART|SA_SIGINFO
SIGUSR1: SIG_DFL, sa_mask[0]=00000000000000000000000000000000, sa_flags=SA_RESTART
SIGUSR2: [libjvm.dylib+0x4884a6], sa_mask[0]=00000000000000000000000000000000, sa_flags=SA_RESTART|SA_SIGINFO
SIGHUP: [libjvm.dylib+0x486a7d], sa_mask[0]=11111111011111110111111111111111, sa_flags=SA_RESTART|SA_SIGINFO
SIGINT: [libjvm.dylib+0x486a7d], sa_mask[0]=11111111011111110111111111111111, sa_flags=SA_RESTART|SA_SIGINFO
SIGTERM: [libjvm.dylib+0x486a7d], sa_mask[0]=11111111011111110111111111111111, sa_flags=SA_RESTART|SA_SIGINFO
SIGQUIT: [libjvm.dylib+0x486a7d], sa_mask[0]=11111111011111110111111111111111, sa_flags=SA_RESTART|SA_SIGINFO


---------------  S Y S T E M  ---------------

OS:Bsduname:Darwin 17.7.0 Darwin Kernel Version 17.7.0: Thu Jun 21 22:53:14 PDT 2018; root:xnu-4570.71.2~1/RELEASE_X86_64 x86_64
rlimit: STACK 8192k, CORE 0k, NPROC 1418, NOFILE 10240, AS infinity
load average:4.20 4.12 3.91

CPU:total 8 (initial active 8) (4 cores per cpu, 2 threads per core) family 6 model 70 stepping 1, cmov, cx8, fxsr, mmx, sse, sse2, sse3, ssse3, sse4.1, sse4.2, popcnt, avx, avx2, aes, clmul, erms, lzcnt, ht, tsc, tscinvbit, bmi1, bmi2

Memory: 4k page, physical 16777216k(363356k free)

/proc/meminfo:


vm_info: Java HotSpot(TM) 64-Bit Server VM (25.131-b11) for bsd-amd64 JRE (1.8.0_131-b11), built on Mar 15 2017 01:32:22 by "java_re" with gcc 4.2.1 (Based on Apple Inc. build 5658) (LLVM build 2336.11.00)

time: Tue Sep 25 20:56:05 2018
elapsed time: 256 seconds (0d 0h 4m 16s)

